{
    "attributes": [
        {
            "assembly_type_counter": {
                "Clamped": 14, 
                "GroundContact": 2, 
                "ManualAssembly": 12, 
                "ScrewedWithGripper": 4
            }, 
            "beam_size_counter": {
                "100 x 100": 20, 
                "200 x 250": 4, 
                "261 x 300": 7, 
                "300 x 700": 1
            }, 
            "estimated_density_kg_per_m3": "500.0", 
            "estimated_total_weight_kg": 828.0, 
            "joint_type_counter_pairs": {
                "JointPolylineLap": 36
            }, 
            "total_beam_number": 32
        }
    ], 
    "beam_ids": [
        [
            "b1", 
            "b0", 
            "b2", 
            "b23", 
            "b25", 
            "b24", 
            "b3", 
            "b20", 
            "b22", 
            "b21", 
            "b4", 
            "b9", 
            "b5", 
            "b26", 
            "b27", 
            "b28", 
            "b6", 
            "b7", 
            "b30", 
            "b29", 
            "b31", 
            "b12", 
            "b13", 
            "b8", 
            "b10", 
            "b11", 
            "b14", 
            "b15", 
            "b16", 
            "b17", 
            "b18", 
            "b19"
        ]
    ], 
    "error": [
        {
            "b11": [
                "WARNING : JointPolylineLap (b11-b9) interior angle < 90degs, min = 72.274587", 
                "WARNING : JointPolylineLap (b11-b4) interior angle < 90degs, min = 70.000000"
            ], 
            "b18": [
                "WARNING : JointPolylineLap (b18-b7) interior angle < 90degs, min = 80.138635"
            ], 
            "b19": [
                "WARNING : JointPolylineLap (b19-b1) interior angle < 90degs, min = 70.000000", 
                "WARNING : JointPolylineLap (b19-b8) interior angle < 90degs, min = 70.000000"
            ], 
            "b5": [
                "WARNING : JointPolylineLap (b5-b0) interior angle < 90degs, min = 75.000000"
            ], 
            "b7": [
                "WARNING : JointPolylineLap (b7-b1) interior angle < 90degs, min = 76.505959"
            ], 
            "b8": [
                "WARNING : JointPolylineLap (b8-b7) interior angle < 90degs, min = 86.515336"
            ]
        }
    ], 
    "info": [
        {
            "b0": [
                "Size = 100 x 100, Length = 3522.0", 
                "Estimated Weight = 18.0kg", 
                "Assembly Method = GroundContact", 
                "Number of Joints (# to previous elements) = 3 (0)"
            ], 
            "b1": [
                "Size = 100 x 100, Length = 3522.0", 
                "Estimated Weight = 18.0kg", 
                "Assembly Method = GroundContact", 
                "Number of Joints (# to previous elements) = 3 (0)"
            ], 
            "b10": [
                "Size = 100 x 100, Length = 4255.0", 
                "Estimated Weight = 21.0kg", 
                "Assembly Method = Clamped", 
                "Number of Joints (# to previous elements) = 3 (2)"
            ], 
            "b11": [
                "Size = 100 x 100, Length = 3668.0", 
                "Estimated Weight = 18.0kg", 
                "Assembly Method = ScrewedWithGripper", 
                "Number of Joints (# to previous elements) = 3 (3)"
            ], 
            "b12": [
                "Size = 100 x 100, Length = 3701.0", 
                "Estimated Weight = 19.0kg", 
                "Assembly Method = Clamped", 
                "Number of Joints (# to previous elements) = 3 (2)"
            ], 
            "b13": [
                "Size = 100 x 100, Length = 3700.0", 
                "Estimated Weight = 19.0kg", 
                "Assembly Method = Clamped", 
                "Number of Joints (# to previous elements) = 3 (2)"
            ], 
            "b14": [
                "Size = 100 x 100, Length = 3747.0", 
                "Estimated Weight = 19.0kg", 
                "Assembly Method = Clamped", 
                "Number of Joints (# to previous elements) = 3 (2)"
            ], 
            "b15": [
                "Size = 100 x 100, Length = 3838.0", 
                "Estimated Weight = 19.0kg", 
                "Assembly Method = ScrewedWithGripper", 
                "Number of Joints (# to previous elements) = 3 (3)"
            ], 
            "b16": [
                "Size = 100 x 100, Length = 4579.0", 
                "Estimated Weight = 23.0kg", 
                "Assembly Method = Clamped", 
                "Number of Joints (# to previous elements) = 3 (2)"
            ], 
            "b17": [
                "Size = 100 x 100, Length = 3999.0", 
                "Estimated Weight = 20.0kg", 
                "Assembly Method = ScrewedWithGripper", 
                "Number of Joints (# to previous elements) = 3 (3)"
            ], 
            "b18": [
                "Size = 100 x 100, Length = 4339.0", 
                "Estimated Weight = 22.0kg", 
                "Assembly Method = Clamped", 
                "Number of Joints (# to previous elements) = 3 (2)"
            ], 
            "b19": [
                "Size = 100 x 100, Length = 3987.0", 
                "Estimated Weight = 20.0kg", 
                "Assembly Method = ScrewedWithGripper", 
                "Number of Joints (# to previous elements) = 3 (3)"
            ], 
            "b2": [
                "Size = 100 x 100, Length = 3751.0", 
                "Estimated Weight = 19.0kg", 
                "Assembly Method = Clamped", 
                "Number of Joints (# to previous elements) = 6 (1)"
            ], 
            "b20": [
                "Size = 261 x 300, Length = 501.0", 
                "Estimated Weight = 20.0kg", 
                "Assembly Method = ManualAssembly", 
                "Number of Joints (# to previous elements) = 0 (0)"
            ], 
            "b21": [
                "Size = 261 x 300, Length = 500.0", 
                "Estimated Weight = 20.0kg", 
                "Assembly Method = ManualAssembly", 
                "Number of Joints (# to previous elements) = 0 (0)"
            ], 
            "b22": [
                "Size = 200 x 250, Length = 1427.0", 
                "Estimated Weight = 36.0kg", 
                "Assembly Method = ManualAssembly", 
                "Number of Joints (# to previous elements) = 0 (0)"
            ], 
            "b23": [
                "Size = 261 x 300, Length = 501.0", 
                "Estimated Weight = 20.0kg", 
                "Assembly Method = ManualAssembly", 
                "Number of Joints (# to previous elements) = 0 (0)"
            ], 
            "b24": [
                "Size = 261 x 300, Length = 500.0", 
                "Estimated Weight = 20.0kg", 
                "Assembly Method = ManualAssembly", 
                "Number of Joints (# to previous elements) = 0 (0)"
            ], 
            "b25": [
                "Size = 200 x 250, Length = 1427.0", 
                "Estimated Weight = 36.0kg", 
                "Assembly Method = ManualAssembly", 
                "Number of Joints (# to previous elements) = 0 (0)"
            ], 
            "b26": [
                "Size = 261 x 300, Length = 500.0", 
                "Estimated Weight = 20.0kg", 
                "Assembly Method = ManualAssembly", 
                "Number of Joints (# to previous elements) = 0 (0)"
            ], 
            "b27": [
                "Size = 200 x 250, Length = 1801.0", 
                "Estimated Weight = 45.0kg", 
                "Assembly Method = ManualAssembly", 
                "Number of Joints (# to previous elements) = 0 (0)"
            ], 
            "b28": [
                "Size = 261 x 300, Length = 501.0", 
                "Estimated Weight = 20.0kg", 
                "Assembly Method = ManualAssembly", 
                "Number of Joints (# to previous elements) = 0 (0)"
            ], 
            "b29": [
                "Size = 200 x 250, Length = 1427.0", 
                "Estimated Weight = 36.0kg", 
                "Assembly Method = ManualAssembly", 
                "Number of Joints (# to previous elements) = 0 (0)"
            ], 
            "b3": [
                "Size = 100 x 100, Length = 3750.0", 
                "Estimated Weight = 19.0kg", 
                "Assembly Method = Clamped", 
                "Number of Joints (# to previous elements) = 6 (1)"
            ], 
            "b30": [
                "Size = 300 x 700, Length = 1307.0", 
                "Estimated Weight = 137.0kg", 
                "Assembly Method = ManualAssembly", 
                "Number of Joints (# to previous elements) = 0 (0)"
            ], 
            "b31": [
                "Size = 261 x 300, Length = 501.0", 
                "Estimated Weight = 20.0kg", 
                "Assembly Method = ManualAssembly", 
                "Number of Joints (# to previous elements) = 0 (0)"
            ], 
            "b4": [
                "Size = 100 x 100, Length = 3700.0", 
                "Estimated Weight = 19.0kg", 
                "Assembly Method = Clamped", 
                "Number of Joints (# to previous elements) = 3 (2)"
            ], 
            "b5": [
                "Size = 100 x 100, Length = 4581.0", 
                "Estimated Weight = 23.0kg", 
                "Assembly Method = Clamped", 
                "Number of Joints (# to previous elements) = 6 (1)"
            ], 
            "b6": [
                "Size = 100 x 100, Length = 4178.0", 
                "Estimated Weight = 21.0kg", 
                "Assembly Method = Clamped", 
                "Number of Joints (# to previous elements) = 3 (2)"
            ], 
            "b7": [
                "Size = 100 x 100, Length = 3884.0", 
                "Estimated Weight = 19.0kg", 
                "Assembly Method = Clamped", 
                "Number of Joints (# to previous elements) = 6 (1)"
            ], 
            "b8": [
                "Size = 100 x 100, Length = 4178.0", 
                "Estimated Weight = 21.0kg", 
                "Assembly Method = Clamped", 
                "Number of Joints (# to previous elements) = 3 (2)"
            ], 
            "b9": [
                "Size = 100 x 100, Length = 4255.0", 
                "Estimated Weight = 21.0kg", 
                "Assembly Method = Clamped", 
                "Number of Joints (# to previous elements) = 3 (2)"
            ]
        }
    ], 
    "warn": [
        {}
    ]
}