
Beam b0 assembly
|- Action 0 (LoadBeamAction): Operator load Beam ('b0') for pickup
|  |- <x> Movement 0 (OperatorLoadBeamMovement): Opeartor Load Beam (b0) to Pickup Location
|- Action 1 (PickGripperFromStorageAction): Pick PG1500 ('g3') from Storage
|  |- <0> Movement 0 (RoboticFreeMovement): Free Move reach Storage Approach Frame of PG1500 ('g3'), to get tool.
|  |- <0> Movement 1 (RoboticLinearMovement): Linear Advance to Storage Frame of PG1500 ('g3'), to get tool.
|  |- <x> Movement 2 (RoboticDigitalOutput): Toolchanger Lock PG1500 ('g3')
|  |- <x> Movement 3 (RoboticDigitalOutput): PG1500 ('g3') Open Gripper to release itself from storage pad.
|  |- <0> Movement 4 (RoboticLinearMovement): Linear Retract after getting PG1500 ('g3') from storage.
|- Action 2 (PickBeamWithGripperAction): Pick Beam ('b0') from PickupPoint using Gripper(g3)
|  |- <0> Movement 0 (RoboticFreeMovement): Free Move to reach Pickup Approach Frame of Beam ('b0')
|  |- <x> Movement 1 (RoboticDigitalOutput): Gripper ('g3') Open Gripper before gripping Beam ('b0')
|  |- <0> Movement 2 (RoboticLinearMovement): Linear Advance to Storage Frame of Beam ('b0')
|  |- <x> Movement 3 (RoboticDigitalOutput): Gripper ('g3') Close Gripper to grip Beam ('b0')
|  |- <0> Movement 4 (RoboticLinearMovement): Linear Retract after picking up Beam ('b0')
|- Action 3 (BeamPlacementWithoutClampsAction): Place Beam ('b0') to final location without clamps
|  |- <0> Movement 0 (RoboticFreeMovement): Free Move to bring Beam ('b0') to final location
|  |- <1> Movement 1 (RoboticLinearMovement): Linear Advance to Final Frame of Beam ('b0')
|  |- <x> Movement 2 (RoboticDigitalOutput): Open Gripper ('g3') and let go of Beam ('b0')
|  |- <0> Movement 3 (RoboticLinearMovement): Linear retract after placing Beam ('b0')
|- Action 4 (PlaceGripperToStorageAction): Place PG1500 ('g3') to Storage
|  |- <0> Movement 0 (RoboticFreeMovement): Free Move to reach Storage Approach Frame of PG1500 ('g3'), to place tool in storage.
|  |- <0> Movement 1 (RoboticLinearMovement): Linear Advance to Storage Frame of PG1500 ('g3'), to place tool in storage.
|  |- <x> Movement 2 (RoboticDigitalOutput): PG1500 ('g3') Close Gripper to lock onto storage pad.
|  |- <x> Movement 3 (RoboticDigitalOutput): Toolchanger Unlock PG1500 ('g3')
|  |- <0> Movement 4 (RoboticLinearMovement): Linear Retract from storage after placing PG1500 ('g3') in storage

Beam b1 assembly
|- Action 5 (LoadBeamAction): Operator load Beam ('b1') for pickup
|  |- <x> Movement 0 (OperatorLoadBeamMovement): Opeartor Load Beam (b1) to Pickup Location
|- Action 6 (PickGripperFromStorageAction): Pick PG1500 ('g3') from Storage
|  |- <0> Movement 0 (RoboticFreeMovement): Free Move reach Storage Approach Frame of PG1500 ('g3'), to get tool.
|  |- <0> Movement 1 (RoboticLinearMovement): Linear Advance to Storage Frame of PG1500 ('g3'), to get tool.
|  |- <x> Movement 2 (RoboticDigitalOutput): Toolchanger Lock PG1500 ('g3')
|  |- <x> Movement 3 (RoboticDigitalOutput): PG1500 ('g3') Open Gripper to release itself from storage pad.
|  |- <0> Movement 4 (RoboticLinearMovement): Linear Retract after getting PG1500 ('g3') from storage.
|- Action 7 (PickBeamWithGripperAction): Pick Beam ('b1') from PickupPoint using Gripper(g3)
|  |- <0> Movement 0 (RoboticFreeMovement): Free Move to reach Pickup Approach Frame of Beam ('b1')
|  |- <x> Movement 1 (RoboticDigitalOutput): Gripper ('g3') Open Gripper before gripping Beam ('b1')
|  |- <0> Movement 2 (RoboticLinearMovement): Linear Advance to Storage Frame of Beam ('b1')
|  |- <x> Movement 3 (RoboticDigitalOutput): Gripper ('g3') Close Gripper to grip Beam ('b1')
|  |- <0> Movement 4 (RoboticLinearMovement): Linear Retract after picking up Beam ('b1')
|- Action 8 (BeamPlacementWithoutClampsAction): Place Beam ('b1') to final location without clamps
|  |- <0> Movement 0 (RoboticFreeMovement): Free Move to bring Beam ('b1') to final location
|  |- <1> Movement 1 (RoboticLinearMovement): Linear Advance to Final Frame of Beam ('b1')
|  |- <x> Movement 2 (RoboticDigitalOutput): Open Gripper ('g3') and let go of Beam ('b1')
|  |- <0> Movement 3 (RoboticLinearMovement): Linear retract after placing Beam ('b1')
|- Action 9 (PlaceGripperToStorageAction): Place PG1500 ('g3') to Storage
|  |- <0> Movement 0 (RoboticFreeMovement): Free Move to reach Storage Approach Frame of PG1500 ('g3'), to place tool in storage.
|  |- <0> Movement 1 (RoboticLinearMovement): Linear Advance to Storage Frame of PG1500 ('g3'), to place tool in storage.
|  |- <x> Movement 2 (RoboticDigitalOutput): PG1500 ('g3') Close Gripper to lock onto storage pad.
|  |- <x> Movement 3 (RoboticDigitalOutput): Toolchanger Unlock PG1500 ('g3')
|  |- <0> Movement 4 (RoboticLinearMovement): Linear Retract from storage after placing PG1500 ('g3') in storage

Beam b2 assembly
|- Action 10 (PickClampFromStorageAction): Pick CL3 ('c1') from Storage
|  |- <0> Movement 0 (RoboticFreeMovement): Free Move reach Storage Approach Frame of CL3 ('c1'), to get clamp.
|  |- <0> Movement 1 (RoboticLinearMovement): Linear Advance to Storage Frame of CL3 ('c1'), to get tool.
|  |- <x> Movement 2 (RoboticDigitalOutput): Toolchanger Lock CL3 ('c1')
|  |- <x> Movement 3 (RoboticDigitalOutput): CL3 ('c1') Open Gripper to release itself from storage pad.
|  |- <0> Movement 4 (RoboticLinearMovement): Linear Retract 1 of 2 after getting CL3 ('c1') from storage.
|  |- <0> Movement 5 (RoboticLinearMovement): Linear Retract 2 of 2 after getting CL3 ('c1') from storage.
|- Action 11 (PlaceClampToStructureAction): Place CL3 ('c1') to Joint ('b1-b2')
|  |- <0> Movement 0 (RoboticFreeMovement): Free Move to bring CL3 ('c1') to structure.
|  |- <0> Movement 1 (RoboticLinearMovement): Linear Approach 1 of 2 to attach CL3 ('c1') to structure.
|  |- <0> Movement 2 (RoboticLinearMovement): Linear Approach 2 of 2 to attach CL3 ('c1') to structure.
|  |- <x> Movement 3 (RoboticDigitalOutput): CL3 ('c1') Close Gripper and attach to structure.
|  |- <x> Movement 4 (RoboticDigitalOutput): Toolchanger Unlock CL3 ('c1').
|  |- <0> Movement 5 (RoboticLinearMovement): Linear Retract after attaching CL3 ('c1') on structure
|- Action 12 (LoadBeamAction): Operator load Beam ('b2') for pickup
|  |- <x> Movement 0 (OperatorLoadBeamMovement): Opeartor Load Beam (b2) to Pickup Location
|- Action 13 (PickGripperFromStorageAction): Pick PG1500 ('g3') from Storage
|  |- <0> Movement 0 (RoboticFreeMovement): Free Move reach Storage Approach Frame of PG1500 ('g3'), to get tool.
|  |- <0> Movement 1 (RoboticLinearMovement): Linear Advance to Storage Frame of PG1500 ('g3'), to get tool.
|  |- <x> Movement 2 (RoboticDigitalOutput): Toolchanger Lock PG1500 ('g3')
|  |- <x> Movement 3 (RoboticDigitalOutput): PG1500 ('g3') Open Gripper to release itself from storage pad.
|  |- <0> Movement 4 (RoboticLinearMovement): Linear Retract after getting PG1500 ('g3') from storage.
|- Action 14 (PickBeamWithGripperAction): Pick Beam ('b2') from PickupPoint using Gripper(g3)
|  |- <0> Movement 0 (RoboticFreeMovement): Free Move to reach Pickup Approach Frame of Beam ('b2')
|  |- <x> Movement 1 (RoboticDigitalOutput): Gripper ('g3') Open Gripper before gripping Beam ('b2')
|  |- <0> Movement 2 (RoboticLinearMovement): Linear Advance to Storage Frame of Beam ('b2')
|  |- <x> Movement 3 (RoboticDigitalOutput): Gripper ('g3') Close Gripper to grip Beam ('b2')
|  |- <0> Movement 4 (RoboticLinearMovement): Linear Retract after picking up Beam ('b2')
|- Action 15 (BeamPlacementWithClampsAction): Place Beam ('b2') to Joint final location with clamps at ['b1-b2'] using Clamp ['c1']
|  |- <0> Movement 0 (RoboticFreeMovement): Free Move to bring Beam ('b2') to approach clamps on structure.
|  |- <0> Movement 1 (RoboticLinearMovement): Linear Advance to bring Beam ('b2') into clamp jaws
|  |- <x> Movement 2 (ClampsJawMovement): Clamps (['c1']) close slightly to touch Beam ('b2')
|  |- <1> Movement 3 (RoboticClampSyncLinearMovement): Robot and Clamps (['c1']) syncronously move to clamp Beam ('b2')
|- Action 16 (RetractGripperFromBeamAction): Retract Gripper ('g3') from Beam ('b2')
|  |- <x> Movement 0 (RoboticDigitalOutput): Open Gripper ('g3') and let go of Beam ('b2')
|  |- <0> Movement 1 (RoboticLinearMovement): Linear retract after placing Beam ('b2')
|- Action 17 (PlaceGripperToStorageAction): Place PG1500 ('g3') to Storage
|  |- <0> Movement 0 (RoboticFreeMovement): Free Move to reach Storage Approach Frame of PG1500 ('g3'), to place tool in storage.
|  |- <0> Movement 1 (RoboticLinearMovement): Linear Advance to Storage Frame of PG1500 ('g3'), to place tool in storage.
|  |- <x> Movement 2 (RoboticDigitalOutput): PG1500 ('g3') Close Gripper to lock onto storage pad.
|  |- <x> Movement 3 (RoboticDigitalOutput): Toolchanger Unlock PG1500 ('g3')
|  |- <0> Movement 4 (RoboticLinearMovement): Linear Retract from storage after placing PG1500 ('g3') in storage
|- Action 18 (PickClampFromStructureAction): Pick CL3 ('c1') from Joint ('b1-b2')
|  |- <0> Movement 0 (RoboticFreeMovement): Free Move to reach CL3 ('c1') to detach it from structure.
|  |- <0> Movement 1 (RoboticLinearMovement): Linear Advance to mate toolchanger of CL3 ('c1') to detach it from structure.
|  |- <x> Movement 2 (RoboticDigitalOutput): Toolchanger Lock CL3 ('c1')
|  |- <x> Movement 3 (ClampsJawMovement): CL3 ('c1') Open Clamp Jaws to be released.
|  |- <x> Movement 4 (RoboticDigitalOutput): CL3 ('c1') Open Gripper to be released from structure.
|  |- <0> Movement 5 (RoboticLinearMovement): Linear Retract 1 of 2 to storage after picking up CL3 ('c1') from structure.
|  |- <0> Movement 6 (RoboticLinearMovement): Linear Retract 2 of 2 to storage after picking up CL3 ('c1') from structure.
|- Action 19 (PlaceClampToStorageAction): Place CL3 ('c1') to Storage
|  |- <0> Movement 0 (RoboticFreeMovement): Free Move reach Storage Approach Frame of CL3 ('c1'), to place clamp in storage.
|  |- <0> Movement 1 (RoboticLinearMovement): Linear Approach 1 of 2 to place CL3 ('c1') in storage.
|  |- <0> Movement 2 (RoboticLinearMovement): Linear Approach 2 of 2 to place CL3 ('c1') in storage.
|  |- <x> Movement 3 (RoboticDigitalOutput): Close Gripper to lock CL3 ('c1') onto storage pad.
|  |- <x> Movement 4 (RoboticDigitalOutput): Toolchanger Unlock CL3 ('c1')
|  |- <0> Movement 5 (RoboticLinearMovement): Linear Retract from storage after placing CL3 ('c1') in storage

Beam b5 assembly
|- Action 20 (PickClampFromStorageAction): Pick CL3M ('c3') from Storage
|  |- <0> Movement 0 (RoboticFreeMovement): Free Move reach Storage Approach Frame of CL3M ('c3'), to get clamp.
|  |- <0> Movement 1 (RoboticLinearMovement): Linear Advance to Storage Frame of CL3M ('c3'), to get tool.
|  |- <x> Movement 2 (RoboticDigitalOutput): Toolchanger Lock CL3M ('c3')
|  |- <x> Movement 3 (RoboticDigitalOutput): CL3M ('c3') Open Gripper to release itself from storage pad.
|  |- <0> Movement 4 (RoboticLinearMovement): Linear Retract 1 of 2 after getting CL3M ('c3') from storage.
|  |- <0> Movement 5 (RoboticLinearMovement): Linear Retract 2 of 2 after getting CL3M ('c3') from storage.
|- Action 21 (PlaceClampToStructureAction): Place CL3M ('c3') to Joint ('b0-b5')
|  |- <0> Movement 0 (RoboticFreeMovement): Free Move to bring CL3M ('c3') to structure.
|  |- <0> Movement 1 (RoboticLinearMovement): Linear Approach 1 of 2 to attach CL3M ('c3') to structure.
|  |- <0> Movement 2 (RoboticLinearMovement): Linear Approach 2 of 2 to attach CL3M ('c3') to structure.
|  |- <x> Movement 3 (RoboticDigitalOutput): CL3M ('c3') Close Gripper and attach to structure.
|  |- <x> Movement 4 (RoboticDigitalOutput): Toolchanger Unlock CL3M ('c3').
|  |- <0> Movement 5 (RoboticLinearMovement): Linear Retract after attaching CL3M ('c3') on structure
|- Action 22 (LoadBeamAction): Operator load Beam ('b5') for pickup
|  |- <x> Movement 0 (OperatorLoadBeamMovement): Opeartor Load Beam (b5) to Pickup Location
|- Action 23 (PickGripperFromStorageAction): Pick PG1500 ('g3') from Storage
|  |- <0> Movement 0 (RoboticFreeMovement): Free Move reach Storage Approach Frame of PG1500 ('g3'), to get tool.
|  |- <0> Movement 1 (RoboticLinearMovement): Linear Advance to Storage Frame of PG1500 ('g3'), to get tool.
|  |- <x> Movement 2 (RoboticDigitalOutput): Toolchanger Lock PG1500 ('g3')
|  |- <x> Movement 3 (RoboticDigitalOutput): PG1500 ('g3') Open Gripper to release itself from storage pad.
|  |- <0> Movement 4 (RoboticLinearMovement): Linear Retract after getting PG1500 ('g3') from storage.
|- Action 24 (PickBeamWithGripperAction): Pick Beam ('b5') from PickupPoint using Gripper(g3)
|  |- <0> Movement 0 (RoboticFreeMovement): Free Move to reach Pickup Approach Frame of Beam ('b5')
|  |- <x> Movement 1 (RoboticDigitalOutput): Gripper ('g3') Open Gripper before gripping Beam ('b5')
|  |- <0> Movement 2 (RoboticLinearMovement): Linear Advance to Storage Frame of Beam ('b5')
|  |- <x> Movement 3 (RoboticDigitalOutput): Gripper ('g3') Close Gripper to grip Beam ('b5')
|  |- <0> Movement 4 (RoboticLinearMovement): Linear Retract after picking up Beam ('b5')
|- Action 25 (BeamPlacementWithClampsAction): Place Beam ('b5') to Joint final location with clamps at ['b0-b5'] using Clamp ['c3']
|  |- <0> Movement 0 (RoboticFreeMovement): Free Move to bring Beam ('b5') to approach clamps on structure.
|  |- <0> Movement 1 (RoboticLinearMovement): Linear Advance to bring Beam ('b5') into clamp jaws
|  |- <x> Movement 2 (ClampsJawMovement): Clamps (['c3']) close slightly to touch Beam ('b5')
|  |- <1> Movement 3 (RoboticClampSyncLinearMovement): Robot and Clamps (['c3']) syncronously move to clamp Beam ('b5')
|- Action 26 (RetractGripperFromBeamAction): Retract Gripper ('g3') from Beam ('b5')
|  |- <x> Movement 0 (RoboticDigitalOutput): Open Gripper ('g3') and let go of Beam ('b5')
|  |- <0> Movement 1 (RoboticLinearMovement): Linear retract after placing Beam ('b5')
|- Action 27 (PlaceGripperToStorageAction): Place PG1500 ('g3') to Storage
|  |- <0> Movement 0 (RoboticFreeMovement): Free Move to reach Storage Approach Frame of PG1500 ('g3'), to place tool in storage.
|  |- <0> Movement 1 (RoboticLinearMovement): Linear Advance to Storage Frame of PG1500 ('g3'), to place tool in storage.
|  |- <x> Movement 2 (RoboticDigitalOutput): PG1500 ('g3') Close Gripper to lock onto storage pad.
|  |- <x> Movement 3 (RoboticDigitalOutput): Toolchanger Unlock PG1500 ('g3')
|  |- <0> Movement 4 (RoboticLinearMovement): Linear Retract from storage after placing PG1500 ('g3') in storage
|- Action 28 (PickClampFromStructureAction): Pick CL3M ('c3') from Joint ('b0-b5')
|  |- <0> Movement 0 (RoboticFreeMovement): Free Move to reach CL3M ('c3') to detach it from structure.
|  |- <0> Movement 1 (RoboticLinearMovement): Linear Advance to mate toolchanger of CL3M ('c3') to detach it from structure.
|  |- <x> Movement 2 (RoboticDigitalOutput): Toolchanger Lock CL3M ('c3')
|  |- <x> Movement 3 (ClampsJawMovement): CL3M ('c3') Open Clamp Jaws to be released.
|  |- <x> Movement 4 (RoboticDigitalOutput): CL3M ('c3') Open Gripper to be released from structure.
|  |- <0> Movement 5 (RoboticLinearMovement): Linear Retract 1 of 2 to storage after picking up CL3M ('c3') from structure.
|  |- <0> Movement 6 (RoboticLinearMovement): Linear Retract 2 of 2 to storage after picking up CL3M ('c3') from structure.
|- Action 29 (PlaceClampToStorageAction): Place CL3M ('c3') to Storage
|  |- <0> Movement 0 (RoboticFreeMovement): Free Move reach Storage Approach Frame of CL3M ('c3'), to place clamp in storage.
|  |- <0> Movement 1 (RoboticLinearMovement): Linear Approach 1 of 2 to place CL3M ('c3') in storage.
|  |- <0> Movement 2 (RoboticLinearMovement): Linear Approach 2 of 2 to place CL3M ('c3') in storage.
|  |- <x> Movement 3 (RoboticDigitalOutput): Close Gripper to lock CL3M ('c3') onto storage pad.
|  |- <x> Movement 4 (RoboticDigitalOutput): Toolchanger Unlock CL3M ('c3')
|  |- <0> Movement 5 (RoboticLinearMovement): Linear Retract from storage after placing CL3M ('c3') in storage

Beam b6 assembly
|- Action 30 (PickClampFromStorageAction): Pick CL3M ('c3') from Storage
|  |- <0> Movement 0 (RoboticFreeMovement): Free Move reach Storage Approach Frame of CL3M ('c3'), to get clamp.
|  |- <0> Movement 1 (RoboticLinearMovement): Linear Advance to Storage Frame of CL3M ('c3'), to get tool.
|  |- <x> Movement 2 (RoboticDigitalOutput): Toolchanger Lock CL3M ('c3')
|  |- <x> Movement 3 (RoboticDigitalOutput): CL3M ('c3') Open Gripper to release itself from storage pad.
|  |- <0> Movement 4 (RoboticLinearMovement): Linear Retract 1 of 2 after getting CL3M ('c3') from storage.
|  |- <0> Movement 5 (RoboticLinearMovement): Linear Retract 2 of 2 after getting CL3M ('c3') from storage.
|- Action 31 (PlaceClampToStructureAction): Place CL3M ('c3') to Joint ('b1-b6')
|  |- <0> Movement 0 (RoboticFreeMovement): Free Move to bring CL3M ('c3') to structure.
|  |- <0> Movement 1 (RoboticLinearMovement): Linear Approach 1 of 2 to attach CL3M ('c3') to structure.
|  |- <0> Movement 2 (RoboticLinearMovement): Linear Approach 2 of 2 to attach CL3M ('c3') to structure.
|  |- <x> Movement 3 (RoboticDigitalOutput): CL3M ('c3') Close Gripper and attach to structure.
|  |- <x> Movement 4 (RoboticDigitalOutput): Toolchanger Unlock CL3M ('c3').
|  |- <0> Movement 5 (RoboticLinearMovement): Linear Retract after attaching CL3M ('c3') on structure
|- Action 32 (LoadBeamAction): Operator load Beam ('b6') for pickup
|  |- <x> Movement 0 (OperatorLoadBeamMovement): Opeartor Load Beam (b6) to Pickup Location
|- Action 33 (PickGripperFromStorageAction): Pick PG1500 ('g3') from Storage
|  |- <0> Movement 0 (RoboticFreeMovement): Free Move reach Storage Approach Frame of PG1500 ('g3'), to get tool.
|  |- <0> Movement 1 (RoboticLinearMovement): Linear Advance to Storage Frame of PG1500 ('g3'), to get tool.
|  |- <x> Movement 2 (RoboticDigitalOutput): Toolchanger Lock PG1500 ('g3')
|  |- <x> Movement 3 (RoboticDigitalOutput): PG1500 ('g3') Open Gripper to release itself from storage pad.
|  |- <0> Movement 4 (RoboticLinearMovement): Linear Retract after getting PG1500 ('g3') from storage.
|- Action 34 (PickBeamWithGripperAction): Pick Beam ('b6') from PickupPoint using Gripper(g3)
|  |- <0> Movement 0 (RoboticFreeMovement): Free Move to reach Pickup Approach Frame of Beam ('b6')
|  |- <x> Movement 1 (RoboticDigitalOutput): Gripper ('g3') Open Gripper before gripping Beam ('b6')
|  |- <0> Movement 2 (RoboticLinearMovement): Linear Advance to Storage Frame of Beam ('b6')
|  |- <x> Movement 3 (RoboticDigitalOutput): Gripper ('g3') Close Gripper to grip Beam ('b6')
|  |- <0> Movement 4 (RoboticLinearMovement): Linear Retract after picking up Beam ('b6')
|- Action 35 (BeamPlacementWithClampsAction): Place Beam ('b6') to Joint final location with clamps at ['b1-b6'] using Clamp ['c3']
|  |- <0> Movement 0 (RoboticFreeMovement): Free Move to bring Beam ('b6') to approach clamps on structure.
|  |- <0> Movement 1 (RoboticLinearMovement): Linear Advance to bring Beam ('b6') into clamp jaws
|  |- <x> Movement 2 (ClampsJawMovement): Clamps (['c3']) close slightly to touch Beam ('b6')
|  |- <1> Movement 3 (RoboticClampSyncLinearMovement): Robot and Clamps (['c3']) syncronously move to clamp Beam ('b6')
|- Action 36 (RetractGripperFromBeamAction): Retract Gripper ('g3') from Beam ('b6')
|  |- <x> Movement 0 (RoboticDigitalOutput): Open Gripper ('g3') and let go of Beam ('b6')
|  |- <0> Movement 1 (RoboticLinearMovement): Linear retract after placing Beam ('b6')
|- Action 37 (PlaceGripperToStorageAction): Place PG1500 ('g3') to Storage
|  |- <0> Movement 0 (RoboticFreeMovement): Free Move to reach Storage Approach Frame of PG1500 ('g3'), to place tool in storage.
|  |- <0> Movement 1 (RoboticLinearMovement): Linear Advance to Storage Frame of PG1500 ('g3'), to place tool in storage.
|  |- <x> Movement 2 (RoboticDigitalOutput): PG1500 ('g3') Close Gripper to lock onto storage pad.
|  |- <x> Movement 3 (RoboticDigitalOutput): Toolchanger Unlock PG1500 ('g3')
|  |- <0> Movement 4 (RoboticLinearMovement): Linear Retract from storage after placing PG1500 ('g3') in storage
|- Action 38 (PickClampFromStructureAction): Pick CL3M ('c3') from Joint ('b1-b6')
|  |- <0> Movement 0 (RoboticFreeMovement): Free Move to reach CL3M ('c3') to detach it from structure.
|  |- <0> Movement 1 (RoboticLinearMovement): Linear Advance to mate toolchanger of CL3M ('c3') to detach it from structure.
|  |- <x> Movement 2 (RoboticDigitalOutput): Toolchanger Lock CL3M ('c3')
|  |- <x> Movement 3 (ClampsJawMovement): CL3M ('c3') Open Clamp Jaws to be released.
|  |- <x> Movement 4 (RoboticDigitalOutput): CL3M ('c3') Open Gripper to be released from structure.
|  |- <0> Movement 5 (RoboticLinearMovement): Linear Retract 1 of 2 to storage after picking up CL3M ('c3') from structure.
|  |- <0> Movement 6 (RoboticLinearMovement): Linear Retract 2 of 2 to storage after picking up CL3M ('c3') from structure.
|- Action 39 (PlaceClampToStorageAction): Place CL3M ('c3') to Storage
|  |- <0> Movement 0 (RoboticFreeMovement): Free Move reach Storage Approach Frame of CL3M ('c3'), to place clamp in storage.
|  |- <0> Movement 1 (RoboticLinearMovement): Linear Approach 1 of 2 to place CL3M ('c3') in storage.
|  |- <0> Movement 2 (RoboticLinearMovement): Linear Approach 2 of 2 to place CL3M ('c3') in storage.
|  |- <x> Movement 3 (RoboticDigitalOutput): Close Gripper to lock CL3M ('c3') onto storage pad.
|  |- <x> Movement 4 (RoboticDigitalOutput): Toolchanger Unlock CL3M ('c3')
|  |- <0> Movement 5 (RoboticLinearMovement): Linear Retract from storage after placing CL3M ('c3') in storage

Beam b3 assembly
|- Action 40 (PickClampFromStorageAction): Pick CL3 ('c1') from Storage
|  |- <0> Movement 0 (RoboticFreeMovement): Free Move reach Storage Approach Frame of CL3 ('c1'), to get clamp.
|  |- <0> Movement 1 (RoboticLinearMovement): Linear Advance to Storage Frame of CL3 ('c1'), to get tool.
|  |- <x> Movement 2 (RoboticDigitalOutput): Toolchanger Lock CL3 ('c1')
|  |- <x> Movement 3 (RoboticDigitalOutput): CL3 ('c1') Open Gripper to release itself from storage pad.
|  |- <0> Movement 4 (RoboticLinearMovement): Linear Retract 1 of 2 after getting CL3 ('c1') from storage.
|  |- <0> Movement 5 (RoboticLinearMovement): Linear Retract 2 of 2 after getting CL3 ('c1') from storage.
|- Action 41 (PlaceClampToStructureAction): Place CL3 ('c1') to Joint ('b0-b3')
|  |- <0> Movement 0 (RoboticFreeMovement): Free Move to bring CL3 ('c1') to structure.
|  |- <0> Movement 1 (RoboticLinearMovement): Linear Approach 1 of 2 to attach CL3 ('c1') to structure.
|  |- <0> Movement 2 (RoboticLinearMovement): Linear Approach 2 of 2 to attach CL3 ('c1') to structure.
|  |- <x> Movement 3 (RoboticDigitalOutput): CL3 ('c1') Close Gripper and attach to structure.
|  |- <x> Movement 4 (RoboticDigitalOutput): Toolchanger Unlock CL3 ('c1').
|  |- <0> Movement 5 (RoboticLinearMovement): Linear Retract after attaching CL3 ('c1') on structure
|- Action 42 (LoadBeamAction): Operator load Beam ('b3') for pickup
|  |- <x> Movement 0 (OperatorLoadBeamMovement): Opeartor Load Beam (b3) to Pickup Location
|- Action 43 (PickGripperFromStorageAction): Pick PG1500 ('g3') from Storage
|  |- <0> Movement 0 (RoboticFreeMovement): Free Move reach Storage Approach Frame of PG1500 ('g3'), to get tool.
|  |- <0> Movement 1 (RoboticLinearMovement): Linear Advance to Storage Frame of PG1500 ('g3'), to get tool.
|  |- <x> Movement 2 (RoboticDigitalOutput): Toolchanger Lock PG1500 ('g3')
|  |- <x> Movement 3 (RoboticDigitalOutput): PG1500 ('g3') Open Gripper to release itself from storage pad.
|  |- <0> Movement 4 (RoboticLinearMovement): Linear Retract after getting PG1500 ('g3') from storage.
|- Action 44 (PickBeamWithGripperAction): Pick Beam ('b3') from PickupPoint using Gripper(g3)
|  |- <0> Movement 0 (RoboticFreeMovement): Free Move to reach Pickup Approach Frame of Beam ('b3')
|  |- <x> Movement 1 (RoboticDigitalOutput): Gripper ('g3') Open Gripper before gripping Beam ('b3')
|  |- <0> Movement 2 (RoboticLinearMovement): Linear Advance to Storage Frame of Beam ('b3')
|  |- <x> Movement 3 (RoboticDigitalOutput): Gripper ('g3') Close Gripper to grip Beam ('b3')
|  |- <0> Movement 4 (RoboticLinearMovement): Linear Retract after picking up Beam ('b3')
|- Action 45 (BeamPlacementWithClampsAction): Place Beam ('b3') to Joint final location with clamps at ['b0-b3'] using Clamp ['c1']
|  |- <0> Movement 0 (RoboticFreeMovement): Free Move to bring Beam ('b3') to approach clamps on structure.
|  |- <0> Movement 1 (RoboticLinearMovement): Linear Advance to bring Beam ('b3') into clamp jaws
|  |- <x> Movement 2 (ClampsJawMovement): Clamps (['c1']) close slightly to touch Beam ('b3')
|  |- <1> Movement 3 (RoboticClampSyncLinearMovement): Robot and Clamps (['c1']) syncronously move to clamp Beam ('b3')
|- Action 46 (RetractGripperFromBeamAction): Retract Gripper ('g3') from Beam ('b3')
|  |- <x> Movement 0 (RoboticDigitalOutput): Open Gripper ('g3') and let go of Beam ('b3')
|  |- <0> Movement 1 (RoboticLinearMovement): Linear retract after placing Beam ('b3')
|- Action 47 (PlaceGripperToStorageAction): Place PG1500 ('g3') to Storage
|  |- <0> Movement 0 (RoboticFreeMovement): Free Move to reach Storage Approach Frame of PG1500 ('g3'), to place tool in storage.
|  |- <0> Movement 1 (RoboticLinearMovement): Linear Advance to Storage Frame of PG1500 ('g3'), to place tool in storage.
|  |- <x> Movement 2 (RoboticDigitalOutput): PG1500 ('g3') Close Gripper to lock onto storage pad.
|  |- <x> Movement 3 (RoboticDigitalOutput): Toolchanger Unlock PG1500 ('g3')
|  |- <0> Movement 4 (RoboticLinearMovement): Linear Retract from storage after placing PG1500 ('g3') in storage
|- Action 48 (PickClampFromStructureAction): Pick CL3 ('c1') from Joint ('b0-b3')
|  |- <0> Movement 0 (RoboticFreeMovement): Free Move to reach CL3 ('c1') to detach it from structure.
|  |- <0> Movement 1 (RoboticLinearMovement): Linear Advance to mate toolchanger of CL3 ('c1') to detach it from structure.
|  |- <x> Movement 2 (RoboticDigitalOutput): Toolchanger Lock CL3 ('c1')
|  |- <x> Movement 3 (ClampsJawMovement): CL3 ('c1') Open Clamp Jaws to be released.
|  |- <x> Movement 4 (RoboticDigitalOutput): CL3 ('c1') Open Gripper to be released from structure.
|  |- <0> Movement 5 (RoboticLinearMovement): Linear Retract 1 of 2 to storage after picking up CL3 ('c1') from structure.
|  |- <0> Movement 6 (RoboticLinearMovement): Linear Retract 2 of 2 to storage after picking up CL3 ('c1') from structure.
|- Action 49 (PlaceClampToStorageAction): Place CL3 ('c1') to Storage
|  |- <0> Movement 0 (RoboticFreeMovement): Free Move reach Storage Approach Frame of CL3 ('c1'), to place clamp in storage.
|  |- <0> Movement 1 (RoboticLinearMovement): Linear Approach 1 of 2 to place CL3 ('c1') in storage.
|  |- <0> Movement 2 (RoboticLinearMovement): Linear Approach 2 of 2 to place CL3 ('c1') in storage.
|  |- <x> Movement 3 (RoboticDigitalOutput): Close Gripper to lock CL3 ('c1') onto storage pad.
|  |- <x> Movement 4 (RoboticDigitalOutput): Toolchanger Unlock CL3 ('c1')
|  |- <0> Movement 5 (RoboticLinearMovement): Linear Retract from storage after placing CL3 ('c1') in storage

Beam b4 assembly
|- Action 50 (PickGripperFromStorageAction): Pick PG1000 ('g2') from Storage
|  |- <0> Movement 0 (RoboticFreeMovement): Free Move reach Storage Approach Frame of PG1000 ('g2'), to get tool.
|  |- <0> Movement 1 (RoboticLinearMovement): Linear Advance to Storage Frame of PG1000 ('g2'), to get tool.
|  |- <x> Movement 2 (RoboticDigitalOutput): Toolchanger Lock PG1000 ('g2')
|  |- <x> Movement 3 (RoboticDigitalOutput): PG1000 ('g2') Open Gripper to release itself from storage pad.
|  |- <0> Movement 4 (RoboticLinearMovement): Linear Retract after getting PG1000 ('g2') from storage.
|- Action 51 (GenericGripperApproachBeamPickupAction): Gripper (g2) approaching pickup of Beam ('b4')
|  |- <0> Movement 0 (RoboticFreeMovement): Free Move to reach Pickup Approach Frame of Beam ('b4')
|  |- <x> Movement 1 (RoboticDigitalOutput): Gripper ('g2') Open Gripper before gripping Beam ('b4')
|  |- <0> Movement 2 (RoboticLinearMovement): Linear Advance to Storage Frame of Beam ('b4')
|- Action 52 (LoadBeamAction): Operator load Beam ('b4') for pickup
|  |- <x> Movement 0 (OperatorLoadBeamMovement): Opeartor Load Beam (b4) to Pickup Location
|- Action 53 (CloseGripperOnBeamAction): Gripper (g2) close gripper on Beam ('b4')
|  |- <x> Movement 0 (RoboticDigitalOutput): Gripper ('g2') Close Gripper to grip Beam ('b4')
|- Action 54 (PickAndRotateBeamForAttachingScrewdriverAction): Reorient Beam ('b4') using Gripper (g2)
|  |- <0> Movement 0 (RoboticLinearMovement): Linear Move to lift up Beam ('b4')
|  |- <0> Movement 1 (RoboticFreeMovement): Free Move to reorient Beam ('b4')
|- Action 55 (OperatorAttachScrewdriverAction): Operator attach SL1 ('s1') to Joint (b2-b4) of Beam (b4).
|  |- <x> Movement 0 (OperatorAttachToolMovement): Opeartor Attach SL1 ('s1') to Joint (b2-b4) of Beam (b4).
|- Action 56 (OperatorAttachScrewdriverAction): Operator attach SL1 ('s2') to Joint (b3-b4) of Beam (b4).
|  |- <x> Movement 0 (OperatorAttachToolMovement): Opeartor Attach SL1 ('s2') to Joint (b3-b4) of Beam (b4).
|- Action 57 (AssembleBeamWithScrewdriversAction): Place Beam ('b4') to Joint final location with clamps at ['b2-b4', 'b3-b4'] using Clamp ['s1', 's2']
|  |- <0> Movement 0 (RoboticFreeMovement): Free Move to bring Beam ('b4') to assemble_approach position on structure.
|  |- <0> Movement 1 (RoboticLinearMovement): Linear Advance to bring Screwdriver tips to touch the predrilled hole.
|  |- <1> Movement 2 (RobotScrewdriverSyncLinearMovement): Robot and Screwdrivers (['s1', 's2']) syncronously move to screw Beam ('b4')
|- Action 58 (RetractGripperFromBeamAction): Retract Gripper ('g2') from Beam ('b4')
|  |- <x> Movement 0 (RoboticDigitalOutput): Open Gripper ('g2') and let go of Beam ('b4')
|  |- <0> Movement 1 (RoboticLinearMovement): Linear retract after placing Beam ('b4')
|- Action 59 (PlaceGripperToStorageAction): Place PG1000 ('g2') to Storage
|  |- <0> Movement 0 (RoboticFreeMovement): Free Move to reach Storage Approach Frame of PG1000 ('g2'), to place tool in storage.
|  |- <0> Movement 1 (RoboticLinearMovement): Linear Advance to Storage Frame of PG1000 ('g2'), to place tool in storage.
|  |- <x> Movement 2 (RoboticDigitalOutput): PG1000 ('g2') Close Gripper to lock onto storage pad.
|  |- <x> Movement 3 (RoboticDigitalOutput): Toolchanger Unlock PG1000 ('g2')
|  |- <0> Movement 4 (RoboticLinearMovement): Linear Retract from storage after placing PG1000 ('g2') in storage
|- Action 60 (DockWithScrewdriverAction): Dock visually with Screwdriver SL1 ('s2') on Beam ('b4') in screwdriver_assembled_attached
|  |- <0> Movement 0 (RoboticFreeMovement): Free Move to reach SL1 ('s2') on Beam ('b4') 
|  |- <0> Movement 1 (AcquireDockingOffset): Visually acquire offset to Toolchanger of SL1 ('s2') and move to alignment.
|  |- <0> Movement 2 (RoboticLinearMovement): Linear Advance to dock toolchanger of SL1 ('s2').
|  |- <x> Movement 3 (RoboticDigitalOutput): Toolchanger Lock SL1 ('s2')
|- Action 61 (RetractScrewdriverFromBeamAction): Detach and Retract Screwdriver ('s2') from Beam ('b4')
|  |- <x> Movement 0 (RoboticDigitalOutput): Detach Screwdriver ('s2') from Beam ('b4')
|  |- <1> Movement 1 (RobotScrewdriverSyncLinearMovement): Robot and Screwdriver (s2) syncronously move to retract from Beam ('b4')
|  |- <0> Movement 2 (RoboticLinearMovement): Linear retract after placing Beam ('b4')
|  |- <0> Movement 3 (CancelRobotOffset): Cancel Docking Offset
|- Action 62 (PlaceScrewdriverToStorageAction): Place SL1 ('s2') to Storage
|  |- <0> Movement 0 (RoboticFreeMovement): Free Move to reach Storage Approach Frame of SL1 ('s2'), to place tool in storage.
|  |- <0> Movement 1 (RoboticLinearMovement): Linear Advance 1 to approach Storage Frame of SL1 ('s2'), to place tool in storage.
|  |- <0> Movement 2 (RoboticLinearMovement): Linear Advance 2 to Storage Frame of SL1 ('s2'), to place tool in storage.
|  |- <x> Movement 3 (RoboticDigitalOutput): Toolchanger Unlock SL1 ('s2')
|  |- <0> Movement 4 (RoboticLinearMovement): Linear Retract after placing SL1 ('s2') in storage
|- Action 63 (DockWithScrewdriverAction): Dock visually with Screwdriver SL1 ('s1') on Beam ('b4') in screwdriver_assembled_attached
|  |- <0> Movement 0 (RoboticFreeMovement): Free Move to reach SL1 ('s1') on Beam ('b4') 
|  |- <0> Movement 1 (AcquireDockingOffset): Visually acquire offset to Toolchanger of SL1 ('s1') and move to alignment.
|  |- <0> Movement 2 (RoboticLinearMovement): Linear Advance to dock toolchanger of SL1 ('s1').
|  |- <x> Movement 3 (RoboticDigitalOutput): Toolchanger Lock SL1 ('s1')
|- Action 64 (RetractScrewdriverFromBeamAction): Detach and Retract Screwdriver ('s1') from Beam ('b4')
|  |- <x> Movement 0 (RoboticDigitalOutput): Detach Screwdriver ('s1') from Beam ('b4')
|  |- <1> Movement 1 (RobotScrewdriverSyncLinearMovement): Robot and Screwdriver (s1) syncronously move to retract from Beam ('b4')
|  |- <0> Movement 2 (RoboticLinearMovement): Linear retract after placing Beam ('b4')
|  |- <0> Movement 3 (CancelRobotOffset): Cancel Docking Offset
|- Action 65 (PlaceScrewdriverToStorageAction): Place SL1 ('s1') to Storage
|  |- <0> Movement 0 (RoboticFreeMovement): Free Move to reach Storage Approach Frame of SL1 ('s1'), to place tool in storage.
|  |- <0> Movement 1 (RoboticLinearMovement): Linear Advance 1 to approach Storage Frame of SL1 ('s1'), to place tool in storage.
|  |- <0> Movement 2 (RoboticLinearMovement): Linear Advance 2 to Storage Frame of SL1 ('s1'), to place tool in storage.
|  |- <x> Movement 3 (RoboticDigitalOutput): Toolchanger Unlock SL1 ('s1')
|  |- <0> Movement 4 (RoboticLinearMovement): Linear Retract after placing SL1 ('s1') in storage

Beam b7 assembly
|- Action 66 (PickScrewdriverFromStorageAction): Pick SL1_G200 ('s4') from Storage
|  |- <0> Movement 0 (RoboticFreeMovement): Free Move for Toolchanger to approach Storage Frame of SL1_G200 ('s4'), to pick tool from storage.
|  |- <0> Movement 1 (RoboticLinearMovement): Toolchanger Advance to dock with SL1_G200 ('s4').
|  |- <x> Movement 2 (RoboticDigitalOutput): Toolchanger Lock SL1_G200 ('s4')
|  |- <0> Movement 3 (RoboticLinearMovement): Linear Retract 1 from Storage Frame of SL1_G200 ('s4'), after picking up tool.
|  |- <0> Movement 4 (RoboticLinearMovement): Linear Retract 1 from Storage Frame of SL1_G200 ('s4'), after picking up tool.
|- Action 67 (GenericGripperApproachBeamPickupAction): Gripper (s4) approaching pickup of Beam ('b7')
|  |- <0> Movement 0 (RoboticFreeMovement): Free Move to reach Pickup Approach Frame of Beam ('b7')
|  |- <x> Movement 1 (RoboticDigitalOutput): Gripper ('s4') Open Gripper before gripping Beam ('b7')
|  |- <0> Movement 2 (RoboticLinearMovement): Linear Advance to Storage Frame of Beam ('b7')
|- Action 68 (LoadBeamAction): Operator load Beam ('b7') for pickup
|  |- <x> Movement 0 (OperatorLoadBeamMovement): Opeartor Load Beam (b7) to Pickup Location
|- Action 69 (CloseGripperOnBeamAction): Gripper (s4) close gripper on Beam ('b7')
|  |- <x> Movement 0 (RoboticDigitalOutput): Gripper ('s4') Close Gripper to grip Beam ('b7')
|- Action 70 (PickAndRotateBeamForAttachingScrewdriverAction): Reorient Beam ('b7') using Gripper (s4)
|  |- <0> Movement 0 (RoboticLinearMovement): Linear Move to lift up Beam ('b7')
|  |- <0> Movement 1 (RoboticFreeMovement): Free Move to reorient Beam ('b7')
|- Action 71 (OperatorAttachScrewdriverAction): Operator attach SL1 ('s1') to Joint (b5-b7) of Beam (b7).
|  |- <x> Movement 0 (OperatorAttachToolMovement): Opeartor Attach SL1 ('s1') to Joint (b5-b7) of Beam (b7).
|- Action 72 (AssembleBeamWithScrewdriversAction): Place Beam ('b7') to Joint final location with clamps at ['b6-b7', 'b5-b7'] using Clamp ['s4', 's1']
|  |- <0> Movement 0 (RoboticFreeMovement): Free Move to bring Beam ('b7') to assemble_approach position on structure.
|  |- <0> Movement 1 (RoboticLinearMovement): Linear Advance to bring Screwdriver tips to touch the predrilled hole.
|  |- <1> Movement 2 (RobotScrewdriverSyncLinearMovement): Robot and Screwdrivers (['s4', 's1']) syncronously move to screw Beam ('b7')
|- Action 73 (RetractScrewdriverFromBeamAction): Detach and Retract Screwdriver ('s4') from Beam ('b7')
|  |- <x> Movement 0 (RoboticDigitalOutput): Detach Screwdriver ('s4') from Beam ('b7')
|  |- <1> Movement 1 (RobotScrewdriverSyncLinearMovement): Robot and Screwdriver (s4) syncronously move to retract from Beam ('b7')
|  |- <0> Movement 2 (RoboticLinearMovement): Linear retract after placing Beam ('b7')
|  |- <0> Movement 3 (CancelRobotOffset): Cancel Docking Offset
|- Action 74 (PlaceScrewdriverToStorageAction): Place SL1_G200 ('s4') to Storage
|  |- <0> Movement 0 (RoboticFreeMovement): Free Move to reach Storage Approach Frame of SL1_G200 ('s4'), to place tool in storage.
|  |- <0> Movement 1 (RoboticLinearMovement): Linear Advance 1 to approach Storage Frame of SL1_G200 ('s4'), to place tool in storage.
|  |- <0> Movement 2 (RoboticLinearMovement): Linear Advance 2 to Storage Frame of SL1_G200 ('s4'), to place tool in storage.
|  |- <x> Movement 3 (RoboticDigitalOutput): Toolchanger Unlock SL1_G200 ('s4')
|  |- <0> Movement 4 (RoboticLinearMovement): Linear Retract after placing SL1_G200 ('s4') in storage
|- Action 75 (DockWithScrewdriverAction): Dock visually with Screwdriver SL1 ('s1') on Beam ('b7') in screwdriver_assembled_attached
|  |- <0> Movement 0 (RoboticFreeMovement): Free Move to reach SL1 ('s1') on Beam ('b7') 
|  |- <0> Movement 1 (AcquireDockingOffset): Visually acquire offset to Toolchanger of SL1 ('s1') and move to alignment.
|  |- <0> Movement 2 (RoboticLinearMovement): Linear Advance to dock toolchanger of SL1 ('s1').
|  |- <x> Movement 3 (RoboticDigitalOutput): Toolchanger Lock SL1 ('s1')
|- Action 76 (RetractScrewdriverFromBeamAction): Detach and Retract Screwdriver ('s1') from Beam ('b7')
|  |- <x> Movement 0 (RoboticDigitalOutput): Detach Screwdriver ('s1') from Beam ('b7')
|  |- <1> Movement 1 (RobotScrewdriverSyncLinearMovement): Robot and Screwdriver (s1) syncronously move to retract from Beam ('b7')
|  |- <0> Movement 2 (RoboticLinearMovement): Linear retract after placing Beam ('b7')
|  |- <0> Movement 3 (CancelRobotOffset): Cancel Docking Offset
|- Action 77 (PlaceScrewdriverToStorageAction): Place SL1 ('s1') to Storage
|  |- <0> Movement 0 (RoboticFreeMovement): Free Move to reach Storage Approach Frame of SL1 ('s1'), to place tool in storage.
|  |- <0> Movement 1 (RoboticLinearMovement): Linear Advance 1 to approach Storage Frame of SL1 ('s1'), to place tool in storage.
|  |- <0> Movement 2 (RoboticLinearMovement): Linear Advance 2 to Storage Frame of SL1 ('s1'), to place tool in storage.
|  |- <x> Movement 3 (RoboticDigitalOutput): Toolchanger Unlock SL1 ('s1')
|  |- <0> Movement 4 (RoboticLinearMovement): Linear Retract after placing SL1 ('s1') in storage
