2021-09-29 14:24:14,540 | INFO | planning.run.py started with args: Namespace(debug=False, design_dir='210419_AnticlasticShelter', diagnosis=False, load_external_movements=True, low_res=False, max_distance=0.0, movement_id=None, problem='shelter_process.json', problem_subdir='.', reinit_tool=True, seq_n=[25], smooth=False, solve_mode='nonlinear', solve_timeout=2400.0, step_sim=False, verbose=True, viewer=False, watch=False, write=True)
2021-09-29 14:24:27,869 | INFO | A plan NOT found using nonlinear planning at stage 3 for beam b25!
2021-09-29 14:34:42,046 | INFO | A plan NOT found using nonlinear planning at stage 4 for beam b25!
2021-09-29 14:52:44,221 | INFO | A plan NOT found using nonlinear planning at stage 4 for beam b25!
2021-09-29 14:58:58,729 | INFO | planning.run.py started with args: Namespace(debug=False, design_dir='210419_AnticlasticShelter', diagnosis=False, load_external_movements=True, low_res=False, max_distance=0.0, movement_id=None, problem='shelter_process.json', problem_subdir='.', reinit_tool=True, rrt_iterations=20, seq_n=[25], smooth=False, solve_mode='nonlinear', solve_timeout=2400.0, step_sim=False, verbose=True, viewer=False, watch=False, write=True)
2021-09-29 14:59:10,899 | INFO | A plan NOT found using nonlinear planning at stage 3 for beam b25!
2021-09-29 15:00:17,485 | INFO | A plan NOT found using nonlinear planning at stage 4 for beam b25!
2021-09-29 15:02:15,130 | INFO | A plan NOT found using nonlinear planning at stage 4 for beam b25!
2021-09-29 15:03:41,577 | INFO | A plan NOT found using nonlinear planning at stage 4 for beam b25!
2021-09-29 15:04:37,871 | INFO | A plan NOT found using nonlinear planning at stage 4 for beam b25!
2021-09-29 15:12:14,036 | INFO | planning.run.py started with args: Namespace(debug=False, design_dir='210419_AnticlasticShelter', diagnosis=False, load_external_movements=True, low_res=False, max_distance=0.0, movement_id=None, problem='shelter_process.json', problem_subdir='.', reinit_tool=True, rrt_iterations=400, seq_n=[25], smooth=False, solve_mode='nonlinear', solve_timeout=2400.0, step_sim=False, verbose=True, viewer=False, watch=False, write=True)
2021-09-29 15:14:15,911 | INFO | planning.run.py started with args: Namespace(debug=False, design_dir='210419_AnticlasticShelter', diagnosis=False, load_external_movements=True, low_res=False, max_distance=0.0, movement_id=None, problem='shelter_process.json', problem_subdir='.', reachable_range=None, reinit_tool=True, rrt_iterations=400, seq_n=[25], smooth=False, solve_mode='nonlinear', solve_timeout=2400.0, step_sim=False, verbose=True, viewer=False, watch=False, write=True)
2021-09-29 15:16:11,371 | INFO | planning.run.py started with args: Namespace(debug=False, design_dir='210419_AnticlasticShelter', diagnosis=False, load_external_movements=True, low_res=False, max_distance=0.0, movement_id=None, problem='shelter_process.json', problem_subdir='.', reachable_range=[0.2, 2.4], reinit_tool=True, rrt_iterations=1000, seq_n=[25], smooth=False, solve_mode='nonlinear', solve_timeout=2400.0, step_sim=False, verbose=True, viewer=False, watch=False, write=True)
2021-09-29 15:43:09,297 | INFO | A plan NOT found using nonlinear planning at stage 4 for beam b25!
2021-09-29 16:05:43,210 | INFO | A plan NOT found using nonlinear planning at stage 4 for beam b25!
2021-09-29 16:16:05,900 | INFO | planning.run.py started with args: Namespace(debug=False, design_dir='210419_AnticlasticShelter', diagnosis=False, load_external_movements=True, low_res=False, max_distance=0.0, movement_id=None, problem='shelter_process.json', problem_subdir='.', reachable_range=[0.2, 2.4], reinit_tool=True, rrt_iterations=1000, seq_n=[25], smooth=False, solve_mode='nonlinear', solve_timeout=2400.0, step_sim=False, verbose=True, viewer=False, watch=False, write=True)
2021-09-29 16:38:02,252 | INFO | planning.run.py started with args: Namespace(debug=True, design_dir='210419_AnticlasticShelter', diagnosis=False, load_external_movements=True, low_res=False, max_distance=0.0, movement_id='A343_M1', problem='shelter_process.json', problem_subdir='.', reachable_range=[0.2, 2.4], reinit_tool=True, rrt_iterations=1000, seq_n=None, smooth=False, solve_mode='nonlinear', solve_timeout=2400.0, step_sim=False, verbose=True, viewer=True, watch=False, write=True)
2021-09-29 16:39:42,238 | INFO | A plan has been found for beam id b25!
2021-09-29 16:39:57,219 | INFO | planning.run.py started with args: Namespace(debug=False, design_dir='210419_AnticlasticShelter', diagnosis=False, load_external_movements=True, low_res=False, max_distance=0.0, movement_id=None, problem='shelter_process.json', problem_subdir='.', reachable_range=[0.2, 2.4], reinit_tool=True, rrt_iterations=1000, seq_n=[25], smooth=False, solve_mode='nonlinear', solve_timeout=2400.0, step_sim=False, verbose=True, viewer=False, watch=False, write=True)
2021-09-29 16:49:31,732 | INFO | planning.run.py started with args: Namespace(debug=True, design_dir='210419_AnticlasticShelter', diagnosis=True, load_external_movements=True, low_res=False, max_distance=0.0, movement_id='A346_M0', problem='shelter_process.json', problem_subdir='.', reachable_range=[0.2, 2.4], reinit_tool=True, rrt_iterations=1000, seq_n=None, smooth=False, solve_mode='nonlinear', solve_timeout=2400.0, step_sim=False, verbose=True, viewer=True, watch=False, write=True)
2021-09-29 17:21:35,545 | INFO | planning.run.py started with args: Namespace(debug=True, design_dir='210419_AnticlasticShelter', diagnosis=True, load_external_movements=True, low_res=False, max_distance=0.0, movement_id='A346_M0', problem='shelter_process.json', problem_subdir='.', reachable_range=[0.2, 2.4], reinit_tool=True, rrt_iterations=1000, seq_n=None, smooth=False, solve_mode='nonlinear', solve_timeout=2400.0, step_sim=False, verbose=True, viewer=True, watch=False, write=True)
2021-09-29 17:26:50,292 | INFO | planning.run.py started with args: Namespace(debug=True, design_dir='210419_AnticlasticShelter', diagnosis=True, load_external_movements=True, low_res=False, max_distance=0.0, movement_id='A346_M0', problem='shelter_process.json', problem_subdir='.', reachable_range=[0.2, 2.4], reinit_tool=True, rrt_iterations=2000, seq_n=None, smooth=False, solve_mode='nonlinear', solve_timeout=2400.0, step_sim=False, verbose=True, viewer=True, watch=False, write=True)
2021-09-29 17:47:06,321 | INFO | planning.run.py started with args: Namespace(debug=False, design_dir='210419_AnticlasticShelter', diagnosis=False, load_external_movements=True, low_res=False, max_distance=0.0, movement_id='A346_M0', problem='shelter_process.json', problem_subdir='.', reachable_range=[0.2, 2.4], reinit_tool=True, rrt_iterations=3000, seq_n=None, smooth=False, solve_mode='nonlinear', solve_timeout=2400.0, step_sim=False, verbose=True, viewer=False, watch=False, write=True)
2021-09-29 18:57:35,263 | INFO | A plan NOT found for movement_id A346_M0!
2021-09-29 19:23:56,035 | INFO | planning.run.py started with args: Namespace(debug=False, design_dir='210419_AnticlasticShelter', diagnosis=False, load_external_movements=True, low_res=False, max_distance=0.0, movement_id=None, problem='shelter_process.json', problem_subdir='.', reachable_range=[0.2, 2.4], reinit_tool=True, rrt_iterations=600, seq_n=[0, 20], smooth=False, solve_mode='nonlinear', solve_timeout=2400.0, step_sim=False, verbose=True, viewer=False, watch=False, write=True)
2021-09-29 19:25:51,483 | INFO | A plan has been found for beam id b0!
2021-09-29 19:27:42,667 | INFO | A plan has been found for beam id b1!
2021-09-29 19:28:56,344 | INFO | A plan has been found for beam id b2!
2021-09-29 19:29:56,252 | INFO | A plan has been found for beam id b3!
2021-09-29 19:30:52,047 | INFO | A plan has been found for beam id b4!
2021-09-29 19:34:04,449 | INFO | A plan has been found for beam id b5!
2021-09-29 19:35:24,538 | INFO | A plan has been found for beam id b6!
2021-09-29 19:45:26,693 | INFO | A plan NOT found using nonlinear planning at stage 4 for beam b7!
2021-09-29 20:09:37,433 | INFO | A plan NOT found using nonlinear planning at stage 4 for beam b7!
2021-09-29 20:23:59,861 | INFO | A plan NOT found using nonlinear planning at stage 4 for beam b7!
2021-09-29 20:24:10,477 | INFO | A plan NOT found using nonlinear planning at stage 3 for beam b8!
2021-09-29 20:27:10,869 | INFO | A plan has been found for beam id b8!
2021-09-29 20:27:15,635 | INFO | A plan NOT found using nonlinear planning at stage 2 for beam b9!
2021-09-29 20:30:14,867 | INFO | A plan has been found for beam id b9!
2021-09-29 20:32:05,515 | INFO | A plan has been found for beam id b10!
2021-09-29 20:32:10,635 | INFO | A plan NOT found using nonlinear planning at stage 3 for beam b11!
2021-09-29 20:35:53,075 | INFO | A plan has been found for beam id b11!
2021-09-29 20:39:30,454 | INFO | A plan has been found for beam id b12!
2021-09-29 20:42:25,335 | INFO | A plan has been found for beam id b13!
2021-09-29 20:54:39,086 | INFO | A plan NOT found using nonlinear planning at stage 4 for beam b14!
2021-09-29 21:16:02,735 | INFO | A plan NOT found using nonlinear planning at stage 4 for beam b14!
2021-09-29 21:16:16,855 | INFO | A plan NOT found using nonlinear planning at stage 3 for beam b14!
2021-09-29 21:27:32,930 | INFO | A plan NOT found using nonlinear planning at stage 4 for beam b14!
2021-09-29 21:40:30,062 | INFO | A plan NOT found using nonlinear planning at stage 4 for beam b15!
2021-09-29 21:40:37,481 | INFO | A plan NOT found using nonlinear planning at stage 2 for beam b15!
2021-09-29 21:40:45,101 | INFO | A plan NOT found using nonlinear planning at stage 2 for beam b15!
2021-09-29 21:40:54,163 | INFO | A plan NOT found using nonlinear planning at stage 3 for beam b15!
2021-09-29 21:41:03,531 | INFO | A plan NOT found using nonlinear planning at stage 3 for beam b15!
2021-09-29 21:41:12,902 | INFO | A plan NOT found using nonlinear planning at stage 3 for beam b15!
2021-09-29 21:45:08,412 | INFO | A plan has been found for beam id b15!
2021-09-29 21:49:57,138 | INFO | A plan has been found for beam id b16!
2021-09-29 22:03:39,784 | INFO | A plan has been found for beam id b17!
2021-09-29 22:16:18,561 | INFO | A plan has been found for beam id b18!
2021-09-29 22:17:57,345 | INFO | A plan NOT found using nonlinear planning at stage 4 for beam b19!
2021-09-29 22:30:23,091 | INFO | A plan has been found for beam id b19!
2021-09-29 22:30:31,821 | INFO | A plan NOT found using nonlinear planning at stage 3 for beam b20!
2021-09-29 22:43:20,848 | INFO | A plan has been found for beam id b20!
2021-09-29 23:59:35,807 | INFO | planning.run.py started with args: Namespace(debug=False, design_dir='210419_AnticlasticShelter', diagnosis=False, load_external_movements=True, low_res=False, max_distance=0.0, movement_id=None, problem='shelter_process.json', problem_subdir='.', reachable_range=[0.2, 2.4], reinit_tool=True, rrt_iterations=600, seq_n=[21, 56], smooth=False, solve_mode='nonlinear', solve_timeout=2400.0, step_sim=False, verbose=True, viewer=False, watch=False, write=True)
2021-09-30 00:23:35,892 | INFO | A plan NOT found using nonlinear planning at stage 4 for beam b21!
2021-09-30 00:29:18,802 | INFO | planning.run.py started with args: Namespace(debug=False, design_dir='210419_AnticlasticShelter', diagnosis=False, load_external_movements=True, low_res=False, max_distance=0.0, movement_id=None, problem='shelter_process.json', problem_subdir='.', reachable_range=[0.2, 2.4], reinit_tool=True, rrt_iterations=400, seq_n=[22, 56], smooth=False, solve_mode='nonlinear', solve_timeout=2400.0, step_sim=False, verbose=True, viewer=False, watch=False, write=True)
2021-09-30 00:29:32,540 | INFO | A plan NOT found using nonlinear planning at stage 3 for beam b22!
2021-09-30 00:38:14,822 | INFO | A plan NOT found using nonlinear planning at stage 4 for beam b22!
2021-09-30 00:42:11,493 | INFO | A plan has been found for beam id b22!
2021-09-30 00:55:49,095 | INFO | A plan NOT found using nonlinear planning at stage 4 for beam b23!
2021-09-30 00:56:05,582 | INFO | A plan NOT found using nonlinear planning at stage 3 for beam b23!
2021-09-30 01:04:28,152 | INFO | A plan NOT found using nonlinear planning at stage 4 for beam b23!
2021-09-30 01:13:06,285 | INFO | A plan has been found for beam id b23!
2021-09-30 01:19:47,126 | INFO | A plan has been found for beam id b24!
2021-09-30 01:19:52,680 | INFO | A plan NOT found using nonlinear planning at stage 2 for beam b25!
2021-09-30 01:29:58,968 | INFO | A plan NOT found using nonlinear planning at stage 4 for beam b25!
2021-09-30 01:36:27,198 | INFO | A plan has been found for beam id b25!
2021-09-30 01:44:12,882 | INFO | A plan NOT found using nonlinear planning at stage 4 for beam b26!
2021-09-30 01:44:21,500 | INFO | A plan NOT found using nonlinear planning at stage 2 for beam b26!
2021-09-30 01:44:43,345 | INFO | A plan NOT found using nonlinear planning at stage 4 for beam b26!
2021-09-30 01:44:52,710 | INFO | A plan NOT found using nonlinear planning at stage 3 for beam b26!
2021-09-30 01:54:07,742 | INFO | A plan NOT found using nonlinear planning at stage 4 for beam b26!
2021-09-30 02:02:54,710 | INFO | A plan NOT found using nonlinear planning at stage 4 for beam b26!
2021-09-30 02:16:56,859 | INFO | A plan NOT found using nonlinear planning at stage 4 for beam b26!
2021-09-30 02:17:07,993 | INFO | A plan NOT found using nonlinear planning at stage 3 for beam b27!
2021-09-30 02:20:52,089 | INFO | A plan has been found for beam id b27!
2021-09-30 02:21:01,697 | INFO | A plan NOT found using nonlinear planning at stage 3 for beam b28!
2021-09-30 02:27:30,509 | INFO | A plan has been found for beam id b28!
2021-09-30 02:37:28,276 | INFO | A plan NOT found using nonlinear planning at stage 4 for beam b29!
2021-09-30 02:46:45,476 | INFO | A plan NOT found using nonlinear planning at stage 4 for beam b29!
2021-09-30 02:51:03,192 | INFO | A plan has been found for beam id b29!
2021-09-30 02:54:25,933 | INFO | A plan has been found for beam id b30!
2021-09-30 02:54:34,060 | INFO | A plan NOT found using nonlinear planning at stage 2 for beam b31!
2021-09-30 03:11:02,864 | INFO | A plan has been found for beam id b31!
2021-09-30 03:19:09,545 | INFO | A plan NOT found using nonlinear planning at stage 4 for beam b32!
2021-09-30 03:29:21,860 | INFO | A plan NOT found using nonlinear planning at stage 4 for beam b32!
2021-09-30 03:37:53,079 | INFO | A plan has been found for beam id b32!
2021-09-30 03:46:22,882 | INFO | A plan has been found for beam id b33!
2021-09-30 03:46:28,642 | INFO | A plan NOT found using nonlinear planning at stage 3 for beam b34!
2021-09-30 03:49:06,960 | INFO | A plan has been found for beam id b34!
2021-09-30 03:49:15,157 | INFO | A plan NOT found using nonlinear planning at stage 2 for beam b35!
2021-09-30 04:02:41,099 | INFO | A plan NOT found using nonlinear planning at stage 4 for beam b35!
2021-09-30 04:13:01,244 | INFO | A plan NOT found using nonlinear planning at stage 4 for beam b35!
2021-09-30 04:21:36,824 | INFO | A plan NOT found using nonlinear planning at stage 4 for beam b35!
2021-09-30 04:37:16,900 | INFO | A plan NOT found using nonlinear planning at stage 4 for beam b35!
2021-09-30 04:39:15,334 | INFO | A plan has been found for beam id b36!
2021-09-30 04:49:59,555 | INFO | A plan has been found for beam id b37!
2021-09-30 04:55:38,930 | INFO | A plan has been found for beam id b38!
2021-09-30 04:58:26,550 | INFO | A plan has been found for beam id b39!
2021-09-30 05:01:19,398 | INFO | A plan has been found for beam id b40!
2021-09-30 05:13:45,694 | INFO | A plan NOT found using nonlinear planning at stage 4 for beam b41!
2021-09-30 05:23:21,939 | INFO | A plan has been found for beam id b41!
2021-09-30 05:26:01,476 | INFO | A plan has been found for beam id b42!
2021-09-30 05:31:08,272 | INFO | A plan has been found for beam id b43!
2021-09-30 05:31:17,310 | INFO | A plan NOT found using nonlinear planning at stage 3 for beam b44!
2021-09-30 05:35:59,351 | INFO | A plan has been found for beam id b44!
2021-09-30 05:41:08,070 | INFO | A plan has been found for beam id b45!
2021-09-30 05:42:53,922 | INFO | A plan has been found for beam id b46!
2021-09-30 05:49:41,735 | INFO | A plan has been found for beam id b47!
2021-09-30 05:52:29,026 | INFO | A plan has been found for beam id b48!
2021-09-30 05:55:31,375 | INFO | A plan has been found for beam id b49!
2021-09-30 05:55:34,337 | INFO | A plan NOT found using nonlinear planning at stage 1 for beam b50!
2021-09-30 06:01:00,196 | INFO | A plan has been found for beam id b50!
2021-09-30 06:03:03,192 | INFO | A plan has been found for beam id b51!
2021-09-30 06:05:01,255 | INFO | A plan has been found for beam id b52!
2021-09-30 06:09:24,340 | INFO | A plan has been found for beam id b53!
2021-09-30 06:14:26,332 | INFO | A plan has been found for beam id b54!
2021-09-30 06:18:55,357 | INFO | A plan has been found for beam id b55!
2021-09-30 06:22:05,951 | INFO | A plan has been found for beam id b56!
2021-09-30 13:10:19,273 | INFO | planning.run.py started with args: Namespace(debug=False, design_dir='210419_AnticlasticShelter', diagnosis=False, load_external_movements=True, low_res=False, max_distance=0.0, movement_id=None, problem='shelter_process.json', problem_subdir='.', reachable_range=[0.2, 2.4], reinit_tool=True, rrt_iterations=400, seq_n=[35], smooth=False, solve_mode='nonlinear', solve_timeout=2400.0, step_sim=False, verbose=True, viewer=False, watch=False, write=True)
2021-09-30 13:22:49,962 | INFO | A plan NOT found using nonlinear planning at stage 4 for beam b35!
2021-09-30 13:23:04,247 | INFO | A plan NOT found using nonlinear planning at stage 3 for beam b35!
2021-09-30 13:34:25,000 | INFO | A plan NOT found using nonlinear planning at stage 4 for beam b35!
2021-09-30 13:40:35,126 | INFO | A plan has been found for beam id b35!
2021-09-30 13:58:31,173 | INFO | planning.run.py started with args: Namespace(debug=False, design_dir='210419_AnticlasticShelter', diagnosis=False, load_external_movements=True, low_res=False, max_distance=0.0, movement_id=None, problem='shelter_process.json', problem_subdir='.', reachable_range=[0.2, 2.4], reinit_tool=True, rrt_iterations=400, seq_n=[26], smooth=False, solve_mode='nonlinear', solve_timeout=2400.0, step_sim=False, verbose=True, viewer=False, watch=False, write=True)
2021-09-30 14:07:54,778 | INFO | A plan NOT found using nonlinear planning at stage 4 for beam b26!
2021-09-30 14:21:47,949 | INFO | A plan NOT found using nonlinear planning at stage 4 for beam b26!
2021-09-30 14:30:35,596 | INFO | A plan NOT found using nonlinear planning at stage 4 for beam b26!
2021-09-30 14:39:45,824 | INFO | A plan NOT found using nonlinear planning at stage 4 for beam b26!
2021-09-30 14:56:30,705 | INFO | planning.run.py started with args: Namespace(debug=False, design_dir='210419_AnticlasticShelter', diagnosis=False, load_external_movements=True, low_res=False, max_distance=0.0, movement_id=None, problem='shelter_process.json', problem_subdir='.', reachable_range=[0.2, 2.4], reinit_tool=True, rrt_iterations=400, seq_n=[26], smooth=False, solve_mode='nonlinear', solve_timeout=2400.0, step_sim=False, verbose=True, viewer=False, watch=False, write=True)
2021-09-30 15:04:18,049 | INFO | A plan NOT found using nonlinear planning at stage 4 for beam b26!
2021-09-30 15:16:19,072 | INFO | A plan NOT found using nonlinear planning at stage 4 for beam b26!
2021-09-30 15:25:27,949 | INFO | A plan NOT found using nonlinear planning at stage 4 for beam b26!
2021-09-30 15:34:02,502 | INFO | A plan NOT found using nonlinear planning at stage 4 for beam b26!
2021-09-30 15:34:12,240 | INFO | A plan NOT found using nonlinear planning at stage 3 for beam b26!
2021-09-30 15:42:07,967 | INFO | A plan NOT found using nonlinear planning at stage 4 for beam b26!
2021-09-30 15:47:39,483 | INFO | planning.run.py started with args: Namespace(debug=False, design_dir='210419_AnticlasticShelter', diagnosis=False, load_external_movements=True, low_res=False, max_distance=0.0, movement_id=None, problem='shelter_process.json', problem_subdir='.', reachable_range=[0.2, 2.4], reinit_tool=True, rrt_iterations=400, seq_n=[26], smooth=False, solve_mode='nonlinear', solve_timeout=2400.0, step_sim=False, verbose=True, viewer=False, watch=False, write=True)
2021-09-30 15:56:01,208 | INFO | A plan NOT found using nonlinear planning at stage 4 for beam b26!
2021-09-30 16:06:04,628 | INFO | A plan NOT found using nonlinear planning at stage 4 for beam b26!
2021-09-30 16:12:41,946 | INFO | A plan NOT found using nonlinear planning at stage 4 for beam b26!
2021-09-30 16:23:06,654 | INFO | A plan NOT found using nonlinear planning at stage 4 for beam b26!
2021-09-30 16:30:52,176 | INFO | A plan NOT found using nonlinear planning at stage 4 for beam b26!
2021-09-30 16:31:12,495 | INFO | planning.run.py started with args: Namespace(debug=False, design_dir='210419_AnticlasticShelter', diagnosis=False, load_external_movements=True, low_res=False, max_distance=0.0, movement_id=None, problem='shelter_process.json', problem_subdir='.', reachable_range=[0.2, 2.4], reinit_tool=True, rrt_iterations=400, seq_n=[26], smooth=False, solve_mode='nonlinear', solve_timeout=2400.0, step_sim=False, verbose=True, viewer=False, watch=False, write=True)
2021-09-30 16:39:52,507 | INFO | A plan NOT found using nonlinear planning at stage 4 for beam b26!
2021-09-30 16:50:11,256 | INFO | A plan NOT found using nonlinear planning at stage 4 for beam b26!
2021-09-30 16:50:21,856 | INFO | A plan NOT found using nonlinear planning at stage 3 for beam b26!
2021-09-30 16:58:52,510 | INFO | A plan NOT found using nonlinear planning at stage 4 for beam b26!
2021-09-30 17:13:26,096 | INFO | A plan NOT found using nonlinear planning at stage 4 for beam b26!
2021-10-01 01:06:20,197 | INFO | planning.run.py started with args: Namespace(debug=False, design_dir='210419_AnticlasticShelter', diagnosis=False, load_external_movements=True, low_res=False, max_distance=0.0, movement_id=None, problem='shelter_process.json', problem_subdir='.', reachable_range=[0.2, 2.4], reinit_tool=True, rrt_iterations=400, seq_n=[26], smooth=False, solve_mode='nonlinear', solve_timeout=2400.0, step_sim=False, verbose=True, viewer=False, watch=False, write=True)
2021-10-01 01:06:27,807 | INFO | planning.run.py started with args: Namespace(debug=False, design_dir='210419_AnticlasticShelter', diagnosis=False, load_external_movements=True, low_res=False, max_distance=0.0, movement_id=None, problem='shelter_process.json', problem_subdir='.', reachable_range=[0.2, 2.4], reinit_tool=True, rrt_iterations=400, seq_n=[26], smooth=False, solve_mode='nonlinear', solve_timeout=24000.0, step_sim=False, verbose=True, viewer=False, watch=False, write=True)
2021-10-01 01:17:04,409 | INFO | A plan NOT found using nonlinear planning at stage 4 for beam b26!
2021-10-01 01:17:14,719 | INFO | A plan NOT found using nonlinear planning at stage 3 for beam b26!
2021-10-01 01:24:22,043 | INFO | A plan NOT found using nonlinear planning at stage 4 for beam b26!
2021-10-01 01:32:20,968 | INFO | A plan NOT found using nonlinear planning at stage 4 for beam b26!
2021-10-01 01:38:38,947 | INFO | A plan NOT found using nonlinear planning at stage 4 for beam b26!
2021-10-01 01:46:30,924 | INFO | A plan NOT found using nonlinear planning at stage 4 for beam b26!
2021-10-01 01:53:24,296 | INFO | A plan NOT found using nonlinear planning at stage 4 for beam b26!
2021-10-01 02:01:52,512 | INFO | A plan has been found for beam id b26!
