{
    "attributes": [
        {
            "assembly_type_counter": {
                "Clamped": 14, 
                "GroundContact": 2, 
                "ManualAssembly": 13, 
                "ScrewedWithGripper": 4
            }, 
            "beam_size_counter": {
                "100 x 100": 20, 
                "200 x 200": 1, 
                "200 x 250": 3, 
                "200 x 261": 8, 
                "200 x 300": 1
            }, 
            "estimated_density_kg_per_m3": "500.0", 
            "estimated_total_weight_kg": 661.0, 
            "joint_type_counter_pairs": {
                "JointPolylineLap": 36
            }, 
            "total_beam_number": 33
        }
    ], 
    "beam_ids": [
        [
            "b0", 
            "b1", 
            "b2", 
            "b24", 
            "b25", 
            "b23", 
            "b3", 
            "b21", 
            "b22", 
            "b20", 
            "b4", 
            "b5", 
            "b6", 
            "b29", 
            "b30", 
            "b32", 
            "b31", 
            "b8", 
            "b26", 
            "b28", 
            "b27", 
            "b12", 
            "b13", 
            "b7", 
            "b9", 
            "b10", 
            "b11", 
            "b14", 
            "b15", 
            "b16", 
            "b17", 
            "b18", 
            "b19"
        ]
    ], 
    "error": [
        {}
    ], 
    "info": [
        {
            "b0": [
                "Size = 100 x 100, Length = 3522.0", 
                "Estimated Weight = 18.0kg", 
                "Assembly Method = GroundContact", 
                "Number of Joints (# to previous elements) = 3 (0)"
            ], 
            "b1": [
                "Size = 100 x 100, Length = 3522.0", 
                "Estimated Weight = 18.0kg", 
                "Assembly Method = GroundContact", 
                "Number of Joints (# to previous elements) = 3 (0)"
            ], 
            "b10": [
                "Size = 100 x 100, Length = 3538.0", 
                "Estimated Weight = 18.0kg", 
                "Assembly Method = Clamped", 
                "Number of Joints (# to previous elements) = 3 (2)"
            ], 
            "b11": [
                "Size = 100 x 100, Length = 3573.0", 
                "Estimated Weight = 18.0kg", 
                "Assembly Method = ScrewedWithGripper", 
                "Number of Joints (# to previous elements) = 3 (3)"
            ], 
            "b12": [
                "Size = 100 x 100, Length = 3000.0", 
                "Estimated Weight = 15.0kg", 
                "Assembly Method = Clamped", 
                "Number of Joints (# to previous elements) = 3 (2)"
            ], 
            "b13": [
                "Size = 100 x 100, Length = 3000.0", 
                "Estimated Weight = 15.0kg", 
                "Assembly Method = Clamped", 
                "Number of Joints (# to previous elements) = 3 (2)"
            ], 
            "b14": [
                "Size = 100 x 100, Length = 3036.0", 
                "Estimated Weight = 15.0kg", 
                "Assembly Method = Clamped", 
                "Number of Joints (# to previous elements) = 3 (2)"
            ], 
            "b15": [
                "Size = 100 x 100, Length = 3785.0", 
                "Estimated Weight = 19.0kg", 
                "Assembly Method = ScrewedWithGripper", 
                "Number of Joints (# to previous elements) = 3 (3)"
            ], 
            "b16": [
                "Size = 100 x 100, Length = 4339.0", 
                "Estimated Weight = 22.0kg", 
                "Assembly Method = Clamped", 
                "Number of Joints (# to previous elements) = 3 (2)"
            ], 
            "b17": [
                "Size = 100 x 100, Length = 3884.0", 
                "Estimated Weight = 19.0kg", 
                "Assembly Method = ScrewedWithGripper", 
                "Number of Joints (# to previous elements) = 3 (3)"
            ], 
            "b18": [
                "Size = 100 x 100, Length = 4579.0", 
                "Estimated Weight = 23.0kg", 
                "Assembly Method = Clamped", 
                "Number of Joints (# to previous elements) = 3 (2)"
            ], 
            "b19": [
                "Size = 100 x 100, Length = 3997.0", 
                "Estimated Weight = 20.0kg", 
                "Assembly Method = ScrewedWithGripper", 
                "Number of Joints (# to previous elements) = 3 (3)"
            ], 
            "b2": [
                "Size = 100 x 100, Length = 3751.0", 
                "Estimated Weight = 19.0kg", 
                "Assembly Method = Clamped", 
                "Number of Joints (# to previous elements) = 6 (1)"
            ], 
            "b20": [
                "Size = 200 x 261, Length = 500.0", 
                "Estimated Weight = 13.0kg", 
                "Assembly Method = ManualAssembly", 
                "Number of Joints (# to previous elements) = 0 (0)"
            ], 
            "b21": [
                "Size = 200 x 261, Length = 501.0", 
                "Estimated Weight = 13.0kg", 
                "Assembly Method = ManualAssembly", 
                "Number of Joints (# to previous elements) = 0 (0)"
            ], 
            "b22": [
                "Size = 200 x 250, Length = 1427.0", 
                "Estimated Weight = 36.0kg", 
                "Assembly Method = ManualAssembly", 
                "Number of Joints (# to previous elements) = 0 (0)"
            ], 
            "b23": [
                "Size = 200 x 261, Length = 500.0", 
                "Estimated Weight = 13.0kg", 
                "Assembly Method = ManualAssembly", 
                "Number of Joints (# to previous elements) = 0 (0)"
            ], 
            "b24": [
                "Size = 200 x 261, Length = 501.0", 
                "Estimated Weight = 13.0kg", 
                "Assembly Method = ManualAssembly", 
                "Number of Joints (# to previous elements) = 0 (0)"
            ], 
            "b25": [
                "Size = 200 x 250, Length = 1427.0", 
                "Estimated Weight = 36.0kg", 
                "Assembly Method = ManualAssembly", 
                "Number of Joints (# to previous elements) = 0 (0)"
            ], 
            "b26": [
                "Size = 200 x 261, Length = 501.0", 
                "Estimated Weight = 13.0kg", 
                "Assembly Method = ManualAssembly", 
                "Number of Joints (# to previous elements) = 0 (0)"
            ], 
            "b27": [
                "Size = 200 x 261, Length = 501.0", 
                "Estimated Weight = 13.0kg", 
                "Assembly Method = ManualAssembly", 
                "Number of Joints (# to previous elements) = 0 (0)"
            ], 
            "b28": [
                "Size = 200 x 250, Length = 1648.0", 
                "Estimated Weight = 41.0kg", 
                "Assembly Method = ManualAssembly", 
                "Number of Joints (# to previous elements) = 0 (0)"
            ], 
            "b29": [
                "Size = 200 x 200, Length = 1306.0", 
                "Estimated Weight = 26.0kg", 
                "Assembly Method = ManualAssembly", 
                "Number of Joints (# to previous elements) = 0 (0)"
            ], 
            "b3": [
                "Size = 100 x 100, Length = 3751.0", 
                "Estimated Weight = 19.0kg", 
                "Assembly Method = Clamped", 
                "Number of Joints (# to previous elements) = 6 (1)"
            ], 
            "b30": [
                "Size = 200 x 300, Length = 1427.0", 
                "Estimated Weight = 43.0kg", 
                "Assembly Method = ManualAssembly", 
                "Number of Joints (# to previous elements) = 0 (0)"
            ], 
            "b31": [
                "Size = 200 x 261, Length = 501.0", 
                "Estimated Weight = 13.0kg", 
                "Assembly Method = ManualAssembly", 
                "Number of Joints (# to previous elements) = 0 (0)"
            ], 
            "b32": [
                "Size = 200 x 261, Length = 500.0", 
                "Estimated Weight = 13.0kg", 
                "Assembly Method = ManualAssembly", 
                "Number of Joints (# to previous elements) = 0 (0)"
            ], 
            "b4": [
                "Size = 100 x 100, Length = 3000.0", 
                "Estimated Weight = 15.0kg", 
                "Assembly Method = Clamped", 
                "Number of Joints (# to previous elements) = 3 (2)"
            ], 
            "b5": [
                "Size = 100 x 100, Length = 3538.0", 
                "Estimated Weight = 18.0kg", 
                "Assembly Method = Clamped", 
                "Number of Joints (# to previous elements) = 3 (2)"
            ], 
            "b6": [
                "Size = 100 x 100, Length = 3884.0", 
                "Estimated Weight = 19.0kg", 
                "Assembly Method = Clamped", 
                "Number of Joints (# to previous elements) = 6 (1)"
            ], 
            "b7": [
                "Size = 100 x 100, Length = 4178.0", 
                "Estimated Weight = 21.0kg", 
                "Assembly Method = Clamped", 
                "Number of Joints (# to previous elements) = 3 (2)"
            ], 
            "b8": [
                "Size = 100 x 100, Length = 4581.0", 
                "Estimated Weight = 23.0kg", 
                "Assembly Method = Clamped", 
                "Number of Joints (# to previous elements) = 6 (1)"
            ], 
            "b9": [
                "Size = 100 x 100, Length = 4178.0", 
                "Estimated Weight = 21.0kg", 
                "Assembly Method = Clamped", 
                "Number of Joints (# to previous elements) = 3 (2)"
            ]
        }
    ], 
    "warn": [
        {}
    ]
}