{
    "attributes": [
        {
            "assembly_type_counter": {
                "Clamped": 14, 
                "GroundContact": 2, 
                "ManualAssembly": 8, 
                "ScrewedWithoutGripper": 4
            }, 
            "beam_size_counter": {
                "100 x 100": 20, 
                "150 x 200": 2, 
                "200 x 200": 2, 
                "200 x 261": 4
            }, 
            "estimated_density_kg_per_m3": "500.0", 
            "estimated_total_weight_kg": 502.0, 
            "joint_type_counter_pairs": {
                "JointPolylineLap": 36
            }, 
            "total_beam_number": 28
        }
    ], 
    "beam_ids": [
        [
            "b0", 
            "b1", 
            "b2", 
            "b3", 
            "b4", 
            "b5", 
            "b23", 
            "b27", 
            "b24", 
            "b25", 
            "b6", 
            "b20", 
            "b26", 
            "b21", 
            "b22", 
            "b7", 
            "b8", 
            "b9", 
            "b10", 
            "b11", 
            "b12", 
            "b13", 
            "b14", 
            "b15", 
            "b16", 
            "b17", 
            "b18", 
            "b19"
        ]
    ], 
    "error": [
        {}
    ], 
    "info": [
        {
            "b0": [
                "Size = 100 x 100, Length = 4489.0", 
                "Estimated Weight = 22.0kg", 
                "Assembly Method = GroundContact", 
                "Number of Joints (# to previous elements) = 3 (0)"
            ], 
            "b1": [
                "Size = 100 x 100, Length = 4489.0", 
                "Estimated Weight = 22.0kg", 
                "Assembly Method = GroundContact", 
                "Number of Joints (# to previous elements) = 3 (0)"
            ], 
            "b10": [
                "Size = 100 x 100, Length = 4188.0", 
                "Estimated Weight = 21.0kg", 
                "Assembly Method = Clamped", 
                "Number of Joints (# to previous elements) = 3 (2)"
            ], 
            "b11": [
                "Size = 100 x 100, Length = 3701.0", 
                "Estimated Weight = 19.0kg", 
                "Assembly Method = Clamped", 
                "Number of Joints (# to previous elements) = 3 (2)"
            ], 
            "b12": [
                "Size = 100 x 100, Length = 3701.0", 
                "Estimated Weight = 19.0kg", 
                "Assembly Method = Clamped", 
                "Number of Joints (# to previous elements) = 3 (2)"
            ], 
            "b13": [
                "Size = 100 x 100, Length = 2400.0", 
                "Estimated Weight = 12.0kg", 
                "Assembly Method = ScrewedWithoutGripper", 
                "Number of Joints (# to previous elements) = 3 (3)"
            ], 
            "b14": [
                "Size = 100 x 100, Length = 5023.0", 
                "Estimated Weight = 25.0kg", 
                "Assembly Method = Clamped", 
                "Number of Joints (# to previous elements) = 3 (2)"
            ], 
            "b15": [
                "Size = 100 x 100, Length = 2442.0", 
                "Estimated Weight = 12.0kg", 
                "Assembly Method = ScrewedWithoutGripper", 
                "Number of Joints (# to previous elements) = 3 (3)"
            ], 
            "b16": [
                "Size = 100 x 100, Length = 5023.0", 
                "Estimated Weight = 25.0kg", 
                "Assembly Method = Clamped", 
                "Number of Joints (# to previous elements) = 3 (2)"
            ], 
            "b17": [
                "Size = 100 x 100, Length = 2442.0", 
                "Estimated Weight = 12.0kg", 
                "Assembly Method = ScrewedWithoutGripper", 
                "Number of Joints (# to previous elements) = 3 (3)"
            ], 
            "b18": [
                "Size = 100 x 100, Length = 3701.0", 
                "Estimated Weight = 19.0kg", 
                "Assembly Method = Clamped", 
                "Number of Joints (# to previous elements) = 3 (2)"
            ], 
            "b19": [
                "Size = 100 x 100, Length = 1901.0", 
                "Estimated Weight = 10.0kg", 
                "Assembly Method = ScrewedWithoutGripper", 
                "Number of Joints (# to previous elements) = 3 (3)"
            ], 
            "b2": [
                "Size = 100 x 100, Length = 2181.0", 
                "Estimated Weight = 11.0kg", 
                "Assembly Method = Clamped", 
                "Number of Joints (# to previous elements) = 6 (1)"
            ], 
            "b20": [
                "Size = 200 x 200, Length = 1306.0", 
                "Estimated Weight = 26.0kg", 
                "Assembly Method = ManualAssembly", 
                "Number of Joints (# to previous elements) = 0 (0)"
            ], 
            "b21": [
                "Size = 150 x 200, Length = 1427.0", 
                "Estimated Weight = 21.0kg", 
                "Assembly Method = ManualAssembly", 
                "Number of Joints (# to previous elements) = 0 (0)"
            ], 
            "b22": [
                "Size = 200 x 261, Length = 501.0", 
                "Estimated Weight = 13.0kg", 
                "Assembly Method = ManualAssembly", 
                "Number of Joints (# to previous elements) = 0 (0)"
            ], 
            "b23": [
                "Size = 200 x 200, Length = 1306.0", 
                "Estimated Weight = 26.0kg", 
                "Assembly Method = ManualAssembly", 
                "Number of Joints (# to previous elements) = 0 (0)"
            ], 
            "b24": [
                "Size = 150 x 200, Length = 1427.0", 
                "Estimated Weight = 21.0kg", 
                "Assembly Method = ManualAssembly", 
                "Number of Joints (# to previous elements) = 0 (0)"
            ], 
            "b25": [
                "Size = 200 x 261, Length = 501.0", 
                "Estimated Weight = 13.0kg", 
                "Assembly Method = ManualAssembly", 
                "Number of Joints (# to previous elements) = 0 (0)"
            ], 
            "b26": [
                "Size = 200 x 261, Length = 500.0", 
                "Estimated Weight = 13.0kg", 
                "Assembly Method = ManualAssembly", 
                "Number of Joints (# to previous elements) = 0 (0)"
            ], 
            "b27": [
                "Size = 200 x 261, Length = 500.0", 
                "Estimated Weight = 13.0kg", 
                "Assembly Method = ManualAssembly", 
                "Number of Joints (# to previous elements) = 0 (0)"
            ], 
            "b3": [
                "Size = 100 x 100, Length = 2181.0", 
                "Estimated Weight = 11.0kg", 
                "Assembly Method = Clamped", 
                "Number of Joints (# to previous elements) = 6 (1)"
            ], 
            "b4": [
                "Size = 100 x 100, Length = 4188.0", 
                "Estimated Weight = 21.0kg", 
                "Assembly Method = Clamped", 
                "Number of Joints (# to previous elements) = 3 (2)"
            ], 
            "b5": [
                "Size = 100 x 100, Length = 2998.0", 
                "Estimated Weight = 15.0kg", 
                "Assembly Method = Clamped", 
                "Number of Joints (# to previous elements) = 6 (1)"
            ], 
            "b6": [
                "Size = 100 x 100, Length = 2998.0", 
                "Estimated Weight = 15.0kg", 
                "Assembly Method = Clamped", 
                "Number of Joints (# to previous elements) = 6 (1)"
            ], 
            "b7": [
                "Size = 100 x 100, Length = 3701.0", 
                "Estimated Weight = 19.0kg", 
                "Assembly Method = Clamped", 
                "Number of Joints (# to previous elements) = 3 (2)"
            ], 
            "b8": [
                "Size = 100 x 100, Length = 4595.0", 
                "Estimated Weight = 23.0kg", 
                "Assembly Method = Clamped", 
                "Number of Joints (# to previous elements) = 3 (2)"
            ], 
            "b9": [
                "Size = 100 x 100, Length = 4595.0", 
                "Estimated Weight = 23.0kg", 
                "Assembly Method = Clamped", 
                "Number of Joints (# to previous elements) = 3 (2)"
            ]
        }
    ], 
    "warn": [
        {}
    ]
}