2022-04-07 11:19:46,348 | itj_planning | INFO | planning.check_states.py started with args: Namespace(debug=False, design_dir='210916_SymbolicPlanning', movement_id=None, plan_summary=False, problem='CantiBoxLeft_10pcs_process.json', problem_subdir='results', reinit_tool=False, seq_n=None, skip_state_collision_check=False, traj_collision=True, verify_plan=True, viewer=False)
2022-04-07 11:19:46,989 | itj_planning | INFO | Loading external movements from c:\users\harry\dropbox (mit)\code_ws_dropbox\itj_ws\integral_timber_joints\external\itj_design_study\210916_SymbolicPlanning\results
2022-04-07 11:19:48,879 | itj_planning | INFO | [36mChecking for beam ['b1', 'b0', 'b2', 'b3', 'b20', 'b22', 'b21', 'b4', 'b7', 'b30', 'b29', 'b31', 'b8', 'b18', 'b19'][0m
2022-04-07 11:22:07,282 | itj_planning | INFO | planning.check_states.py started with args: Namespace(debug=True, design_dir='210916_SymbolicPlanning', movement_id=None, plan_summary=False, problem='CantiBoxLeft_10pcs_process.json', problem_subdir='results', reinit_tool=False, seq_n=None, skip_state_collision_check=False, traj_collision=True, verify_plan=True, viewer=False)
2022-04-07 11:22:07,698 | itj_planning | INFO | Loading external movements from c:\users\harry\dropbox (mit)\code_ws_dropbox\itj_ws\integral_timber_joints\external\itj_design_study\210916_SymbolicPlanning\results
2022-04-07 11:22:09,251 | itj_planning | INFO | [36mChecking for beam ['b1', 'b0', 'b2', 'b3', 'b20', 'b22', 'b21', 'b4', 'b7', 'b30', 'b29', 'b31', 'b8', 'b18', 'b19'][0m
2022-04-07 11:26:33,022 | itj_planning | WARNING | A27_M2 : No trajectory found.
2022-04-07 11:26:33,088 | itj_planning | WARNING | A29_M0 : No trajectory found.
2022-04-07 11:26:33,155 | itj_planning | WARNING | A29_M1 : No trajectory found.
2022-04-07 11:26:33,205 | itj_planning | WARNING | A29_M3 : No trajectory found.
2022-04-07 11:26:33,256 | itj_planning | WARNING | A30_M0 : No trajectory found.
2022-04-07 11:26:33,305 | itj_planning | WARNING | A30_M1 : No trajectory found.
2022-04-07 11:26:33,355 | itj_planning | WARNING | A30_M5 : No trajectory found.
2022-04-07 11:26:33,421 | itj_planning | WARNING | A30_M6 : No trajectory found.
2022-04-07 11:26:33,472 | itj_planning | WARNING | A31_M0 : No trajectory found.
2022-04-07 11:26:33,522 | itj_planning | WARNING | A31_M1 : No trajectory found.
2022-04-07 11:26:33,589 | itj_planning | WARNING | A31_M2 : No trajectory found.
2022-04-07 11:26:33,639 | itj_planning | WARNING | A31_M5 : No trajectory found.
2022-04-07 11:26:33,689 | itj_planning | WARNING | A32_M0 : No trajectory found.
2022-04-07 11:26:33,739 | itj_planning | WARNING | A32_M1 : No trajectory found.
2022-04-07 11:26:33,789 | itj_planning | WARNING | A32_M5 : No trajectory found.
2022-04-07 11:26:33,839 | itj_planning | WARNING | A32_M6 : No trajectory found.
2022-04-07 11:26:33,905 | itj_planning | WARNING | A33_M0 : No trajectory found.
2022-04-07 11:26:33,955 | itj_planning | WARNING | A33_M1 : No trajectory found.
2022-04-07 11:26:34,022 | itj_planning | WARNING | A33_M2 : No trajectory found.
2022-04-07 11:26:34,072 | itj_planning | WARNING | A33_M5 : No trajectory found.
2022-04-07 11:26:34,122 | itj_planning | WARNING | A34_M0 : No trajectory found.
2022-04-07 11:26:34,172 | itj_planning | WARNING | A34_M1 : No trajectory found.
2022-04-07 11:26:34,239 | itj_planning | WARNING | A34_M3 : No trajectory found.
2022-04-07 11:26:34,289 | itj_planning | WARNING | A35_M0 : No trajectory found.
2022-04-07 11:26:34,339 | itj_planning | WARNING | A35_M2 : No trajectory found.
2022-04-07 11:26:34,422 | itj_planning | WARNING | A35_M5 : No trajectory found.
2022-04-07 11:26:34,472 | itj_planning | WARNING | A36_M0 : No trajectory found.
2022-04-07 11:26:34,539 | itj_planning | WARNING | A36_M1 : No trajectory found.
2022-04-07 11:26:34,605 | itj_planning | WARNING | A36_M3 : No trajectory found.
2022-04-07 11:28:48,459 | compas_fab_pychoreo.utils | WARNING | is_poses_close: frame coordinate origin distance: 6.806305 m | tol: 0.001100
2022-04-07 11:28:48,459 | itj_planning | ERROR | set_state: Robot FK tool pose and current frame diverge: 6.806305050396603 (m)
2022-04-07 11:28:48,459 | compas_fab_pychoreo.utils | WARNING | is_poses_close: frame coordinate origin distance: 6.806305 m | tol: 0.001100
2022-04-07 11:28:48,459 | itj_planning | ERROR | set_state: Robot FK tool pose and current frame diverge: 6.806305050396603 (m)
2022-04-07 11:28:48,475 | compas_fab_pychoreo.utils | DEBUG | check_attachment_collisions:
2022-04-07 11:28:48,574 | compas_fab_pychoreo.utils | INFO | ^^^^^^^^^^
2022-04-07 11:28:48,575 | compas_fab_pychoreo.utils | INFO | PychoreoClient scene summary:
2022-04-07 11:28:48,575 | compas_fab_pychoreo.utils | INFO | Collision Objects:
2022-04-07 11:28:48,575 | compas_fab_pychoreo.utils | INFO | 	['e0: [1]', 'e1: [2]', 'e10: [3]', 'e11: [4]', 'e12: [5]', 'e13: [6]', 'e14: [7]', 'e15: [8]', 'e16: [9]', 'e17: [10]', 'e18: [11]', 'e19: [12]', 'e2: [13]', 'e20: [14]', 'e21: [15]', 'e22: [16]', 'e23: [17]', 'e24: [18]', 'e25: [19]', 'e26: [20]', 'e27: [21]', 'e28: [22]', 'e29: [23]', 'e3: [24]', 'e30: [25]', 'e31: [26]', 'e32: [27]', 'e33: [28]', 'e34: [29]', 'e35: [30]', 'e36: [31]', 'e37: [32]', 'e38: [33]', 'e39: [34]', 'e4: [35]', 'e40: [36]', 'e41: [37]', 'e42: [38]', 'e43: [39]', 'e44: [40]', 'e45: [41]', 'e46: [42]', 'e47: [43]', 'e48: [44]', 'e49: [45]', 'e5: [46]', 'e50: [47]', 'e51: [48]', 'e52: [49]', 'e53: [50]', 'e54: [51]', 'e55: [52]', 'e56: [53]', 'e57: [54]', 'e58: [55]', 'e59: [56]', 'e6: [57]', 'e60: [58]', 'e61: [59]', 'e62: [60]', 'e63: [61]', 'e64: [62]', 'e65: [63]', 'e7: [64]', 'e8: [65]', 'e9: [66]', 'b18: [69]', 'b19: [70]', 'b20: [72]', 'b21: [73]', 'b22: [74]', 'b29: [75]', 'b30: [77]', 'b31: [78]', 'b8: [81]', 'c4: [86]', 's1: [87]', 's2: [88]', 's3: [89]', 's4: [90]', 'g1: [91]', 'g2: [92]', 'b1: [68]', 'b0: [67]', 'b2: [71]', 'b3: [76]', 'c1: [83]', 'c3: [85]', 'b4: [79]', 'c2: [84]']
2022-04-07 11:28:48,575 | compas_fab_pychoreo.utils | INFO | Attachments:
2022-04-07 11:28:48,575 | compas_fab_pychoreo.utils | INFO | 	b7: [80]
2022-04-07 11:28:48,575 | compas_fab_pychoreo.utils | INFO | 	g3: [93]
2022-04-07 11:28:48,575 | compas_fab_pychoreo.utils | INFO | 	tool_changer: [82]
2022-04-07 11:28:48,591 | compas_fab_pychoreo.utils | INFO | Extra disabled collision links:
2022-04-07 11:28:48,591 | compas_fab_pychoreo.utils | INFO | 	b7:
2022-04-07 11:28:48,592 | compas_fab_pychoreo.utils | INFO | 		(rfl-robot11_tool0), (b7-None)
2022-04-07 11:28:48,592 | compas_fab_pychoreo.utils | INFO | 		(g3-None), (b7-None)
2022-04-07 11:28:48,592 | compas_fab_pychoreo.utils | INFO | 	g3:
2022-04-07 11:28:48,592 | compas_fab_pychoreo.utils | INFO | 		(rfl-robot11_tool0), (g3-None)
2022-04-07 11:28:48,592 | compas_fab_pychoreo.utils | INFO | 		(tool_changer-None), (g3-None)
2022-04-07 11:28:48,592 | compas_fab_pychoreo.utils | INFO | 	tool_changer:
2022-04-07 11:28:48,592 | compas_fab_pychoreo.utils | INFO | 		(rfl-robot11_tool0), (tool_changer-None)
2022-04-07 11:28:48,592 | compas_fab_pychoreo.utils | INFO | 		(rfl-robot11_link_6), (tool_changer-None)
2022-04-07 11:28:48,592 | itj_planning | WARNING | A48_M2 | Start State in collision.
2022-04-07 11:28:48,592 | compas_fab_pychoreo.utils | WARNING | is_poses_close: frame coordinate origin distance: 6.806305 m | tol: 0.001100
2022-04-07 11:34:09,708 | itj_planning | WARNING | A48_M2 | Start State Robot FK tool pose and current frame diverge: 6.80631 (m)
2022-04-07 11:34:09,908 | compas_fab_pychoreo.utils | WARNING | pointwise collision: trajectory point #0/13
2022-04-07 11:34:10,024 | compas_fab_pychoreo.utils | WARNING | pointwise collision: trajectory point #1/13
2022-04-07 11:34:10,208 | compas_fab_pychoreo.utils | WARNING | pointwise collision: trajectory point #2/13
2022-04-07 11:34:10,359 | compas_fab_pychoreo.utils | WARNING | pointwise collision: trajectory point #3/13
2022-04-07 11:34:10,491 | compas_fab_pychoreo.utils | WARNING | pointwise collision: trajectory point #4/13
2022-04-07 11:34:10,608 | compas_fab_pychoreo.utils | WARNING | pointwise collision: trajectory point #5/13
2022-04-07 11:34:10,775 | compas_fab_pychoreo.utils | WARNING | pointwise collision: trajectory point #6/13
2022-04-07 11:34:10,958 | compas_fab_pychoreo.utils | WARNING | pointwise collision: trajectory point #7/13
2022-04-07 11:34:11,124 | compas_fab_pychoreo.utils | WARNING | pointwise collision: trajectory point #8/13
2022-04-07 11:34:11,274 | compas_fab_pychoreo.utils | WARNING | pointwise collision: trajectory point #9/13
2022-04-07 11:34:11,424 | compas_fab_pychoreo.utils | WARNING | pointwise collision: trajectory point #10/13
2022-04-07 11:34:11,557 | compas_fab_pychoreo.utils | WARNING | pointwise collision: trajectory point #11/13
2022-04-07 11:34:11,657 | compas_fab_pychoreo.utils | WARNING | pointwise collision: trajectory point #12/13
2022-04-07 11:40:03,306 | compas_fab_pychoreo.utils | WARNING | configuration duplicates: trajectory point #2/3
2022-04-07 11:43:09,662 | itj_planning | WARNING | Movements that requires care and love:
2022-04-07 11:43:09,662 | itj_planning | INFO | (MovementIndex=107) RoboticLinearMovement(#A27_M2, Linear retract of Gripper from Beam ('b3'), has_traj False): no_traj_found
2022-04-07 11:43:09,664 | itj_planning | INFO | (MovementIndex=109) RoboticFreeMovement(#A29_M0, Free Move to reach Storage Approach Frame of PG1500 ('g3'), to place tool in storage., has_traj False): no_traj_found
2022-04-07 11:43:09,665 | itj_planning | INFO | (MovementIndex=110) RoboticLinearMovement(#A29_M1, Linear Advance to Storage Frame of PG1500 ('g3'), to place tool in storage., has_traj False): no_traj_found
2022-04-07 11:43:09,665 | itj_planning | INFO | (MovementIndex=112) RoboticLinearMovement(#A29_M3, Linear Retract from storage after placing PG1500 ('g3') in storage, has_traj False): no_traj_found
2022-04-07 11:43:09,666 | itj_planning | INFO | (MovementIndex=113) RoboticFreeMovement(#A30_M0, Free Move to reach CL3 ('c1') to detach it from structure., has_traj False): no_traj_found
2022-04-07 11:43:09,667 | itj_planning | INFO | (MovementIndex=114) RoboticLinearMovement(#A30_M1, Linear Advance to dock toolchanger of CL3 ('c1')., has_traj False): no_traj_found
2022-04-07 11:43:09,668 | itj_planning | INFO | (MovementIndex=118) RoboticLinearMovement(#A30_M5, Linear Retract 1 of 2 to storage after picking up CL3 ('c1') from structure., has_traj False): no_traj_found
2022-04-07 11:43:09,669 | itj_planning | INFO | (MovementIndex=119) RoboticLinearMovement(#A30_M6, Linear Retract 2 of 2 to storage after picking up CL3 ('c1') from structure., has_traj False): no_traj_found
2022-04-07 11:43:09,669 | itj_planning | INFO | (MovementIndex=120) RoboticFreeMovement(#A31_M0, Free Move to bring CL3 ('c1') to structure., has_traj False): no_traj_found
2022-04-07 11:43:09,670 | itj_planning | INFO | (MovementIndex=121) RoboticLinearMovement(#A31_M1, Linear Approach 1 of 2 to attach CL3 ('c1') to structure., has_traj False): no_traj_found
2022-04-07 11:43:09,670 | itj_planning | INFO | (MovementIndex=122) RoboticLinearMovement(#A31_M2, Linear Approach 2 of 2 to attach CL3 ('c1') to structure., has_traj False): no_traj_found
2022-04-07 11:43:09,671 | itj_planning | INFO | (MovementIndex=125) RoboticLinearMovement(#A31_M5, Linear Retract after attaching CL3 ('c1') on structure, has_traj False): no_traj_found
2022-04-07 11:43:09,672 | itj_planning | INFO | (MovementIndex=126) RoboticFreeMovement(#A32_M0, Free Move to reach CL3M ('c3') to detach it from structure., has_traj False): no_traj_found
2022-04-07 11:43:09,672 | itj_planning | INFO | (MovementIndex=127) RoboticLinearMovement(#A32_M1, Linear Advance to dock toolchanger of CL3M ('c3')., has_traj False): no_traj_found
2022-04-07 11:43:09,673 | itj_planning | INFO | (MovementIndex=131) RoboticLinearMovement(#A32_M5, Linear Retract 1 of 2 to storage after picking up CL3M ('c3') from structure., has_traj False): no_traj_found
2022-04-07 11:43:09,674 | itj_planning | INFO | (MovementIndex=132) RoboticLinearMovement(#A32_M6, Linear Retract 2 of 2 to storage after picking up CL3M ('c3') from structure., has_traj False): no_traj_found
2022-04-07 11:43:09,675 | itj_planning | INFO | (MovementIndex=133) RoboticFreeMovement(#A33_M0, Free Move to bring CL3M ('c3') to structure., has_traj False): no_traj_found
2022-04-07 11:43:09,675 | itj_planning | INFO | (MovementIndex=134) RoboticLinearMovement(#A33_M1, Linear Approach 1 of 2 to attach CL3M ('c3') to structure., has_traj False): no_traj_found
2022-04-07 11:43:09,676 | itj_planning | INFO | (MovementIndex=135) RoboticLinearMovement(#A33_M2, Linear Approach 2 of 2 to attach CL3M ('c3') to structure., has_traj False): no_traj_found
2022-04-07 11:43:09,676 | itj_planning | INFO | (MovementIndex=138) RoboticLinearMovement(#A33_M5, Linear Retract after attaching CL3M ('c3') on structure, has_traj False): no_traj_found
2022-04-07 11:43:09,677 | itj_planning | INFO | (MovementIndex=139) RoboticFreeMovement(#A34_M0, Free Move reach Storage Approach Frame of PG1500 ('g3'), to get tool., has_traj False): no_traj_found
2022-04-07 11:43:09,677 | itj_planning | INFO | (MovementIndex=140) RoboticLinearMovement(#A34_M1, Linear Advance to Storage Frame of PG1500 ('g3'), to get tool., has_traj False): no_traj_found
2022-04-07 11:43:09,678 | itj_planning | INFO | (MovementIndex=142) RoboticLinearMovement(#A34_M3, Linear Retract after getting PG1500 ('g3') from storage., has_traj False): no_traj_found
2022-04-07 11:43:09,679 | itj_planning | INFO | (MovementIndex=143) RoboticFreeMovement(#A35_M0, Free Move to reach Pickup Approach Frame of Beam ('b4'), has_traj False): no_traj_found
2022-04-07 11:43:09,679 | itj_planning | INFO | (MovementIndex=145) RoboticLinearMovement(#A35_M2, Linear Advance to Storage Frame of Beam ('b4'), has_traj False): no_traj_found
2022-04-07 11:43:09,680 | itj_planning | INFO | (MovementIndex=148) RoboticLinearMovement(#A35_M5, Linear Retract after picking up Beam ('b4'), has_traj False): no_traj_found
2022-04-07 11:43:09,680 | itj_planning | INFO | (MovementIndex=149) RoboticFreeMovement(#A36_M0, Free Move to bring Beam ('b4') to approach clamps on structure., has_traj False): no_traj_found
2022-04-07 11:43:09,681 | itj_planning | INFO | (MovementIndex=150) RoboticLinearMovement(#A36_M1, Linear Advance to bring Beam ('b4') into clamp jaws, has_traj False): no_traj_found
2022-04-07 11:43:09,681 | itj_planning | INFO | (MovementIndex=152) RoboticClampSyncLinearMovement(#A36_M3, Robot and Clamps (['c3', 'c1']) syncronously move to clamp Beam ('b4'), has_traj False): no_traj_found
2022-04-07 11:43:09,682 | itj_planning | INFO | (MovementIndex=195) RoboticLinearMovement(#A48_M2, Linear retract of Gripper from Beam ('b7'), has_traj True): start_state_in_collision, start_state_fk_disagree, traj_pointwise_collision, traj_pointwise_collision, traj_pointwise_collision, traj_pointwise_collision, traj_pointwise_collision, traj_pointwise_collision, traj_pointwise_collision, traj_pointwise_collision, traj_pointwise_collision, traj_pointwise_collision, traj_pointwise_collision, traj_pointwise_collision, traj_pointwise_collision
2022-04-07 11:43:09,683 | itj_planning | INFO | (MovementIndex=298) RoboticLinearMovement(#A71_M0, Linear Move to lift up Beam ('b19'), has_traj True): configuration_duplication
2022-04-07 12:16:16,254 | itj_planning | INFO | planning.check_states.py started with args: Namespace(debug=False, design_dir='210916_SymbolicPlanning', movement_id=None, plan_summary=True, problem='CantiBoxLeft_10pcs_process.json', problem_subdir='results', reinit_tool=False, seq_n=None, skip_state_collision_check=False, traj_collision=False, verify_plan=False, viewer=False)
2022-04-07 12:16:16,688 | itj_planning | INFO | Loading external movements from c:\users\harry\dropbox (mit)\code_ws_dropbox\itj_ws\integral_timber_joints\external\itj_design_study\210916_SymbolicPlanning\results
2022-04-07 12:16:16,704 | itj_planning | WARNING | A0_M2: no saved movement found | RoboticDigitalOutput(#A0_M2, Toolchanger Lock PG1500 ('g3'))
2022-04-07 12:16:16,704 | itj_planning | WARNING | A1_M0: no saved movement found | OperatorLoadBeamMovement(#A1_M0, Opeartor Load Beam (b1) to Pickup Location)
2022-04-07 12:16:16,704 | itj_planning | WARNING | A2_M1: no saved movement found | RoboticDigitalOutput(#A2_M1, Gripper ('g3') Open Gripper before gripping Beam ('b1'))
2022-04-07 12:16:16,704 | itj_planning | WARNING | A2_M3: no saved movement found | RoboticDigitalOutput(#A2_M3, Gripper ('g3') Close Gripper to grip Beam ('b1'))
2022-04-07 12:16:16,704 | itj_planning | WARNING | A2_M4: no saved movement found | SetWorkpieceWeight(#A2_M4, Set Workpiece Weight to 16.19862984998858kg for Beam('b1'))
2022-04-07 12:16:16,704 | itj_planning | WARNING | A3_M2: no saved movement found | RoboticDigitalOutput(#A3_M2, Open Gripper ('g3') and let go of Beam ('b1'))
2022-04-07 12:16:16,704 | itj_planning | WARNING | A3_M3: no saved movement found | SetWorkpieceWeight(#A3_M3, Set Workpiece Weight to zero.)
2022-04-07 12:16:16,704 | itj_planning | WARNING | A4_M0: no saved movement found | RoboticDigitalOutput(#A4_M0, Open Gripper ('g3') and let go of Beam ('b1'))
2022-04-07 12:16:16,704 | itj_planning | WARNING | A4_M1: no saved movement found | SetWorkpieceWeight(#A4_M1, Set Workpiece Weight to zero.)
2022-04-07 12:16:16,704 | itj_planning | WARNING | A5_M0: no saved movement found | OperatorLoadBeamMovement(#A5_M0, Opeartor Load Beam (b0) to Pickup Location)
2022-04-07 12:16:16,704 | itj_planning | WARNING | A6_M1: no saved movement found | RoboticDigitalOutput(#A6_M1, Gripper ('g3') Open Gripper before gripping Beam ('b0'))
2022-04-07 12:16:16,704 | itj_planning | WARNING | A6_M3: no saved movement found | RoboticDigitalOutput(#A6_M3, Gripper ('g3') Close Gripper to grip Beam ('b0'))
2022-04-07 12:16:16,704 | itj_planning | WARNING | A6_M4: no saved movement found | SetWorkpieceWeight(#A6_M4, Set Workpiece Weight to 16.198629897104457kg for Beam('b0'))
2022-04-07 12:16:16,704 | itj_planning | WARNING | A7_M2: no saved movement found | RoboticDigitalOutput(#A7_M2, Open Gripper ('g3') and let go of Beam ('b0'))
2022-04-07 12:16:16,704 | itj_planning | WARNING | A7_M3: no saved movement found | SetWorkpieceWeight(#A7_M3, Set Workpiece Weight to zero.)
2022-04-07 12:16:16,704 | itj_planning | WARNING | A8_M0: no saved movement found | RoboticDigitalOutput(#A8_M0, Open Gripper ('g3') and let go of Beam ('b0'))
2022-04-07 12:16:16,704 | itj_planning | WARNING | A8_M1: no saved movement found | SetWorkpieceWeight(#A8_M1, Set Workpiece Weight to zero.)
2022-04-07 12:16:16,704 | itj_planning | WARNING | A9_M0: no saved movement found | OperatorLoadBeamMovement(#A9_M0, Opeartor Load Beam (b2) to Pickup Location)
2022-04-07 12:16:16,704 | itj_planning | WARNING | A10_M2: no saved movement found | RoboticDigitalOutput(#A10_M2, Toolchanger Unlock PG1500 ('g3'))
2022-04-07 12:16:16,704 | itj_planning | WARNING | A11_M2: no saved movement found | RoboticDigitalOutput(#A11_M2, Toolchanger Lock CL3M ('c3'))
2022-04-07 12:16:16,704 | itj_planning | WARNING | A11_M3: no saved movement found | RoboticDigitalOutput(#A11_M3, CL3M ('c3') Open Gripper to release itself from storage pad.)
2022-04-07 12:16:16,704 | itj_planning | WARNING | A12_M3: no saved movement found | RoboticDigitalOutput(#A12_M3, CL3M ('c3') Close Gripper and attach to structure.)
2022-04-07 12:16:16,704 | itj_planning | WARNING | A12_M4: no saved movement found | RoboticDigitalOutput(#A12_M4, Toolchanger Unlock CL3M ('c3').)
2022-04-07 12:16:16,704 | itj_planning | WARNING | A13_M2: no saved movement found | RoboticDigitalOutput(#A13_M2, Toolchanger Lock PG1500 ('g3'))
2022-04-07 12:16:16,704 | itj_planning | WARNING | A14_M1: no saved movement found | RoboticDigitalOutput(#A14_M1, Gripper ('g3') Open Gripper before gripping Beam ('b2'))
2022-04-07 12:16:16,720 | itj_planning | WARNING | A14_M3: no saved movement found | RoboticDigitalOutput(#A14_M3, Gripper ('g3') Close Gripper to grip Beam ('b2'))
2022-04-07 12:16:16,721 | itj_planning | WARNING | A14_M4: no saved movement found | SetWorkpieceWeight(#A14_M4, Set Workpiece Weight to 17.250000000002206kg for Beam('b2'))
2022-04-07 12:16:16,721 | itj_planning | WARNING | A15_M2: no saved movement found | ClampsJawMovement(#A15_M2, Clamps (['c3']) close slightly to touch Beam ('b2'))
2022-04-07 12:16:16,721 | itj_planning | WARNING | A16_M0: no saved movement found | RoboticDigitalOutput(#A16_M0, Open Gripper ('g3') and let go of Beam ('b2'))
2022-04-07 12:16:16,721 | itj_planning | WARNING | A16_M1: no saved movement found | SetWorkpieceWeight(#A16_M1, Set Workpiece Weight to zero.)
2022-04-07 12:16:16,721 | itj_planning | WARNING | A17_M0: no saved movement found | OperatorLoadBeamMovement(#A17_M0, Opeartor Load Beam (b3) to Pickup Location)
2022-04-07 12:16:16,721 | itj_planning | WARNING | A18_M2: no saved movement found | RoboticDigitalOutput(#A18_M2, Toolchanger Unlock PG1500 ('g3'))
2022-04-07 12:16:16,721 | itj_planning | WARNING | A19_M2: no saved movement found | RoboticDigitalOutput(#A19_M2, Toolchanger Lock CL3 ('c1'))
2022-04-07 12:16:16,721 | itj_planning | WARNING | A19_M3: no saved movement found | RoboticDigitalOutput(#A19_M3, CL3 ('c1') Open Gripper to release itself from storage pad.)
2022-04-07 12:16:16,721 | itj_planning | WARNING | A20_M3: no saved movement found | RoboticDigitalOutput(#A20_M3, CL3 ('c1') Close Gripper and attach to structure.)
2022-04-07 12:16:16,721 | itj_planning | WARNING | A20_M4: no saved movement found | RoboticDigitalOutput(#A20_M4, Toolchanger Unlock CL3 ('c1').)
2022-04-07 12:16:16,721 | itj_planning | WARNING | A21_M2: no saved movement found | RoboticDigitalOutput(#A21_M2, Toolchanger Lock PG1500 ('g3'))
2022-04-07 12:16:16,721 | itj_planning | WARNING | A22_M1: no saved movement found | RoboticDigitalOutput(#A22_M1, Gripper ('g3') Open Gripper before gripping Beam ('b3'))
2022-04-07 12:16:16,721 | itj_planning | WARNING | A22_M3: no saved movement found | RoboticDigitalOutput(#A22_M3, Gripper ('g3') Close Gripper to grip Beam ('b3'))
2022-04-07 12:16:16,721 | itj_planning | WARNING | A22_M4: no saved movement found | SetWorkpieceWeight(#A22_M4, Set Workpiece Weight to 17.25000000000157kg for Beam('b3'))
2022-04-07 12:16:16,721 | itj_planning | WARNING | A23_M2: no saved movement found | ClampsJawMovement(#A23_M2, Clamps (['c1']) close slightly to touch Beam ('b3'))
2022-04-07 12:16:16,721 | itj_planning | WARNING | A33_M0: no saved movement found | OperatorLoadBeamMovement(#A33_M0, Opeartor manually assemble Beam (b20) to final location.)
2022-04-07 12:16:16,721 | itj_planning | WARNING | A34_M0: no saved movement found | OperatorLoadBeamMovement(#A34_M0, Opeartor manually assemble Beam (b22) to final location.)
2022-04-07 12:16:16,721 | itj_planning | WARNING | A35_M0: no saved movement found | OperatorLoadBeamMovement(#A35_M0, Opeartor manually assemble Beam (b21) to final location.)
2022-04-07 12:16:16,721 | itj_planning | WARNING | A24_M0: no saved movement found | OperatorLoadBeamMovement(#A24_M0, Opeartor manually assemble Beam (b20) to final location.)
2022-04-07 12:16:16,721 | itj_planning | WARNING | A25_M0: no saved movement found | OperatorLoadBeamMovement(#A25_M0, Opeartor manually assemble Beam (b22) to final location.)
2022-04-07 12:16:16,721 | itj_planning | WARNING | A26_M0: no saved movement found | OperatorLoadBeamMovement(#A26_M0, Opeartor manually assemble Beam (b21) to final location.)
2022-04-07 12:16:16,721 | itj_planning | WARNING | A27_M0: no saved movement found | RoboticDigitalOutput(#A27_M0, Open Gripper ('g3') and let go of Beam ('b3'))
2022-04-07 12:16:16,721 | itj_planning | WARNING | A27_M1: no saved movement found | SetWorkpieceWeight(#A27_M1, Set Workpiece Weight to zero.)
2022-04-07 12:16:16,721 | itj_planning | WARNING | A27_M2: no saved movement found | RoboticLinearMovement(#A27_M2, Linear retract of Gripper from Beam ('b3'), has_traj False)
2022-04-07 12:16:16,736 | itj_planning | WARNING | A28_M0: no saved movement found | OperatorLoadBeamMovement(#A28_M0, Opeartor Load Beam (b4) to Pickup Location)
2022-04-07 12:16:16,737 | itj_planning | WARNING | A29_M0: no saved movement found | RoboticFreeMovement(#A29_M0, Free Move to reach Storage Approach Frame of PG1500 ('g3'), to place tool in storage., has_traj False)
2022-04-07 12:16:16,737 | itj_planning | WARNING | A29_M1: no saved movement found | RoboticLinearMovement(#A29_M1, Linear Advance to Storage Frame of PG1500 ('g3'), to place tool in storage., has_traj False)
2022-04-07 12:16:16,737 | itj_planning | WARNING | A29_M2: no saved movement found | RoboticDigitalOutput(#A29_M2, Toolchanger Unlock PG1500 ('g3'))
2022-04-07 12:16:16,737 | itj_planning | WARNING | A29_M3: no saved movement found | RoboticLinearMovement(#A29_M3, Linear Retract from storage after placing PG1500 ('g3') in storage, has_traj False)
2022-04-07 12:16:16,737 | itj_planning | WARNING | A30_M0: no saved movement found | RoboticFreeMovement(#A30_M0, Free Move to reach CL3 ('c1') to detach it from structure., has_traj False)
2022-04-07 12:16:16,737 | itj_planning | WARNING | A30_M1: no saved movement found | RoboticLinearMovement(#A30_M1, Linear Advance to dock toolchanger of CL3 ('c1')., has_traj False)
2022-04-07 12:16:16,737 | itj_planning | WARNING | A30_M2: no saved movement found | RoboticDigitalOutput(#A30_M2, Toolchanger Lock CL3 ('c1'))
2022-04-07 12:16:16,737 | itj_planning | WARNING | A30_M3: no saved movement found | ClampsJawMovement(#A30_M3, CL3 ('c1') Open Clamp Jaws to be released.)
2022-04-07 12:16:16,737 | itj_planning | WARNING | A30_M4: no saved movement found | RoboticDigitalOutput(#A30_M4, CL3 ('c1') Open Gripper to be released from structure.)
2022-04-07 12:16:16,737 | itj_planning | WARNING | A30_M5: no saved movement found | RoboticLinearMovement(#A30_M5, Linear Retract 1 of 2 to storage after picking up CL3 ('c1') from structure., has_traj False)
2022-04-07 12:16:16,737 | itj_planning | WARNING | A30_M6: no saved movement found | RoboticLinearMovement(#A30_M6, Linear Retract 2 of 2 to storage after picking up CL3 ('c1') from structure., has_traj False)
2022-04-07 12:16:16,737 | itj_planning | WARNING | A31_M0: no saved movement found | RoboticFreeMovement(#A31_M0, Free Move to bring CL3 ('c1') to structure., has_traj False)
2022-04-07 12:16:16,737 | itj_planning | WARNING | A31_M1: no saved movement found | RoboticLinearMovement(#A31_M1, Linear Approach 1 of 2 to attach CL3 ('c1') to structure., has_traj False)
2022-04-07 12:16:16,737 | itj_planning | WARNING | A31_M2: no saved movement found | RoboticLinearMovement(#A31_M2, Linear Approach 2 of 2 to attach CL3 ('c1') to structure., has_traj False)
2022-04-07 12:16:16,737 | itj_planning | WARNING | A31_M3: no saved movement found | RoboticDigitalOutput(#A31_M3, CL3 ('c1') Close Gripper and attach to structure.)
2022-04-07 12:16:16,737 | itj_planning | WARNING | A31_M4: no saved movement found | RoboticDigitalOutput(#A31_M4, Toolchanger Unlock CL3 ('c1').)
2022-04-07 12:16:16,737 | itj_planning | WARNING | A31_M5: no saved movement found | RoboticLinearMovement(#A31_M5, Linear Retract after attaching CL3 ('c1') on structure, has_traj False)
2022-04-07 12:16:16,737 | itj_planning | WARNING | A32_M0: no saved movement found | RoboticFreeMovement(#A32_M0, Free Move to reach CL3M ('c3') to detach it from structure., has_traj False)
2022-04-07 12:16:16,737 | itj_planning | WARNING | A32_M1: no saved movement found | RoboticLinearMovement(#A32_M1, Linear Advance to dock toolchanger of CL3M ('c3')., has_traj False)
2022-04-07 12:16:16,737 | itj_planning | WARNING | A32_M2: no saved movement found | RoboticDigitalOutput(#A32_M2, Toolchanger Lock CL3M ('c3'))
2022-04-07 12:16:16,737 | itj_planning | WARNING | A32_M3: no saved movement found | ClampsJawMovement(#A32_M3, CL3M ('c3') Open Clamp Jaws to be released.)
2022-04-07 12:16:16,737 | itj_planning | WARNING | A32_M4: no saved movement found | RoboticDigitalOutput(#A32_M4, CL3M ('c3') Open Gripper to be released from structure.)
2022-04-07 12:16:16,737 | itj_planning | WARNING | A32_M5: no saved movement found | RoboticLinearMovement(#A32_M5, Linear Retract 1 of 2 to storage after picking up CL3M ('c3') from structure., has_traj False)
2022-04-07 12:16:16,737 | itj_planning | WARNING | A32_M6: no saved movement found | RoboticLinearMovement(#A32_M6, Linear Retract 2 of 2 to storage after picking up CL3M ('c3') from structure., has_traj False)
2022-04-07 12:16:16,737 | itj_planning | WARNING | A33_M0: no saved movement found | RoboticFreeMovement(#A33_M0, Free Move to bring CL3M ('c3') to structure., has_traj False)
2022-04-07 12:16:16,737 | itj_planning | WARNING | A33_M1: no saved movement found | RoboticLinearMovement(#A33_M1, Linear Approach 1 of 2 to attach CL3M ('c3') to structure., has_traj False)
2022-04-07 12:16:16,737 | itj_planning | WARNING | A33_M2: no saved movement found | RoboticLinearMovement(#A33_M2, Linear Approach 2 of 2 to attach CL3M ('c3') to structure., has_traj False)
2022-04-07 12:16:16,753 | itj_planning | WARNING | A33_M3: no saved movement found | RoboticDigitalOutput(#A33_M3, CL3M ('c3') Close Gripper and attach to structure.)
2022-04-07 12:16:16,754 | itj_planning | WARNING | A33_M4: no saved movement found | RoboticDigitalOutput(#A33_M4, Toolchanger Unlock CL3M ('c3').)
2022-04-07 12:16:16,754 | itj_planning | WARNING | A33_M5: no saved movement found | RoboticLinearMovement(#A33_M5, Linear Retract after attaching CL3M ('c3') on structure, has_traj False)
2022-04-07 12:16:16,754 | itj_planning | WARNING | A34_M0: no saved movement found | RoboticFreeMovement(#A34_M0, Free Move reach Storage Approach Frame of PG1500 ('g3'), to get tool., has_traj False)
2022-04-07 12:16:16,754 | itj_planning | WARNING | A34_M1: no saved movement found | RoboticLinearMovement(#A34_M1, Linear Advance to Storage Frame of PG1500 ('g3'), to get tool., has_traj False)
2022-04-07 12:16:16,754 | itj_planning | WARNING | A34_M2: no saved movement found | RoboticDigitalOutput(#A34_M2, Toolchanger Lock PG1500 ('g3'))
2022-04-07 12:16:16,754 | itj_planning | WARNING | A34_M3: no saved movement found | RoboticLinearMovement(#A34_M3, Linear Retract after getting PG1500 ('g3') from storage., has_traj False)
2022-04-07 12:16:16,754 | itj_planning | WARNING | A35_M0: no saved movement found | RoboticFreeMovement(#A35_M0, Free Move to reach Pickup Approach Frame of Beam ('b4'), has_traj False)
2022-04-07 12:16:16,754 | itj_planning | WARNING | A35_M1: no saved movement found | RoboticDigitalOutput(#A35_M1, Gripper ('g3') Open Gripper before gripping Beam ('b4'))
2022-04-07 12:16:16,754 | itj_planning | WARNING | A35_M2: no saved movement found | RoboticLinearMovement(#A35_M2, Linear Advance to Storage Frame of Beam ('b4'), has_traj False)
2022-04-07 12:16:16,754 | itj_planning | WARNING | A35_M3: no saved movement found | RoboticDigitalOutput(#A35_M3, Gripper ('g3') Close Gripper to grip Beam ('b4'))
2022-04-07 12:16:16,754 | itj_planning | WARNING | A35_M4: no saved movement found | SetWorkpieceWeight(#A35_M4, Set Workpiece Weight to 17.020000000000465kg for Beam('b4'))
2022-04-07 12:16:16,754 | itj_planning | WARNING | A35_M5: no saved movement found | RoboticLinearMovement(#A35_M5, Linear Retract after picking up Beam ('b4'), has_traj False)
2022-04-07 12:16:16,754 | itj_planning | WARNING | A36_M0: no saved movement found | RoboticFreeMovement(#A36_M0, Free Move to bring Beam ('b4') to approach clamps on structure., has_traj False)
2022-04-07 12:16:16,754 | itj_planning | WARNING | A36_M1: no saved movement found | RoboticLinearMovement(#A36_M1, Linear Advance to bring Beam ('b4') into clamp jaws, has_traj False)
2022-04-07 12:16:16,754 | itj_planning | WARNING | A36_M2: no saved movement found | ClampsJawMovement(#A36_M2, Clamps (['c3', 'c1']) close slightly to touch Beam ('b4'))
2022-04-07 12:16:16,754 | itj_planning | WARNING | A36_M3: no saved movement found | RoboticClampSyncLinearMovement(#A36_M3, Robot and Clamps (['c3', 'c1']) syncronously move to clamp Beam ('b4'), has_traj False)
2022-04-07 12:16:16,754 | itj_planning | WARNING | A37_M0: no saved movement found | RoboticDigitalOutput(#A37_M0, Open Gripper ('g3') and let go of Beam ('b4'))
2022-04-07 12:16:16,754 | itj_planning | WARNING | A37_M1: no saved movement found | SetWorkpieceWeight(#A37_M1, Set Workpiece Weight to zero.)
2022-04-07 12:16:16,754 | itj_planning | WARNING | A38_M0: no saved movement found | OperatorLoadBeamMovement(#A38_M0, Opeartor Load Beam (b7) to Pickup Location)
2022-04-07 12:16:16,754 | itj_planning | WARNING | A39_M2: no saved movement found | RoboticDigitalOutput(#A39_M2, Toolchanger Unlock PG1500 ('g3'))
2022-04-07 12:16:16,754 | itj_planning | WARNING | A40_M2: no saved movement found | RoboticDigitalOutput(#A40_M2, Toolchanger Lock CL3 ('c2'))
2022-04-07 12:16:16,754 | itj_planning | WARNING | A40_M3: no saved movement found | RoboticDigitalOutput(#A40_M3, CL3 ('c2') Open Gripper to release itself from storage pad.)
2022-04-07 12:16:16,754 | itj_planning | WARNING | A41_M3: no saved movement found | RoboticDigitalOutput(#A41_M3, CL3 ('c2') Close Gripper and attach to structure.)
2022-04-07 12:16:16,770 | itj_planning | WARNING | A41_M4: no saved movement found | RoboticDigitalOutput(#A41_M4, Toolchanger Unlock CL3 ('c2').)
2022-04-07 12:16:16,771 | itj_planning | WARNING | A42_M2: no saved movement found | RoboticDigitalOutput(#A42_M2, Toolchanger Lock PG1500 ('g3'))
2022-04-07 12:16:16,771 | itj_planning | WARNING | A43_M1: no saved movement found | RoboticDigitalOutput(#A43_M1, Gripper ('g3') Open Gripper before gripping Beam ('b7'))
2022-04-07 12:16:16,771 | itj_planning | WARNING | A43_M3: no saved movement found | RoboticDigitalOutput(#A43_M3, Gripper ('g3') Close Gripper to grip Beam ('b7'))
2022-04-07 12:16:16,771 | itj_planning | WARNING | A43_M4: no saved movement found | SetWorkpieceWeight(#A43_M4, Set Workpiece Weight to 17.863347775880975kg for Beam('b7'))
2022-04-07 12:16:16,771 | itj_planning | WARNING | A44_M2: no saved movement found | ClampsJawMovement(#A44_M2, Clamps (['c2']) close slightly to touch Beam ('b7'))
2022-04-07 12:16:16,771 | itj_planning | WARNING | A45_M0: no saved movement found | OperatorLoadBeamMovement(#A45_M0, Opeartor manually assemble Beam (b30) to final location.)
2022-04-07 12:16:16,771 | itj_planning | WARNING | A46_M0: no saved movement found | OperatorLoadBeamMovement(#A46_M0, Opeartor manually assemble Beam (b29) to final location.)
2022-04-07 12:16:16,771 | itj_planning | WARNING | A47_M0: no saved movement found | OperatorLoadBeamMovement(#A47_M0, Opeartor manually assemble Beam (b31) to final location.)
2022-04-07 12:16:16,771 | itj_planning | WARNING | A48_M0: no saved movement found | RoboticDigitalOutput(#A48_M0, Open Gripper ('g3') and let go of Beam ('b7'))
2022-04-07 12:16:16,771 | itj_planning | WARNING | A48_M1: no saved movement found | SetWorkpieceWeight(#A48_M1, Set Workpiece Weight to zero.)
2022-04-07 12:16:16,771 | itj_planning | WARNING | A49_M0: no saved movement found | OperatorLoadBeamMovement(#A49_M0, Opeartor Load Beam (b8) to Pickup Location)
2022-04-07 12:16:16,771 | itj_planning | WARNING | A50_M2: no saved movement found | RoboticDigitalOutput(#A50_M2, Toolchanger Unlock PG1500 ('g3'))
2022-04-07 12:16:16,771 | itj_planning | WARNING | A51_M2: no saved movement found | RoboticDigitalOutput(#A51_M2, Toolchanger Lock CL3M ('c4'))
2022-04-07 12:16:16,771 | itj_planning | WARNING | A51_M3: no saved movement found | RoboticDigitalOutput(#A51_M3, CL3M ('c4') Open Gripper to release itself from storage pad.)
2022-04-07 12:16:16,771 | itj_planning | WARNING | A52_M3: no saved movement found | RoboticDigitalOutput(#A52_M3, CL3M ('c4') Close Gripper and attach to structure.)
2022-04-07 12:16:16,771 | itj_planning | WARNING | A52_M4: no saved movement found | RoboticDigitalOutput(#A52_M4, Toolchanger Unlock CL3M ('c4').)
2022-04-07 12:16:16,771 | itj_planning | WARNING | A53_M2: no saved movement found | RoboticDigitalOutput(#A53_M2, Toolchanger Lock CL3 ('c1'))
2022-04-07 12:16:16,771 | itj_planning | WARNING | A53_M3: no saved movement found | ClampsJawMovement(#A53_M3, CL3 ('c1') Open Clamp Jaws to be released.)
2022-04-07 12:16:16,771 | itj_planning | WARNING | A53_M4: no saved movement found | RoboticDigitalOutput(#A53_M4, CL3 ('c1') Open Gripper to be released from structure.)
2022-04-07 12:16:16,771 | itj_planning | WARNING | A54_M3: no saved movement found | RoboticDigitalOutput(#A54_M3, CL3 ('c1') Close Gripper and attach to structure.)
2022-04-07 12:16:16,771 | itj_planning | WARNING | A54_M4: no saved movement found | RoboticDigitalOutput(#A54_M4, Toolchanger Unlock CL3 ('c1').)
2022-04-07 12:16:16,786 | itj_planning | WARNING | A55_M2: no saved movement found | RoboticDigitalOutput(#A55_M2, Toolchanger Lock PG1500 ('g3'))
2022-04-07 12:16:16,787 | itj_planning | WARNING | A56_M1: no saved movement found | RoboticDigitalOutput(#A56_M1, Gripper ('g3') Open Gripper before gripping Beam ('b8'))
2022-04-07 12:16:16,787 | itj_planning | WARNING | A56_M3: no saved movement found | RoboticDigitalOutput(#A56_M3, Gripper ('g3') Close Gripper to grip Beam ('b8'))
2022-04-07 12:16:16,787 | itj_planning | WARNING | A56_M4: no saved movement found | SetWorkpieceWeight(#A56_M4, Set Workpiece Weight to 19.21841724868631kg for Beam('b8'))
2022-04-07 12:16:16,787 | itj_planning | WARNING | A57_M2: no saved movement found | ClampsJawMovement(#A57_M2, Clamps (['c1', 'c4']) close slightly to touch Beam ('b8'))
2022-04-07 12:16:16,787 | itj_planning | WARNING | A58_M0: no saved movement found | RoboticDigitalOutput(#A58_M0, Open Gripper ('g3') and let go of Beam ('b8'))
2022-04-07 12:16:16,787 | itj_planning | WARNING | A58_M1: no saved movement found | SetWorkpieceWeight(#A58_M1, Set Workpiece Weight to zero.)
2022-04-07 12:16:16,787 | itj_planning | WARNING | A59_M0: no saved movement found | OperatorLoadBeamMovement(#A59_M0, Opeartor Load Beam (b18) to Pickup Location)
2022-04-07 12:16:16,787 | itj_planning | WARNING | A60_M2: no saved movement found | RoboticDigitalOutput(#A60_M2, Toolchanger Unlock PG1500 ('g3'))
2022-04-07 12:16:16,787 | itj_planning | WARNING | A61_M2: no saved movement found | RoboticDigitalOutput(#A61_M2, Toolchanger Lock CL3 ('c1'))
2022-04-07 12:16:16,787 | itj_planning | WARNING | A61_M3: no saved movement found | ClampsJawMovement(#A61_M3, CL3 ('c1') Open Clamp Jaws to be released.)
2022-04-07 12:16:16,787 | itj_planning | WARNING | A61_M4: no saved movement found | RoboticDigitalOutput(#A61_M4, CL3 ('c1') Open Gripper to be released from structure.)
2022-04-07 12:16:16,787 | itj_planning | WARNING | A62_M3: no saved movement found | RoboticDigitalOutput(#A62_M3, CL3 ('c1') Close Gripper and attach to structure.)
2022-04-07 12:16:16,787 | itj_planning | WARNING | A62_M4: no saved movement found | RoboticDigitalOutput(#A62_M4, Toolchanger Unlock CL3 ('c1').)
2022-04-07 12:16:16,787 | itj_planning | WARNING | A63_M2: no saved movement found | RoboticDigitalOutput(#A63_M2, Toolchanger Lock CL3 ('c2'))
2022-04-07 12:16:16,787 | itj_planning | WARNING | A63_M3: no saved movement found | ClampsJawMovement(#A63_M3, CL3 ('c2') Open Clamp Jaws to be released.)
2022-04-07 12:16:16,787 | itj_planning | WARNING | A63_M4: no saved movement found | RoboticDigitalOutput(#A63_M4, CL3 ('c2') Open Gripper to be released from structure.)
2022-04-07 12:16:16,787 | itj_planning | WARNING | A64_M3: no saved movement found | RoboticDigitalOutput(#A64_M3, CL3 ('c2') Close Gripper and attach to structure.)
2022-04-07 12:16:16,787 | itj_planning | WARNING | A64_M4: no saved movement found | RoboticDigitalOutput(#A64_M4, Toolchanger Unlock CL3 ('c2').)
2022-04-07 12:16:16,787 | itj_planning | WARNING | A65_M2: no saved movement found | RoboticDigitalOutput(#A65_M2, Toolchanger Lock PG1500 ('g3'))
2022-04-07 12:16:16,787 | itj_planning | WARNING | A66_M1: no saved movement found | RoboticDigitalOutput(#A66_M1, Gripper ('g3') Open Gripper before gripping Beam ('b18'))
2022-04-07 12:16:16,787 | itj_planning | WARNING | A66_M3: no saved movement found | RoboticDigitalOutput(#A66_M3, Gripper ('g3') Close Gripper to grip Beam ('b18'))
2022-04-07 12:16:16,803 | itj_planning | WARNING | A66_M4: no saved movement found | SetWorkpieceWeight(#A66_M4, Set Workpiece Weight to 19.95795701979676kg for Beam('b18'))
2022-04-07 12:16:16,804 | itj_planning | WARNING | A67_M2: no saved movement found | ClampsJawMovement(#A67_M2, Clamps (['c1', 'c2']) close slightly to touch Beam ('b18'))
2022-04-07 12:16:16,804 | itj_planning | WARNING | A68_M0: no saved movement found | RoboticDigitalOutput(#A68_M0, Open Gripper ('g3') and let go of Beam ('b18'))
2022-04-07 12:16:16,804 | itj_planning | WARNING | A68_M1: no saved movement found | SetWorkpieceWeight(#A68_M1, Set Workpiece Weight to zero.)
2022-04-07 12:16:16,804 | itj_planning | WARNING | A69_M0: no saved movement found | OperatorLoadBeamMovement(#A69_M0, Opeartor Load Beam (b19) to Pickup Location)
2022-04-07 12:16:16,804 | itj_planning | WARNING | A70_M1: no saved movement found | RoboticDigitalOutput(#A70_M1, Gripper ('g3') Open Gripper before gripping Beam ('b19'))
2022-04-07 12:16:16,804 | itj_planning | WARNING | A70_M3: no saved movement found | RoboticDigitalOutput(#A70_M3, Gripper ('g3') Close Gripper to grip Beam ('b19'))
2022-04-07 12:16:16,804 | itj_planning | WARNING | A70_M4: no saved movement found | SetWorkpieceWeight(#A70_M4, Set Workpiece Weight to 18.3374535154085kg for Beam('b19'))
2022-04-07 12:16:16,804 | itj_planning | WARNING | A72_M0: no saved movement found | OperatorAttachToolMovement(#A72_M0, Opeartor Attach SL1 ('s1') to Joint (b1-b19) of Beam (b19).)
2022-04-07 12:16:16,804 | itj_planning | WARNING | A73_M0: no saved movement found | OperatorAttachToolMovement(#A73_M0, Opeartor Attach SL1 ('s2') to Joint (b18-b19) of Beam (b19).)
2022-04-07 12:16:16,804 | itj_planning | WARNING | A74_M0: no saved movement found | OperatorAttachToolMovement(#A74_M0, Opeartor Attach SL1 ('s3') to Joint (b8-b19) of Beam (b19).)
2022-04-07 12:16:16,804 | itj_planning | WARNING | A75_M3: no saved movement found | ScrewdriverMovement(#A75_M3, Screwdrivers (['s1', 's2', 's3']) tightens screw without sync)
2022-04-07 12:16:16,804 | itj_planning | WARNING | A76_M0: no saved movement found | RoboticDigitalOutput(#A76_M0, Open Gripper ('g3') and let go of Beam ('b19'))
2022-04-07 12:16:16,804 | itj_planning | WARNING | A76_M1: no saved movement found | SetWorkpieceWeight(#A76_M1, Set Workpiece Weight to zero.)
2022-04-07 12:16:16,804 | itj_planning | WARNING | A77_M2: no saved movement found | RoboticDigitalOutput(#A77_M2, Toolchanger Unlock PG1500 ('g3'))
2022-04-07 12:16:16,804 | itj_planning | WARNING | A78_M1: no saved movement found | AcquireDockingOffset(#A78_M1, Visually acquire offset to Toolchanger of SL1 ('s3') and move to alignment.)
2022-04-07 12:16:16,804 | itj_planning | WARNING | A78_M3: no saved movement found | RoboticDigitalOutput(#A78_M3, Toolchanger Lock SL1 ('s3'))
2022-04-07 12:16:16,804 | itj_planning | WARNING | A79_M0: no saved movement found | RoboticDigitalOutput(#A79_M0, Detach Screwdriver ('s3') from Joint ('b8-b19'))
2022-04-07 12:16:16,804 | itj_planning | WARNING | A79_M1: no saved movement found | SetWorkpieceWeight(#A79_M1, Set Workpiece Weight to zero.)
2022-04-07 12:16:16,804 | itj_planning | WARNING | A79_M4: no saved movement found | CancelRobotOffset(#A79_M4, Cancel Docking Offset)
2022-04-07 12:16:16,804 | itj_planning | WARNING | A80_M3: no saved movement found | RoboticDigitalOutput(#A80_M3, Toolchanger Unlock SL1 ('s3'))
2022-04-07 12:16:16,804 | itj_planning | WARNING | A81_M1: no saved movement found | AcquireDockingOffset(#A81_M1, Visually acquire offset to Toolchanger of SL1 ('s2') and move to alignment.)
2022-04-07 12:16:16,804 | itj_planning | WARNING | A81_M3: no saved movement found | RoboticDigitalOutput(#A81_M3, Toolchanger Lock SL1 ('s2'))
2022-04-07 12:16:16,820 | itj_planning | WARNING | A82_M0: no saved movement found | RoboticDigitalOutput(#A82_M0, Detach Screwdriver ('s2') from Joint ('b18-b19'))
2022-04-07 12:16:16,821 | itj_planning | WARNING | A82_M1: no saved movement found | SetWorkpieceWeight(#A82_M1, Set Workpiece Weight to zero.)
2022-04-07 12:16:16,821 | itj_planning | WARNING | A82_M4: no saved movement found | CancelRobotOffset(#A82_M4, Cancel Docking Offset)
2022-04-07 12:16:16,821 | itj_planning | WARNING | A83_M3: no saved movement found | RoboticDigitalOutput(#A83_M3, Toolchanger Unlock SL1 ('s2'))
2022-04-07 12:16:16,821 | itj_planning | WARNING | A84_M1: no saved movement found | AcquireDockingOffset(#A84_M1, Visually acquire offset to Toolchanger of SL1 ('s1') and move to alignment.)
2022-04-07 12:16:16,821 | itj_planning | WARNING | A84_M3: no saved movement found | RoboticDigitalOutput(#A84_M3, Toolchanger Lock SL1 ('s1'))
2022-04-07 12:16:16,821 | itj_planning | WARNING | A85_M0: no saved movement found | RoboticDigitalOutput(#A85_M0, Detach Screwdriver ('s1') from Joint ('b1-b19'))
2022-04-07 12:16:16,821 | itj_planning | WARNING | A85_M1: no saved movement found | SetWorkpieceWeight(#A85_M1, Set Workpiece Weight to zero.)
2022-04-07 12:16:16,821 | itj_planning | WARNING | A85_M4: no saved movement found | CancelRobotOffset(#A85_M4, Cancel Docking Offset)
2022-04-07 12:16:16,821 | itj_planning | WARNING | A86_M3: no saved movement found | RoboticDigitalOutput(#A86_M3, Toolchanger Unlock SL1 ('s1'))
2022-04-07 12:16:16,821 | itj_planning | INFO | Unfound beams (seq_n, beam_id): [(0, 'b1'), (1, 'b0'), (2, 'b2'), (3, 'b3'), (4, 'b20'), (5, 'b22'), (6, 'b21'), (7, 'b4'), (8, 'b7'), (12, 'b8'), (13, 'b18'), (14, 'b19')]
2022-04-07 12:20:58,660 | itj_planning | INFO | planning.check_states.py started with args: Namespace(debug=False, design_dir='210916_SymbolicPlanning', movement_id=None, plan_summary=True, problem='CantiBoxLeft_10pcs_process.json', problem_subdir='results', reinit_tool=False, seq_n=None, skip_state_collision_check=False, traj_collision=False, verify_plan=False, viewer=False)
2022-04-07 12:20:59,226 | itj_planning | INFO | Loading external movements from c:\users\harry\dropbox (mit)\code_ws_dropbox\itj_ws\integral_timber_joints\external\itj_design_study\210916_SymbolicPlanning\results
2022-04-07 12:22:34,284 | itj_planning | INFO | planning.check_states.py started with args: Namespace(debug=False, design_dir='210916_SymbolicPlanning', movement_id=None, plan_summary=True, problem='CantiBoxLeft_10pcs_process.json', problem_subdir='results', reinit_tool=False, seq_n=None, skip_state_collision_check=False, traj_collision=False, verify_plan=False, viewer=False)
2022-04-07 12:22:34,717 | itj_planning | INFO | Loading external movements from c:\users\harry\dropbox (mit)\code_ws_dropbox\itj_ws\integral_timber_joints\external\itj_design_study\210916_SymbolicPlanning\results
2022-04-07 12:22:34,733 | itj_planning | WARNING | A27_M2: no saved movement found | RoboticLinearMovement(#A27_M2, Linear retract of Gripper from Beam ('b3'), has_traj False)
2022-04-07 12:22:34,734 | itj_planning | WARNING | A29_M0: no saved movement found | RoboticFreeMovement(#A29_M0, Free Move to reach Storage Approach Frame of PG1500 ('g3'), to place tool in storage., has_traj False)
2022-04-07 12:22:34,734 | itj_planning | WARNING | A29_M1: no saved movement found | RoboticLinearMovement(#A29_M1, Linear Advance to Storage Frame of PG1500 ('g3'), to place tool in storage., has_traj False)
2022-04-07 12:22:34,734 | itj_planning | WARNING | A29_M3: no saved movement found | RoboticLinearMovement(#A29_M3, Linear Retract from storage after placing PG1500 ('g3') in storage, has_traj False)
2022-04-07 12:22:34,734 | itj_planning | WARNING | A30_M0: no saved movement found | RoboticFreeMovement(#A30_M0, Free Move to reach CL3 ('c1') to detach it from structure., has_traj False)
2022-04-07 12:22:34,734 | itj_planning | WARNING | A30_M1: no saved movement found | RoboticLinearMovement(#A30_M1, Linear Advance to dock toolchanger of CL3 ('c1')., has_traj False)
2022-04-07 12:22:34,734 | itj_planning | WARNING | A30_M5: no saved movement found | RoboticLinearMovement(#A30_M5, Linear Retract 1 of 2 to storage after picking up CL3 ('c1') from structure., has_traj False)
2022-04-07 12:22:34,734 | itj_planning | WARNING | A30_M6: no saved movement found | RoboticLinearMovement(#A30_M6, Linear Retract 2 of 2 to storage after picking up CL3 ('c1') from structure., has_traj False)
2022-04-07 12:22:34,734 | itj_planning | WARNING | A31_M0: no saved movement found | RoboticFreeMovement(#A31_M0, Free Move to bring CL3 ('c1') to structure., has_traj False)
2022-04-07 12:22:34,734 | itj_planning | WARNING | A31_M1: no saved movement found | RoboticLinearMovement(#A31_M1, Linear Approach 1 of 2 to attach CL3 ('c1') to structure., has_traj False)
2022-04-07 12:22:34,734 | itj_planning | WARNING | A31_M2: no saved movement found | RoboticLinearMovement(#A31_M2, Linear Approach 2 of 2 to attach CL3 ('c1') to structure., has_traj False)
2022-04-07 12:22:34,734 | itj_planning | WARNING | A31_M5: no saved movement found | RoboticLinearMovement(#A31_M5, Linear Retract after attaching CL3 ('c1') on structure, has_traj False)
2022-04-07 12:22:34,734 | itj_planning | WARNING | A32_M0: no saved movement found | RoboticFreeMovement(#A32_M0, Free Move to reach CL3M ('c3') to detach it from structure., has_traj False)
2022-04-07 12:22:34,734 | itj_planning | WARNING | A32_M1: no saved movement found | RoboticLinearMovement(#A32_M1, Linear Advance to dock toolchanger of CL3M ('c3')., has_traj False)
2022-04-07 12:22:34,734 | itj_planning | WARNING | A32_M5: no saved movement found | RoboticLinearMovement(#A32_M5, Linear Retract 1 of 2 to storage after picking up CL3M ('c3') from structure., has_traj False)
2022-04-07 12:22:34,734 | itj_planning | WARNING | A32_M6: no saved movement found | RoboticLinearMovement(#A32_M6, Linear Retract 2 of 2 to storage after picking up CL3M ('c3') from structure., has_traj False)
2022-04-07 12:22:34,734 | itj_planning | WARNING | A33_M0: no saved movement found | RoboticFreeMovement(#A33_M0, Free Move to bring CL3M ('c3') to structure., has_traj False)
2022-04-07 12:22:34,734 | itj_planning | WARNING | A33_M1: no saved movement found | RoboticLinearMovement(#A33_M1, Linear Approach 1 of 2 to attach CL3M ('c3') to structure., has_traj False)
2022-04-07 12:22:34,734 | itj_planning | WARNING | A33_M2: no saved movement found | RoboticLinearMovement(#A33_M2, Linear Approach 2 of 2 to attach CL3M ('c3') to structure., has_traj False)
2022-04-07 12:22:34,734 | itj_planning | WARNING | A33_M5: no saved movement found | RoboticLinearMovement(#A33_M5, Linear Retract after attaching CL3M ('c3') on structure, has_traj False)
2022-04-07 12:22:34,734 | itj_planning | WARNING | A34_M0: no saved movement found | RoboticFreeMovement(#A34_M0, Free Move reach Storage Approach Frame of PG1500 ('g3'), to get tool., has_traj False)
2022-04-07 12:22:34,734 | itj_planning | WARNING | A34_M1: no saved movement found | RoboticLinearMovement(#A34_M1, Linear Advance to Storage Frame of PG1500 ('g3'), to get tool., has_traj False)
2022-04-07 12:22:34,734 | itj_planning | WARNING | A34_M3: no saved movement found | RoboticLinearMovement(#A34_M3, Linear Retract after getting PG1500 ('g3') from storage., has_traj False)
2022-04-07 12:22:34,734 | itj_planning | WARNING | A35_M0: no saved movement found | RoboticFreeMovement(#A35_M0, Free Move to reach Pickup Approach Frame of Beam ('b4'), has_traj False)
2022-04-07 12:22:34,734 | itj_planning | WARNING | A35_M2: no saved movement found | RoboticLinearMovement(#A35_M2, Linear Advance to Storage Frame of Beam ('b4'), has_traj False)
2022-04-07 12:22:34,734 | itj_planning | WARNING | A35_M5: no saved movement found | RoboticLinearMovement(#A35_M5, Linear Retract after picking up Beam ('b4'), has_traj False)
2022-04-07 12:22:34,734 | itj_planning | WARNING | A36_M0: no saved movement found | RoboticFreeMovement(#A36_M0, Free Move to bring Beam ('b4') to approach clamps on structure., has_traj False)
2022-04-07 12:22:34,734 | itj_planning | WARNING | A36_M1: no saved movement found | RoboticLinearMovement(#A36_M1, Linear Advance to bring Beam ('b4') into clamp jaws, has_traj False)
2022-04-07 12:22:34,749 | itj_planning | WARNING | A36_M3: no saved movement found | RoboticClampSyncLinearMovement(#A36_M3, Robot and Clamps (['c3', 'c1']) syncronously move to clamp Beam ('b4'), has_traj False)
2022-04-07 12:22:34,750 | itj_planning | INFO | Unfound beams (seq_n, beam_id): [(7, 'b4')]
