2022-04-07 09:38:29,206 | itj_planning | INFO | planning.run.py started with args: Namespace(buffers_for_free_motions=False, debug=False, design_dir='210916_SymbolicPlanning', diagnosis=False, draw_mp_exploration=False, force_linear_to_free_movement=False, keep_planned_movements=False, low_res=False, movement_id=None, mp_algorithm='birrt', no_smooth=False, problem='CantiBoxLeft_10pcs_process.json', problem_subdir='results', quiet=False, reachable_range=[0.2, 2.4], reinit_tool=False, rrt_iterations=400, seq_n=None, solve_mode='nonlinear', solve_timeout=3600.0, step_sim=False, use_stored_seed=False, viewer=False, watch=False, write=True)
2022-04-07 09:38:30,006 | itj_planning | INFO | [36mSolving for beam ['b1', 'b0', 'b2', 'b3', 'b20', 'b22', 'b21', 'b4', 'b7', 'b30', 'b29', 'b31', 'b8', 'b18', 'b19'][0m
2022-04-07 09:38:32,639 | itj_planning | INFO | Beam b1 | nonlinear | Trail #0 | time elapsed 0.02
2022-04-07 09:40:27,144 | itj_planning | INFO | Return success: True | runtime of current attempt: 114.5
2022-04-07 09:40:29,260 | itj_planning | INFO | Beam b0 | nonlinear | Trail #0 | time elapsed 0.03
2022-04-07 09:42:31,798 | itj_planning | INFO | Return success: True | runtime of current attempt: 122.5
2022-04-07 09:42:33,565 | itj_planning | INFO | Beam b2 | nonlinear | Trail #0 | time elapsed 0.02
2022-04-07 09:47:03,722 | itj_planning | INFO | Return success: True | runtime of current attempt: 270.2
2022-04-07 09:47:05,655 | itj_planning | INFO | Beam b3 | nonlinear | Trail #0 | time elapsed 0.03
2022-04-07 09:52:13,108 | itj_planning | INFO | Return success: True | runtime of current attempt: 307.5
2022-04-07 09:52:15,241 | itj_planning | INFO | Beam b20 | nonlinear | Trail #0 | time elapsed 0.02
2022-04-07 09:52:18,324 | itj_planning | INFO | Return success: True | runtime of current attempt: 3.1
2022-04-07 09:52:20,340 | itj_planning | INFO | Beam b22 | nonlinear | Trail #0 | time elapsed 0.02
2022-04-07 09:52:23,292 | itj_planning | INFO | Return success: True | runtime of current attempt: 3.0
2022-04-07 09:52:25,290 | itj_planning | INFO | Beam b21 | nonlinear | Trail #0 | time elapsed 0.00
2022-04-07 09:52:28,390 | itj_planning | INFO | Return success: True | runtime of current attempt: 3.1
2022-04-07 09:52:30,423 | itj_planning | INFO | Beam b4 | nonlinear | Trail #0 | time elapsed 0.02
2022-04-07 09:56:36,232 | itj_planning | INFO | No plan found for A36_M0 | RoboticFreeMovement(#A36_M0, Free Move to bring Beam ('b4') to approach clamps on structure., has_traj False)
2022-04-07 09:56:36,232 | itj_planning | INFO | A plan NOT found using nonlinear planning at stage 4 for (seq_n=7) beam b4!
2022-04-07 09:56:36,232 | itj_planning | INFO | Return success: False | runtime of current attempt: 245.8
2022-04-07 09:56:36,253 | itj_planning | INFO | Beam b4 | nonlinear | Trail #1 | time elapsed 245.85
2022-04-07 09:56:38,897 | itj_planning | ERROR | Both start/end confs are pre-specified, problem might be too stiff to be solved.
2022-04-07 09:56:40,136 | itj_planning | ERROR | [33mRoboticLinearMovement(#A33_M2, Linear Approach 2 of 2 to attach CL3M ('c3') to structure., has_traj False) has both start, end conf specified, but no traj computed. This is BAD!![0m
2022-04-07 09:56:40,136 | itj_planning | ERROR | [33mRoboticLinearMovement(#A33_M2, Linear Approach 2 of 2 to attach CL3M ('c3') to structure., has_traj False) has both start, end conf specified, but no traj computed. This is BAD!![0m
2022-04-07 09:56:44,969 | itj_planning | ERROR | Both start/end confs are pre-specified, problem might be too stiff to be solved.
2022-04-07 09:56:45,117 | itj_planning | ERROR | compute_linear_motion: end conf disagreement.
2022-04-07 09:56:45,117 | itj_planning | INFO | No plan found for A32_M5 | RoboticLinearMovement(#A32_M5, Linear Retract 1 of 2 to storage after picking up CL3M ('c3') from structure., has_traj False)
2022-04-07 09:56:45,117 | itj_planning | INFO | A plan NOT found using nonlinear planning at stage 3 for (seq_n=7) beam b4!
2022-04-07 09:56:45,133 | itj_planning | INFO | Return success: False | runtime of current attempt: 8.9
2022-04-07 09:56:45,149 | itj_planning | INFO | Beam b4 | nonlinear | Trail #2 | time elapsed 254.74
2022-04-07 09:56:47,252 | itj_planning | ERROR | Both start/end confs are pre-specified, problem might be too stiff to be solved.
2022-04-07 09:56:48,492 | itj_planning | ERROR | [33mRoboticLinearMovement(#A33_M2, Linear Approach 2 of 2 to attach CL3M ('c3') to structure., has_traj False) has both start, end conf specified, but no traj computed. This is BAD!![0m
2022-04-07 09:56:48,492 | itj_planning | ERROR | [33mRoboticLinearMovement(#A33_M2, Linear Approach 2 of 2 to attach CL3M ('c3') to structure., has_traj False) has both start, end conf specified, but no traj computed. This is BAD!![0m
2022-04-07 09:56:53,599 | itj_planning | ERROR | Both start/end confs are pre-specified, problem might be too stiff to be solved.
2022-04-07 09:56:53,742 | itj_planning | ERROR | compute_linear_motion: end conf disagreement.
2022-04-07 09:56:53,758 | itj_planning | INFO | No plan found for A32_M5 | RoboticLinearMovement(#A32_M5, Linear Retract 1 of 2 to storage after picking up CL3M ('c3') from structure., has_traj False)
2022-04-07 09:56:53,758 | itj_planning | INFO | A plan NOT found using nonlinear planning at stage 3 for (seq_n=7) beam b4!
2022-04-07 09:56:53,758 | itj_planning | INFO | Return success: False | runtime of current attempt: 8.6
2022-04-07 09:56:53,774 | itj_planning | INFO | Beam b4 | nonlinear | Trail #3 | time elapsed 263.37
2022-04-07 09:56:55,860 | itj_planning | ERROR | Both start/end confs are pre-specified, problem might be too stiff to be solved.
2022-04-07 09:56:57,113 | itj_planning | ERROR | [33mRoboticLinearMovement(#A33_M2, Linear Approach 2 of 2 to attach CL3M ('c3') to structure., has_traj False) has both start, end conf specified, but no traj computed. This is BAD!![0m
2022-04-07 09:56:57,113 | itj_planning | ERROR | [33mRoboticLinearMovement(#A33_M2, Linear Approach 2 of 2 to attach CL3M ('c3') to structure., has_traj False) has both start, end conf specified, but no traj computed. This is BAD!![0m
2022-04-07 09:57:00,986 | itj_planning | ERROR | Both start/end confs are pre-specified, problem might be too stiff to be solved.
2022-04-07 09:57:01,129 | itj_planning | ERROR | compute_linear_motion: end conf disagreement.
2022-04-07 09:57:01,129 | itj_planning | INFO | No plan found for A32_M5 | RoboticLinearMovement(#A32_M5, Linear Retract 1 of 2 to storage after picking up CL3M ('c3') from structure., has_traj False)
2022-04-07 09:57:01,129 | itj_planning | INFO | A plan NOT found using nonlinear planning at stage 3 for (seq_n=7) beam b4!
2022-04-07 09:57:01,129 | itj_planning | INFO | Return success: False | runtime of current attempt: 7.4
2022-04-07 09:57:01,161 | itj_planning | INFO | Beam b4 | nonlinear | Trail #4 | time elapsed 270.75
2022-04-07 09:57:04,401 | itj_planning | ERROR | Both start/end confs are pre-specified, problem might be too stiff to be solved.
2022-04-07 09:57:05,733 | itj_planning | ERROR | [33mRoboticLinearMovement(#A33_M2, Linear Approach 2 of 2 to attach CL3M ('c3') to structure., has_traj False) has both start, end conf specified, but no traj computed. This is BAD!![0m
2022-04-07 09:57:05,733 | itj_planning | ERROR | [33mRoboticLinearMovement(#A33_M2, Linear Approach 2 of 2 to attach CL3M ('c3') to structure., has_traj False) has both start, end conf specified, but no traj computed. This is BAD!![0m
2022-04-07 09:57:09,768 | itj_planning | ERROR | Both start/end confs are pre-specified, problem might be too stiff to be solved.
2022-04-07 09:57:09,911 | itj_planning | ERROR | compute_linear_motion: end conf disagreement.
2022-04-07 09:57:09,911 | itj_planning | INFO | No plan found for A32_M5 | RoboticLinearMovement(#A32_M5, Linear Retract 1 of 2 to storage after picking up CL3M ('c3') from structure., has_traj False)
2022-04-07 09:57:09,911 | itj_planning | INFO | A plan NOT found using nonlinear planning at stage 3 for (seq_n=7) beam b4!
2022-04-07 09:57:09,911 | itj_planning | INFO | Return success: False | runtime of current attempt: 8.7
2022-04-07 09:57:09,943 | itj_planning | INFO | Beam b4 | nonlinear | Trail #5 | time elapsed 279.54
2022-04-07 09:57:12,313 | itj_planning | ERROR | Both start/end confs are pre-specified, problem might be too stiff to be solved.
2022-04-07 09:57:13,578 | itj_planning | ERROR | [33mRoboticLinearMovement(#A33_M2, Linear Approach 2 of 2 to attach CL3M ('c3') to structure., has_traj False) has both start, end conf specified, but no traj computed. This is BAD!![0m
2022-04-07 09:57:13,578 | itj_planning | ERROR | [33mRoboticLinearMovement(#A33_M2, Linear Approach 2 of 2 to attach CL3M ('c3') to structure., has_traj False) has both start, end conf specified, but no traj computed. This is BAD!![0m
2022-04-07 09:57:17,482 | itj_planning | ERROR | Both start/end confs are pre-specified, problem might be too stiff to be solved.
2022-04-07 09:57:17,625 | itj_planning | ERROR | compute_linear_motion: end conf disagreement.
2022-04-07 09:57:17,625 | itj_planning | INFO | No plan found for A32_M5 | RoboticLinearMovement(#A32_M5, Linear Retract 1 of 2 to storage after picking up CL3M ('c3') from structure., has_traj False)
2022-04-07 09:57:17,625 | itj_planning | INFO | A plan NOT found using nonlinear planning at stage 3 for (seq_n=7) beam b4!
2022-04-07 09:57:17,625 | itj_planning | INFO | Return success: False | runtime of current attempt: 7.7
2022-04-07 09:57:17,641 | itj_planning | INFO | Beam b4 | nonlinear | Trail #6 | time elapsed 287.23
2022-04-07 09:57:20,028 | itj_planning | ERROR | Both start/end confs are pre-specified, problem might be too stiff to be solved.
2022-04-07 09:57:21,277 | itj_planning | ERROR | [33mRoboticLinearMovement(#A33_M2, Linear Approach 2 of 2 to attach CL3M ('c3') to structure., has_traj False) has both start, end conf specified, but no traj computed. This is BAD!![0m
2022-04-07 09:57:21,277 | itj_planning | ERROR | [33mRoboticLinearMovement(#A33_M2, Linear Approach 2 of 2 to attach CL3M ('c3') to structure., has_traj False) has both start, end conf specified, but no traj computed. This is BAD!![0m
2022-04-07 09:57:27,268 | itj_planning | ERROR | Both start/end confs are pre-specified, problem might be too stiff to be solved.
2022-04-07 09:57:27,411 | itj_planning | ERROR | compute_linear_motion: end conf disagreement.
2022-04-07 09:57:27,411 | itj_planning | INFO | No plan found for A32_M5 | RoboticLinearMovement(#A32_M5, Linear Retract 1 of 2 to storage after picking up CL3M ('c3') from structure., has_traj False)
2022-04-07 09:57:27,426 | itj_planning | INFO | A plan NOT found using nonlinear planning at stage 3 for (seq_n=7) beam b4!
2022-04-07 09:57:27,426 | itj_planning | INFO | Return success: False | runtime of current attempt: 9.8
2022-04-07 09:57:27,443 | itj_planning | INFO | Beam b4 | nonlinear | Trail #7 | time elapsed 297.04
2022-04-07 09:57:29,811 | itj_planning | ERROR | Both start/end confs are pre-specified, problem might be too stiff to be solved.
2022-04-07 09:57:31,049 | itj_planning | ERROR | [33mRoboticLinearMovement(#A33_M2, Linear Approach 2 of 2 to attach CL3M ('c3') to structure., has_traj False) has both start, end conf specified, but no traj computed. This is BAD!![0m
2022-04-07 09:57:31,049 | itj_planning | ERROR | [33mRoboticLinearMovement(#A33_M2, Linear Approach 2 of 2 to attach CL3M ('c3') to structure., has_traj False) has both start, end conf specified, but no traj computed. This is BAD!![0m
2022-04-07 09:57:33,187 | itj_planning | INFO | No plan found for A30_M6 | RoboticLinearMovement(#A30_M6, Linear Retract 2 of 2 to storage after picking up CL3 ('c1') from structure., has_traj False)
2022-04-07 09:57:33,189 | itj_planning | INFO | A plan NOT found using nonlinear planning at stage 3 for (seq_n=7) beam b4!
2022-04-07 09:57:33,191 | itj_planning | INFO | Return success: False | runtime of current attempt: 5.7
2022-04-07 09:57:33,213 | itj_planning | INFO | Beam b4 | nonlinear | Trail #8 | time elapsed 302.81
2022-04-07 09:57:35,790 | itj_planning | ERROR | Both start/end confs are pre-specified, problem might be too stiff to be solved.
2022-04-07 09:57:37,037 | itj_planning | ERROR | [33mRoboticLinearMovement(#A33_M2, Linear Approach 2 of 2 to attach CL3M ('c3') to structure., has_traj False) has both start, end conf specified, but no traj computed. This is BAD!![0m
2022-04-07 09:57:37,037 | itj_planning | ERROR | [33mRoboticLinearMovement(#A33_M2, Linear Approach 2 of 2 to attach CL3M ('c3') to structure., has_traj False) has both start, end conf specified, but no traj computed. This is BAD!![0m
2022-04-07 09:57:42,082 | itj_planning | ERROR | Both start/end confs are pre-specified, problem might be too stiff to be solved.
2022-04-07 09:57:42,235 | itj_planning | ERROR | compute_linear_motion: end conf disagreement.
2022-04-07 09:57:42,235 | itj_planning | INFO | No plan found for A32_M5 | RoboticLinearMovement(#A32_M5, Linear Retract 1 of 2 to storage after picking up CL3M ('c3') from structure., has_traj False)
2022-04-07 09:57:42,235 | itj_planning | INFO | A plan NOT found using nonlinear planning at stage 3 for (seq_n=7) beam b4!
2022-04-07 09:57:42,235 | itj_planning | INFO | Return success: False | runtime of current attempt: 9.0
2022-04-07 09:57:42,251 | itj_planning | INFO | Beam b4 | nonlinear | Trail #9 | time elapsed 311.84
2022-04-07 09:57:44,434 | itj_planning | ERROR | Both start/end confs are pre-specified, problem might be too stiff to be solved.
2022-04-07 09:57:45,975 | itj_planning | INFO | No plan found for A36_M1 | RoboticLinearMovement(#A36_M1, Linear Advance to bring Beam ('b4') into clamp jaws, has_traj False)
2022-04-07 09:57:45,975 | itj_planning | INFO | A plan NOT found using nonlinear planning at stage 2 for (seq_n=7) beam b4!
2022-04-07 09:57:45,975 | itj_planning | INFO | Return success: False | runtime of current attempt: 3.7
2022-04-07 09:57:45,991 | itj_planning | INFO | Beam b4 | nonlinear | Trail #10 | time elapsed 315.58
2022-04-07 09:57:48,114 | itj_planning | ERROR | Both start/end confs are pre-specified, problem might be too stiff to be solved.
2022-04-07 09:57:49,348 | itj_planning | ERROR | [33mRoboticLinearMovement(#A33_M2, Linear Approach 2 of 2 to attach CL3M ('c3') to structure., has_traj False) has both start, end conf specified, but no traj computed. This is BAD!![0m
2022-04-07 09:57:49,364 | itj_planning | ERROR | [33mRoboticLinearMovement(#A33_M2, Linear Approach 2 of 2 to attach CL3M ('c3') to structure., has_traj False) has both start, end conf specified, but no traj computed. This is BAD!![0m
2022-04-07 09:57:55,704 | itj_planning | ERROR | Both start/end confs are pre-specified, problem might be too stiff to be solved.
2022-04-07 09:57:55,847 | itj_planning | ERROR | compute_linear_motion: end conf disagreement.
2022-04-07 09:57:55,847 | itj_planning | INFO | No plan found for A32_M5 | RoboticLinearMovement(#A32_M5, Linear Retract 1 of 2 to storage after picking up CL3M ('c3') from structure., has_traj False)
2022-04-07 09:57:55,847 | itj_planning | INFO | A plan NOT found using nonlinear planning at stage 3 for (seq_n=7) beam b4!
2022-04-07 09:57:55,847 | itj_planning | INFO | Return success: False | runtime of current attempt: 9.8
2022-04-07 09:57:55,879 | itj_planning | INFO | Beam b4 | nonlinear | Trail #11 | time elapsed 325.47
2022-04-07 09:57:58,552 | itj_planning | ERROR | Both start/end confs are pre-specified, problem might be too stiff to be solved.
2022-04-07 09:57:59,963 | itj_planning | ERROR | [33mRoboticLinearMovement(#A33_M2, Linear Approach 2 of 2 to attach CL3M ('c3') to structure., has_traj False) has both start, end conf specified, but no traj computed. This is BAD!![0m
2022-04-07 09:57:59,963 | itj_planning | ERROR | [33mRoboticLinearMovement(#A33_M2, Linear Approach 2 of 2 to attach CL3M ('c3') to structure., has_traj False) has both start, end conf specified, but no traj computed. This is BAD!![0m
2022-04-07 09:58:02,824 | itj_planning | ERROR | Both start/end confs are pre-specified, problem might be too stiff to be solved.
2022-04-07 09:58:02,968 | itj_planning | ERROR | compute_linear_motion: end conf disagreement.
2022-04-07 09:58:02,970 | itj_planning | INFO | No plan found for A32_M5 | RoboticLinearMovement(#A32_M5, Linear Retract 1 of 2 to storage after picking up CL3M ('c3') from structure., has_traj False)
2022-04-07 09:58:02,971 | itj_planning | INFO | A plan NOT found using nonlinear planning at stage 3 for (seq_n=7) beam b4!
2022-04-07 09:58:02,972 | itj_planning | INFO | Return success: False | runtime of current attempt: 7.1
2022-04-07 09:58:02,994 | itj_planning | INFO | Beam b4 | nonlinear | Trail #12 | time elapsed 332.59
2022-04-07 09:58:05,397 | itj_planning | ERROR | Both start/end confs are pre-specified, problem might be too stiff to be solved.
2022-04-07 09:58:06,905 | itj_planning | ERROR | [33mRoboticLinearMovement(#A33_M2, Linear Approach 2 of 2 to attach CL3M ('c3') to structure., has_traj False) has both start, end conf specified, but no traj computed. This is BAD!![0m
2022-04-07 09:58:06,905 | itj_planning | ERROR | [33mRoboticLinearMovement(#A33_M2, Linear Approach 2 of 2 to attach CL3M ('c3') to structure., has_traj False) has both start, end conf specified, but no traj computed. This is BAD!![0m
2022-04-07 09:58:11,062 | itj_planning | ERROR | Both start/end confs are pre-specified, problem might be too stiff to be solved.
2022-04-07 09:58:11,209 | itj_planning | ERROR | compute_linear_motion: end conf disagreement.
2022-04-07 09:58:11,209 | itj_planning | INFO | No plan found for A32_M5 | RoboticLinearMovement(#A32_M5, Linear Retract 1 of 2 to storage after picking up CL3M ('c3') from structure., has_traj False)
2022-04-07 09:58:11,209 | itj_planning | INFO | A plan NOT found using nonlinear planning at stage 3 for (seq_n=7) beam b4!
2022-04-07 09:58:11,209 | itj_planning | INFO | Return success: False | runtime of current attempt: 8.2
2022-04-07 09:58:11,241 | itj_planning | INFO | Beam b4 | nonlinear | Trail #13 | time elapsed 340.83
2022-04-07 09:58:13,437 | itj_planning | ERROR | Both start/end confs are pre-specified, problem might be too stiff to be solved.
2022-04-07 09:58:14,975 | itj_planning | ERROR | [33mRoboticLinearMovement(#A33_M2, Linear Approach 2 of 2 to attach CL3M ('c3') to structure., has_traj False) has both start, end conf specified, but no traj computed. This is BAD!![0m
2022-04-07 09:58:14,975 | itj_planning | ERROR | [33mRoboticLinearMovement(#A33_M2, Linear Approach 2 of 2 to attach CL3M ('c3') to structure., has_traj False) has both start, end conf specified, but no traj computed. This is BAD!![0m
2022-04-07 09:58:20,205 | itj_planning | ERROR | Both start/end confs are pre-specified, problem might be too stiff to be solved.
2022-04-07 09:58:20,348 | itj_planning | ERROR | compute_linear_motion: end conf disagreement.
2022-04-07 09:58:20,348 | itj_planning | INFO | No plan found for A32_M5 | RoboticLinearMovement(#A32_M5, Linear Retract 1 of 2 to storage after picking up CL3M ('c3') from structure., has_traj False)
2022-04-07 09:58:20,348 | itj_planning | INFO | A plan NOT found using nonlinear planning at stage 3 for (seq_n=7) beam b4!
2022-04-07 09:58:20,348 | itj_planning | INFO | Return success: False | runtime of current attempt: 9.1
2022-04-07 09:58:20,364 | itj_planning | INFO | Beam b4 | nonlinear | Trail #14 | time elapsed 349.96
2022-04-07 09:58:22,734 | itj_planning | ERROR | Both start/end confs are pre-specified, problem might be too stiff to be solved.
2022-04-07 09:58:24,322 | itj_planning | ERROR | [33mRoboticLinearMovement(#A33_M2, Linear Approach 2 of 2 to attach CL3M ('c3') to structure., has_traj False) has both start, end conf specified, but no traj computed. This is BAD!![0m
2022-04-07 09:58:24,322 | itj_planning | ERROR | [33mRoboticLinearMovement(#A33_M2, Linear Approach 2 of 2 to attach CL3M ('c3') to structure., has_traj False) has both start, end conf specified, but no traj computed. This is BAD!![0m
2022-04-07 09:58:30,709 | itj_planning | ERROR | Both start/end confs are pre-specified, problem might be too stiff to be solved.
2022-04-07 09:58:30,852 | itj_planning | ERROR | compute_linear_motion: end conf disagreement.
2022-04-07 09:58:30,852 | itj_planning | INFO | No plan found for A32_M5 | RoboticLinearMovement(#A32_M5, Linear Retract 1 of 2 to storage after picking up CL3M ('c3') from structure., has_traj False)
2022-04-07 09:58:30,852 | itj_planning | INFO | A plan NOT found using nonlinear planning at stage 3 for (seq_n=7) beam b4!
2022-04-07 09:58:30,852 | itj_planning | INFO | Return success: False | runtime of current attempt: 10.5
2022-04-07 09:58:30,867 | itj_planning | INFO | Beam b4 | nonlinear | Trail #15 | time elapsed 360.46
2022-04-07 09:58:32,967 | itj_planning | ERROR | Both start/end confs are pre-specified, problem might be too stiff to be solved.
2022-04-07 09:58:34,488 | itj_planning | ERROR | [33mRoboticLinearMovement(#A33_M2, Linear Approach 2 of 2 to attach CL3M ('c3') to structure., has_traj False) has both start, end conf specified, but no traj computed. This is BAD!![0m
2022-04-07 09:58:34,488 | itj_planning | ERROR | [33mRoboticLinearMovement(#A33_M2, Linear Approach 2 of 2 to attach CL3M ('c3') to structure., has_traj False) has both start, end conf specified, but no traj computed. This is BAD!![0m
2022-04-07 09:58:37,546 | itj_planning | ERROR | Both start/end confs are pre-specified, problem might be too stiff to be solved.
2022-04-07 09:58:37,680 | itj_planning | ERROR | compute_linear_motion: end conf disagreement.
2022-04-07 09:58:37,680 | itj_planning | INFO | No plan found for A32_M5 | RoboticLinearMovement(#A32_M5, Linear Retract 1 of 2 to storage after picking up CL3M ('c3') from structure., has_traj False)
2022-04-07 09:58:37,680 | itj_planning | INFO | A plan NOT found using nonlinear planning at stage 3 for (seq_n=7) beam b4!
2022-04-07 09:58:37,680 | itj_planning | INFO | Return success: False | runtime of current attempt: 6.8
2022-04-07 09:58:37,711 | itj_planning | INFO | Beam b4 | nonlinear | Trail #16 | time elapsed 367.31
2022-04-07 09:58:41,206 | itj_planning | ERROR | Both start/end confs are pre-specified, problem might be too stiff to be solved.
2022-04-07 09:58:42,742 | itj_planning | ERROR | [33mRoboticLinearMovement(#A33_M2, Linear Approach 2 of 2 to attach CL3M ('c3') to structure., has_traj False) has both start, end conf specified, but no traj computed. This is BAD!![0m
2022-04-07 09:58:42,758 | itj_planning | ERROR | [33mRoboticLinearMovement(#A33_M2, Linear Approach 2 of 2 to attach CL3M ('c3') to structure., has_traj False) has both start, end conf specified, but no traj computed. This is BAD!![0m
2022-04-07 09:58:45,958 | itj_planning | ERROR | Both start/end confs are pre-specified, problem might be too stiff to be solved.
2022-04-07 09:58:46,101 | itj_planning | ERROR | compute_linear_motion: end conf disagreement.
2022-04-07 09:58:46,101 | itj_planning | INFO | No plan found for A32_M5 | RoboticLinearMovement(#A32_M5, Linear Retract 1 of 2 to storage after picking up CL3M ('c3') from structure., has_traj False)
2022-04-07 09:58:46,101 | itj_planning | INFO | A plan NOT found using nonlinear planning at stage 3 for (seq_n=7) beam b4!
2022-04-07 09:58:46,101 | itj_planning | INFO | Return success: False | runtime of current attempt: 8.4
2022-04-07 09:58:46,133 | itj_planning | INFO | Beam b4 | nonlinear | Trail #17 | time elapsed 375.73
2022-04-07 09:58:48,234 | itj_planning | ERROR | Both start/end confs are pre-specified, problem might be too stiff to be solved.
2022-04-07 09:58:49,757 | itj_planning | ERROR | [33mRoboticLinearMovement(#A33_M2, Linear Approach 2 of 2 to attach CL3M ('c3') to structure., has_traj False) has both start, end conf specified, but no traj computed. This is BAD!![0m
2022-04-07 09:58:49,757 | itj_planning | ERROR | [33mRoboticLinearMovement(#A33_M2, Linear Approach 2 of 2 to attach CL3M ('c3') to structure., has_traj False) has both start, end conf specified, but no traj computed. This is BAD!![0m
2022-04-07 09:58:54,790 | itj_planning | ERROR | Both start/end confs are pre-specified, problem might be too stiff to be solved.
2022-04-07 09:58:54,932 | itj_planning | ERROR | compute_linear_motion: end conf disagreement.
2022-04-07 09:58:54,932 | itj_planning | INFO | No plan found for A32_M5 | RoboticLinearMovement(#A32_M5, Linear Retract 1 of 2 to storage after picking up CL3M ('c3') from structure., has_traj False)
2022-04-07 09:58:54,932 | itj_planning | INFO | A plan NOT found using nonlinear planning at stage 3 for (seq_n=7) beam b4!
2022-04-07 09:58:54,932 | itj_planning | INFO | Return success: False | runtime of current attempt: 8.8
2022-04-07 09:58:54,964 | itj_planning | INFO | Beam b4 | nonlinear | Trail #18 | time elapsed 384.56
2022-04-07 09:58:57,081 | itj_planning | ERROR | Both start/end confs are pre-specified, problem might be too stiff to be solved.
2022-04-07 09:58:58,334 | itj_planning | ERROR | [33mRoboticLinearMovement(#A33_M2, Linear Approach 2 of 2 to attach CL3M ('c3') to structure., has_traj False) has both start, end conf specified, but no traj computed. This is BAD!![0m
2022-04-07 09:58:58,335 | itj_planning | ERROR | [33mRoboticLinearMovement(#A33_M2, Linear Approach 2 of 2 to attach CL3M ('c3') to structure., has_traj False) has both start, end conf specified, but no traj computed. This is BAD!![0m
2022-04-07 09:59:01,974 | itj_planning | ERROR | Both start/end confs are pre-specified, problem might be too stiff to be solved.
2022-04-07 09:59:02,116 | itj_planning | ERROR | compute_linear_motion: end conf disagreement.
2022-04-07 09:59:02,116 | itj_planning | INFO | No plan found for A32_M5 | RoboticLinearMovement(#A32_M5, Linear Retract 1 of 2 to storage after picking up CL3M ('c3') from structure., has_traj False)
2022-04-07 09:59:02,116 | itj_planning | INFO | A plan NOT found using nonlinear planning at stage 3 for (seq_n=7) beam b4!
2022-04-07 09:59:02,116 | itj_planning | INFO | Return success: False | runtime of current attempt: 7.2
2022-04-07 09:59:02,148 | itj_planning | INFO | Beam b4 | nonlinear | Trail #19 | time elapsed 391.74
2022-04-07 09:59:05,182 | itj_planning | ERROR | Both start/end confs are pre-specified, problem might be too stiff to be solved.
2022-04-07 09:59:06,745 | itj_planning | ERROR | [33mRoboticLinearMovement(#A33_M2, Linear Approach 2 of 2 to attach CL3M ('c3') to structure., has_traj False) has both start, end conf specified, but no traj computed. This is BAD!![0m
2022-04-07 09:59:06,745 | itj_planning | ERROR | [33mRoboticLinearMovement(#A33_M2, Linear Approach 2 of 2 to attach CL3M ('c3') to structure., has_traj False) has both start, end conf specified, but no traj computed. This is BAD!![0m
2022-04-07 09:59:09,951 | itj_planning | ERROR | Both start/end confs are pre-specified, problem might be too stiff to be solved.
2022-04-07 09:59:10,094 | itj_planning | ERROR | compute_linear_motion: end conf disagreement.
2022-04-07 09:59:10,094 | itj_planning | INFO | No plan found for A32_M5 | RoboticLinearMovement(#A32_M5, Linear Retract 1 of 2 to storage after picking up CL3M ('c3') from structure., has_traj False)
2022-04-07 09:59:10,094 | itj_planning | INFO | A plan NOT found using nonlinear planning at stage 3 for (seq_n=7) beam b4!
2022-04-07 09:59:10,094 | itj_planning | INFO | Return success: False | runtime of current attempt: 7.9
2022-04-07 09:59:10,126 | itj_planning | INFO | Beam b4 | nonlinear | Trail #20 | time elapsed 399.72
2022-04-07 09:59:12,376 | itj_planning | ERROR | Both start/end confs are pre-specified, problem might be too stiff to be solved.
2022-04-07 09:59:13,640 | itj_planning | ERROR | [33mRoboticLinearMovement(#A33_M2, Linear Approach 2 of 2 to attach CL3M ('c3') to structure., has_traj False) has both start, end conf specified, but no traj computed. This is BAD!![0m
2022-04-07 09:59:13,640 | itj_planning | ERROR | [33mRoboticLinearMovement(#A33_M2, Linear Approach 2 of 2 to attach CL3M ('c3') to structure., has_traj False) has both start, end conf specified, but no traj computed. This is BAD!![0m
2022-04-07 09:59:18,730 | itj_planning | ERROR | Both start/end confs are pre-specified, problem might be too stiff to be solved.
2022-04-07 09:59:18,873 | itj_planning | ERROR | compute_linear_motion: end conf disagreement.
2022-04-07 09:59:18,873 | itj_planning | INFO | No plan found for A32_M5 | RoboticLinearMovement(#A32_M5, Linear Retract 1 of 2 to storage after picking up CL3M ('c3') from structure., has_traj False)
2022-04-07 09:59:18,873 | itj_planning | INFO | A plan NOT found using nonlinear planning at stage 3 for (seq_n=7) beam b4!
2022-04-07 09:59:18,873 | itj_planning | INFO | Return success: False | runtime of current attempt: 8.7
2022-04-07 09:59:18,889 | itj_planning | INFO | Beam b4 | nonlinear | Trail #21 | time elapsed 408.48
2022-04-07 09:59:21,498 | itj_planning | ERROR | Both start/end confs are pre-specified, problem might be too stiff to be solved.
2022-04-07 09:59:22,741 | itj_planning | ERROR | [33mRoboticLinearMovement(#A33_M2, Linear Approach 2 of 2 to attach CL3M ('c3') to structure., has_traj False) has both start, end conf specified, but no traj computed. This is BAD!![0m
2022-04-07 09:59:22,741 | itj_planning | ERROR | [33mRoboticLinearMovement(#A33_M2, Linear Approach 2 of 2 to attach CL3M ('c3') to structure., has_traj False) has both start, end conf specified, but no traj computed. This is BAD!![0m
2022-04-07 09:59:28,049 | itj_planning | ERROR | Both start/end confs are pre-specified, problem might be too stiff to be solved.
2022-04-07 09:59:28,199 | itj_planning | ERROR | compute_linear_motion: end conf disagreement.
2022-04-07 09:59:28,201 | itj_planning | INFO | No plan found for A32_M5 | RoboticLinearMovement(#A32_M5, Linear Retract 1 of 2 to storage after picking up CL3M ('c3') from structure., has_traj False)
2022-04-07 09:59:28,202 | itj_planning | INFO | A plan NOT found using nonlinear planning at stage 3 for (seq_n=7) beam b4!
2022-04-07 09:59:28,203 | itj_planning | INFO | Return success: False | runtime of current attempt: 9.3
2022-04-07 09:59:28,225 | itj_planning | INFO | Beam b4 | nonlinear | Trail #22 | time elapsed 417.82
2022-04-07 09:59:30,475 | itj_planning | ERROR | Both start/end confs are pre-specified, problem might be too stiff to be solved.
2022-04-07 09:59:31,743 | itj_planning | ERROR | [33mRoboticLinearMovement(#A33_M2, Linear Approach 2 of 2 to attach CL3M ('c3') to structure., has_traj False) has both start, end conf specified, but no traj computed. This is BAD!![0m
2022-04-07 09:59:31,743 | itj_planning | ERROR | [33mRoboticLinearMovement(#A33_M2, Linear Approach 2 of 2 to attach CL3M ('c3') to structure., has_traj False) has both start, end conf specified, but no traj computed. This is BAD!![0m
2022-04-07 09:59:35,267 | itj_planning | ERROR | Both start/end confs are pre-specified, problem might be too stiff to be solved.
2022-04-07 09:59:35,410 | itj_planning | ERROR | compute_linear_motion: end conf disagreement.
2022-04-07 09:59:35,410 | itj_planning | INFO | No plan found for A32_M5 | RoboticLinearMovement(#A32_M5, Linear Retract 1 of 2 to storage after picking up CL3M ('c3') from structure., has_traj False)
2022-04-07 09:59:35,410 | itj_planning | INFO | A plan NOT found using nonlinear planning at stage 3 for (seq_n=7) beam b4!
2022-04-07 09:59:35,410 | itj_planning | INFO | Return success: False | runtime of current attempt: 7.2
2022-04-07 09:59:35,426 | itj_planning | INFO | Beam b4 | nonlinear | Trail #23 | time elapsed 425.02
2022-04-07 09:59:38,222 | itj_planning | ERROR | Both start/end confs are pre-specified, problem might be too stiff to be solved.
2022-04-07 09:59:39,479 | itj_planning | ERROR | [33mRoboticLinearMovement(#A33_M2, Linear Approach 2 of 2 to attach CL3M ('c3') to structure., has_traj False) has both start, end conf specified, but no traj computed. This is BAD!![0m
2022-04-07 09:59:39,479 | itj_planning | ERROR | [33mRoboticLinearMovement(#A33_M2, Linear Approach 2 of 2 to attach CL3M ('c3') to structure., has_traj False) has both start, end conf specified, but no traj computed. This is BAD!![0m
2022-04-07 09:59:43,013 | itj_planning | ERROR | Both start/end confs are pre-specified, problem might be too stiff to be solved.
2022-04-07 09:59:43,163 | itj_planning | ERROR | compute_linear_motion: end conf disagreement.
2022-04-07 09:59:43,166 | itj_planning | INFO | No plan found for A32_M5 | RoboticLinearMovement(#A32_M5, Linear Retract 1 of 2 to storage after picking up CL3M ('c3') from structure., has_traj False)
2022-04-07 09:59:43,167 | itj_planning | INFO | A plan NOT found using nonlinear planning at stage 3 for (seq_n=7) beam b4!
2022-04-07 09:59:43,168 | itj_planning | INFO | Return success: False | runtime of current attempt: 7.7
2022-04-07 09:59:43,189 | itj_planning | INFO | Beam b4 | nonlinear | Trail #24 | time elapsed 432.78
2022-04-07 09:59:45,268 | itj_planning | ERROR | Both start/end confs are pre-specified, problem might be too stiff to be solved.
2022-04-07 09:59:46,523 | itj_planning | ERROR | [33mRoboticLinearMovement(#A33_M2, Linear Approach 2 of 2 to attach CL3M ('c3') to structure., has_traj False) has both start, end conf specified, but no traj computed. This is BAD!![0m
2022-04-07 09:59:46,523 | itj_planning | ERROR | [33mRoboticLinearMovement(#A33_M2, Linear Approach 2 of 2 to attach CL3M ('c3') to structure., has_traj False) has both start, end conf specified, but no traj computed. This is BAD!![0m
2022-04-07 09:59:51,793 | itj_planning | ERROR | Both start/end confs are pre-specified, problem might be too stiff to be solved.
2022-04-07 09:59:51,936 | itj_planning | ERROR | compute_linear_motion: end conf disagreement.
2022-04-07 09:59:51,936 | itj_planning | INFO | No plan found for A32_M5 | RoboticLinearMovement(#A32_M5, Linear Retract 1 of 2 to storage after picking up CL3M ('c3') from structure., has_traj False)
2022-04-07 09:59:51,936 | itj_planning | INFO | A plan NOT found using nonlinear planning at stage 3 for (seq_n=7) beam b4!
2022-04-07 09:59:51,936 | itj_planning | INFO | Return success: False | runtime of current attempt: 8.7
2022-04-07 09:59:51,968 | itj_planning | INFO | Beam b4 | nonlinear | Trail #25 | time elapsed 441.56
2022-04-07 09:59:54,316 | itj_planning | ERROR | Both start/end confs are pre-specified, problem might be too stiff to be solved.
2022-04-07 09:59:55,553 | itj_planning | ERROR | [33mRoboticLinearMovement(#A33_M2, Linear Approach 2 of 2 to attach CL3M ('c3') to structure., has_traj False) has both start, end conf specified, but no traj computed. This is BAD!![0m
2022-04-07 09:59:55,553 | itj_planning | ERROR | [33mRoboticLinearMovement(#A33_M2, Linear Approach 2 of 2 to attach CL3M ('c3') to structure., has_traj False) has both start, end conf specified, but no traj computed. This is BAD!![0m
2022-04-07 10:00:00,039 | itj_planning | ERROR | Both start/end confs are pre-specified, problem might be too stiff to be solved.
2022-04-07 10:00:00,182 | itj_planning | ERROR | compute_linear_motion: end conf disagreement.
2022-04-07 10:00:00,182 | itj_planning | INFO | No plan found for A32_M5 | RoboticLinearMovement(#A32_M5, Linear Retract 1 of 2 to storage after picking up CL3M ('c3') from structure., has_traj False)
2022-04-07 10:00:00,182 | itj_planning | INFO | A plan NOT found using nonlinear planning at stage 3 for (seq_n=7) beam b4!
2022-04-07 10:00:00,182 | itj_planning | INFO | Return success: False | runtime of current attempt: 8.2
2022-04-07 10:00:00,198 | itj_planning | INFO | Beam b4 | nonlinear | Trail #26 | time elapsed 449.79
2022-04-07 10:00:02,290 | itj_planning | ERROR | Both start/end confs are pre-specified, problem might be too stiff to be solved.
2022-04-07 10:00:03,572 | itj_planning | ERROR | [33mRoboticLinearMovement(#A33_M2, Linear Approach 2 of 2 to attach CL3M ('c3') to structure., has_traj False) has both start, end conf specified, but no traj computed. This is BAD!![0m
2022-04-07 10:00:03,572 | itj_planning | ERROR | [33mRoboticLinearMovement(#A33_M2, Linear Approach 2 of 2 to attach CL3M ('c3') to structure., has_traj False) has both start, end conf specified, but no traj computed. This is BAD!![0m
2022-04-07 10:00:08,050 | itj_planning | ERROR | Both start/end confs are pre-specified, problem might be too stiff to be solved.
2022-04-07 10:00:08,193 | itj_planning | ERROR | compute_linear_motion: end conf disagreement.
2022-04-07 10:00:08,193 | itj_planning | INFO | No plan found for A32_M5 | RoboticLinearMovement(#A32_M5, Linear Retract 1 of 2 to storage after picking up CL3M ('c3') from structure., has_traj False)
2022-04-07 10:00:08,193 | itj_planning | INFO | A plan NOT found using nonlinear planning at stage 3 for (seq_n=7) beam b4!
2022-04-07 10:00:08,193 | itj_planning | INFO | Return success: False | runtime of current attempt: 8.0
2022-04-07 10:00:08,225 | itj_planning | INFO | Beam b4 | nonlinear | Trail #27 | time elapsed 457.82
2022-04-07 10:00:11,447 | itj_planning | ERROR | Both start/end confs are pre-specified, problem might be too stiff to be solved.
2022-04-07 10:00:13,319 | itj_planning | INFO | No plan found for A36_M1 | RoboticLinearMovement(#A36_M1, Linear Advance to bring Beam ('b4') into clamp jaws, has_traj False)
2022-04-07 10:00:13,321 | itj_planning | INFO | A plan NOT found using nonlinear planning at stage 2 for (seq_n=7) beam b4!
2022-04-07 10:00:13,322 | itj_planning | INFO | Return success: False | runtime of current attempt: 5.1
2022-04-07 10:00:13,343 | itj_planning | INFO | Beam b4 | nonlinear | Trail #28 | time elapsed 462.94
2022-04-07 10:00:15,458 | itj_planning | ERROR | Both start/end confs are pre-specified, problem might be too stiff to be solved.
2022-04-07 10:00:16,703 | itj_planning | ERROR | [33mRoboticLinearMovement(#A33_M2, Linear Approach 2 of 2 to attach CL3M ('c3') to structure., has_traj False) has both start, end conf specified, but no traj computed. This is BAD!![0m
2022-04-07 10:00:16,703 | itj_planning | ERROR | [33mRoboticLinearMovement(#A33_M2, Linear Approach 2 of 2 to attach CL3M ('c3') to structure., has_traj False) has both start, end conf specified, but no traj computed. This is BAD!![0m
2022-04-07 10:00:19,080 | itj_planning | INFO | No plan found for A30_M6 | RoboticLinearMovement(#A30_M6, Linear Retract 2 of 2 to storage after picking up CL3 ('c1') from structure., has_traj False)
2022-04-07 10:00:19,080 | itj_planning | INFO | A plan NOT found using nonlinear planning at stage 3 for (seq_n=7) beam b4!
2022-04-07 10:00:19,080 | itj_planning | INFO | Return success: False | runtime of current attempt: 5.7
2022-04-07 10:00:19,112 | itj_planning | INFO | Beam b4 | nonlinear | Trail #29 | time elapsed 468.71
2022-04-07 10:00:21,310 | itj_planning | ERROR | Both start/end confs are pre-specified, problem might be too stiff to be solved.
2022-04-07 10:00:22,563 | itj_planning | ERROR | [33mRoboticLinearMovement(#A33_M2, Linear Approach 2 of 2 to attach CL3M ('c3') to structure., has_traj False) has both start, end conf specified, but no traj computed. This is BAD!![0m
2022-04-07 10:00:22,563 | itj_planning | ERROR | [33mRoboticLinearMovement(#A33_M2, Linear Approach 2 of 2 to attach CL3M ('c3') to structure., has_traj False) has both start, end conf specified, but no traj computed. This is BAD!![0m
2022-04-07 10:00:27,473 | itj_planning | ERROR | Both start/end confs are pre-specified, problem might be too stiff to be solved.
2022-04-07 10:00:27,616 | itj_planning | ERROR | compute_linear_motion: end conf disagreement.
2022-04-07 10:00:27,616 | itj_planning | INFO | No plan found for A32_M5 | RoboticLinearMovement(#A32_M5, Linear Retract 1 of 2 to storage after picking up CL3M ('c3') from structure., has_traj False)
2022-04-07 10:00:27,616 | itj_planning | INFO | A plan NOT found using nonlinear planning at stage 3 for (seq_n=7) beam b4!
2022-04-07 10:00:27,616 | itj_planning | INFO | Return success: False | runtime of current attempt: 8.5
2022-04-07 10:00:27,631 | itj_planning | INFO | Beam b4 | nonlinear | Trail #30 | time elapsed 477.23
2022-04-07 10:00:29,762 | itj_planning | ERROR | Both start/end confs are pre-specified, problem might be too stiff to be solved.
2022-04-07 10:00:30,998 | itj_planning | ERROR | [33mRoboticLinearMovement(#A33_M2, Linear Approach 2 of 2 to attach CL3M ('c3') to structure., has_traj False) has both start, end conf specified, but no traj computed. This is BAD!![0m
2022-04-07 10:00:30,998 | itj_planning | ERROR | [33mRoboticLinearMovement(#A33_M2, Linear Approach 2 of 2 to attach CL3M ('c3') to structure., has_traj False) has both start, end conf specified, but no traj computed. This is BAD!![0m
2022-04-07 10:00:34,215 | itj_planning | ERROR | Both start/end confs are pre-specified, problem might be too stiff to be solved.
2022-04-07 10:00:34,359 | itj_planning | ERROR | compute_linear_motion: end conf disagreement.
2022-04-07 10:00:34,359 | itj_planning | INFO | No plan found for A32_M5 | RoboticLinearMovement(#A32_M5, Linear Retract 1 of 2 to storage after picking up CL3M ('c3') from structure., has_traj False)
2022-04-07 10:00:34,359 | itj_planning | INFO | A plan NOT found using nonlinear planning at stage 3 for (seq_n=7) beam b4!
2022-04-07 10:00:34,359 | itj_planning | INFO | Return success: False | runtime of current attempt: 6.7
2022-04-07 10:00:34,390 | itj_planning | INFO | Beam b4 | nonlinear | Trail #31 | time elapsed 483.98
2022-04-07 10:00:37,222 | itj_planning | ERROR | Both start/end confs are pre-specified, problem might be too stiff to be solved.
2022-04-07 10:00:38,488 | itj_planning | ERROR | [33mRoboticLinearMovement(#A33_M2, Linear Approach 2 of 2 to attach CL3M ('c3') to structure., has_traj False) has both start, end conf specified, but no traj computed. This is BAD!![0m
2022-04-07 10:00:38,489 | itj_planning | ERROR | [33mRoboticLinearMovement(#A33_M2, Linear Approach 2 of 2 to attach CL3M ('c3') to structure., has_traj False) has both start, end conf specified, but no traj computed. This is BAD!![0m
2022-04-07 10:00:43,226 | itj_planning | ERROR | Both start/end confs are pre-specified, problem might be too stiff to be solved.
2022-04-07 10:00:43,371 | itj_planning | ERROR | compute_linear_motion: end conf disagreement.
2022-04-07 10:00:43,372 | itj_planning | INFO | No plan found for A32_M5 | RoboticLinearMovement(#A32_M5, Linear Retract 1 of 2 to storage after picking up CL3M ('c3') from structure., has_traj False)
2022-04-07 10:00:43,374 | itj_planning | INFO | A plan NOT found using nonlinear planning at stage 3 for (seq_n=7) beam b4!
2022-04-07 10:00:43,375 | itj_planning | INFO | Return success: False | runtime of current attempt: 9.0
2022-04-07 10:00:43,394 | itj_planning | INFO | Beam b4 | nonlinear | Trail #32 | time elapsed 492.99
2022-04-07 10:00:45,509 | itj_planning | ERROR | Both start/end confs are pre-specified, problem might be too stiff to be solved.
2022-04-07 10:00:46,861 | itj_planning | ERROR | [33mRoboticLinearMovement(#A33_M2, Linear Approach 2 of 2 to attach CL3M ('c3') to structure., has_traj False) has both start, end conf specified, but no traj computed. This is BAD!![0m
2022-04-07 10:00:46,861 | itj_planning | ERROR | [33mRoboticLinearMovement(#A33_M2, Linear Approach 2 of 2 to attach CL3M ('c3') to structure., has_traj False) has both start, end conf specified, but no traj computed. This is BAD!![0m
2022-04-07 10:00:51,547 | itj_planning | ERROR | Both start/end confs are pre-specified, problem might be too stiff to be solved.
2022-04-07 10:00:51,690 | itj_planning | ERROR | compute_linear_motion: end conf disagreement.
2022-04-07 10:00:51,690 | itj_planning | INFO | No plan found for A32_M5 | RoboticLinearMovement(#A32_M5, Linear Retract 1 of 2 to storage after picking up CL3M ('c3') from structure., has_traj False)
2022-04-07 10:00:51,690 | itj_planning | INFO | A plan NOT found using nonlinear planning at stage 3 for (seq_n=7) beam b4!
2022-04-07 10:00:51,690 | itj_planning | INFO | Return success: False | runtime of current attempt: 8.3
2022-04-07 10:00:51,705 | itj_planning | INFO | Beam b4 | nonlinear | Trail #33 | time elapsed 501.30
2022-04-07 10:00:54,471 | itj_planning | ERROR | Both start/end confs are pre-specified, problem might be too stiff to be solved.
2022-04-07 10:00:55,724 | itj_planning | ERROR | [33mRoboticLinearMovement(#A33_M2, Linear Approach 2 of 2 to attach CL3M ('c3') to structure., has_traj False) has both start, end conf specified, but no traj computed. This is BAD!![0m
2022-04-07 10:00:55,724 | itj_planning | ERROR | [33mRoboticLinearMovement(#A33_M2, Linear Approach 2 of 2 to attach CL3M ('c3') to structure., has_traj False) has both start, end conf specified, but no traj computed. This is BAD!![0m
2022-04-07 10:00:59,598 | itj_planning | ERROR | Both start/end confs are pre-specified, problem might be too stiff to be solved.
2022-04-07 10:00:59,740 | itj_planning | ERROR | compute_linear_motion: end conf disagreement.
2022-04-07 10:00:59,740 | itj_planning | INFO | No plan found for A32_M5 | RoboticLinearMovement(#A32_M5, Linear Retract 1 of 2 to storage after picking up CL3M ('c3') from structure., has_traj False)
2022-04-07 10:00:59,740 | itj_planning | INFO | A plan NOT found using nonlinear planning at stage 3 for (seq_n=7) beam b4!
2022-04-07 10:00:59,740 | itj_planning | INFO | Return success: False | runtime of current attempt: 8.0
2022-04-07 10:00:59,772 | itj_planning | INFO | Beam b4 | nonlinear | Trail #34 | time elapsed 509.37
2022-04-07 10:01:02,006 | itj_planning | ERROR | Both start/end confs are pre-specified, problem might be too stiff to be solved.
2022-04-07 10:01:03,259 | itj_planning | ERROR | [33mRoboticLinearMovement(#A33_M2, Linear Approach 2 of 2 to attach CL3M ('c3') to structure., has_traj False) has both start, end conf specified, but no traj computed. This is BAD!![0m
2022-04-07 10:01:03,259 | itj_planning | ERROR | [33mRoboticLinearMovement(#A33_M2, Linear Approach 2 of 2 to attach CL3M ('c3') to structure., has_traj False) has both start, end conf specified, but no traj computed. This is BAD!![0m
2022-04-07 10:01:07,535 | itj_planning | ERROR | Both start/end confs are pre-specified, problem might be too stiff to be solved.
2022-04-07 10:01:07,671 | itj_planning | ERROR | compute_linear_motion: end conf disagreement.
2022-04-07 10:01:07,671 | itj_planning | INFO | No plan found for A32_M5 | RoboticLinearMovement(#A32_M5, Linear Retract 1 of 2 to storage after picking up CL3M ('c3') from structure., has_traj False)
2022-04-07 10:01:07,688 | itj_planning | INFO | A plan NOT found using nonlinear planning at stage 3 for (seq_n=7) beam b4!
2022-04-07 10:01:07,689 | itj_planning | INFO | Return success: False | runtime of current attempt: 7.9
2022-04-07 10:01:07,704 | itj_planning | INFO | Beam b4 | nonlinear | Trail #35 | time elapsed 517.30
2022-04-07 10:01:09,858 | itj_planning | ERROR | Both start/end confs are pre-specified, problem might be too stiff to be solved.
2022-04-07 10:01:11,096 | itj_planning | ERROR | [33mRoboticLinearMovement(#A33_M2, Linear Approach 2 of 2 to attach CL3M ('c3') to structure., has_traj False) has both start, end conf specified, but no traj computed. This is BAD!![0m
2022-04-07 10:01:11,096 | itj_planning | ERROR | [33mRoboticLinearMovement(#A33_M2, Linear Approach 2 of 2 to attach CL3M ('c3') to structure., has_traj False) has both start, end conf specified, but no traj computed. This is BAD!![0m
2022-04-07 10:01:15,014 | itj_planning | ERROR | Both start/end confs are pre-specified, problem might be too stiff to be solved.
2022-04-07 10:01:15,157 | itj_planning | ERROR | compute_linear_motion: end conf disagreement.
2022-04-07 10:01:15,157 | itj_planning | INFO | No plan found for A32_M5 | RoboticLinearMovement(#A32_M5, Linear Retract 1 of 2 to storage after picking up CL3M ('c3') from structure., has_traj False)
2022-04-07 10:01:15,157 | itj_planning | INFO | A plan NOT found using nonlinear planning at stage 3 for (seq_n=7) beam b4!
2022-04-07 10:01:15,157 | itj_planning | INFO | Return success: False | runtime of current attempt: 7.5
2022-04-07 10:01:15,173 | itj_planning | INFO | Beam b4 | nonlinear | Trail #36 | time elapsed 524.77
2022-04-07 10:01:17,272 | itj_planning | ERROR | Both start/end confs are pre-specified, problem might be too stiff to be solved.
2022-04-07 10:01:18,527 | itj_planning | ERROR | [33mRoboticLinearMovement(#A33_M2, Linear Approach 2 of 2 to attach CL3M ('c3') to structure., has_traj False) has both start, end conf specified, but no traj computed. This is BAD!![0m
2022-04-07 10:01:18,529 | itj_planning | ERROR | [33mRoboticLinearMovement(#A33_M2, Linear Approach 2 of 2 to attach CL3M ('c3') to structure., has_traj False) has both start, end conf specified, but no traj computed. This is BAD!![0m
2022-04-07 10:01:23,133 | itj_planning | ERROR | Both start/end confs are pre-specified, problem might be too stiff to be solved.
2022-04-07 10:01:23,276 | itj_planning | ERROR | compute_linear_motion: end conf disagreement.
2022-04-07 10:01:23,276 | itj_planning | INFO | No plan found for A32_M5 | RoboticLinearMovement(#A32_M5, Linear Retract 1 of 2 to storage after picking up CL3M ('c3') from structure., has_traj False)
2022-04-07 10:01:23,276 | itj_planning | INFO | A plan NOT found using nonlinear planning at stage 3 for (seq_n=7) beam b4!
2022-04-07 10:01:23,276 | itj_planning | INFO | Return success: False | runtime of current attempt: 8.1
2022-04-07 10:01:23,292 | itj_planning | INFO | Beam b4 | nonlinear | Trail #37 | time elapsed 532.89
2022-04-07 10:01:25,415 | itj_planning | ERROR | Both start/end confs are pre-specified, problem might be too stiff to be solved.
2022-04-07 10:01:26,650 | itj_planning | ERROR | [33mRoboticLinearMovement(#A33_M2, Linear Approach 2 of 2 to attach CL3M ('c3') to structure., has_traj False) has both start, end conf specified, but no traj computed. This is BAD!![0m
2022-04-07 10:01:26,650 | itj_planning | ERROR | [33mRoboticLinearMovement(#A33_M2, Linear Approach 2 of 2 to attach CL3M ('c3') to structure., has_traj False) has both start, end conf specified, but no traj computed. This is BAD!![0m
2022-04-07 10:01:29,330 | itj_planning | INFO | No plan found for A30_M6 | RoboticLinearMovement(#A30_M6, Linear Retract 2 of 2 to storage after picking up CL3 ('c1') from structure., has_traj False)
2022-04-07 10:01:29,346 | itj_planning | INFO | A plan NOT found using nonlinear planning at stage 3 for (seq_n=7) beam b4!
2022-04-07 10:01:29,346 | itj_planning | INFO | Return success: False | runtime of current attempt: 6.1
2022-04-07 10:01:29,362 | itj_planning | INFO | Beam b4 | nonlinear | Trail #38 | time elapsed 538.96
2022-04-07 10:01:32,630 | itj_planning | ERROR | Both start/end confs are pre-specified, problem might be too stiff to be solved.
2022-04-07 10:01:33,880 | itj_planning | ERROR | [33mRoboticLinearMovement(#A33_M2, Linear Approach 2 of 2 to attach CL3M ('c3') to structure., has_traj False) has both start, end conf specified, but no traj computed. This is BAD!![0m
2022-04-07 10:01:33,880 | itj_planning | ERROR | [33mRoboticLinearMovement(#A33_M2, Linear Approach 2 of 2 to attach CL3M ('c3') to structure., has_traj False) has both start, end conf specified, but no traj computed. This is BAD!![0m
2022-04-07 10:01:37,709 | itj_planning | ERROR | Both start/end confs are pre-specified, problem might be too stiff to be solved.
2022-04-07 10:01:37,848 | itj_planning | ERROR | compute_linear_motion: end conf disagreement.
2022-04-07 10:01:37,848 | itj_planning | INFO | No plan found for A32_M5 | RoboticLinearMovement(#A32_M5, Linear Retract 1 of 2 to storage after picking up CL3M ('c3') from structure., has_traj False)
2022-04-07 10:01:37,864 | itj_planning | INFO | A plan NOT found using nonlinear planning at stage 3 for (seq_n=7) beam b4!
2022-04-07 10:01:37,864 | itj_planning | INFO | Return success: False | runtime of current attempt: 8.5
2022-04-07 10:01:37,880 | itj_planning | INFO | Beam b4 | nonlinear | Trail #39 | time elapsed 547.47
2022-04-07 10:01:40,489 | itj_planning | ERROR | Both start/end confs are pre-specified, problem might be too stiff to be solved.
2022-04-07 10:01:42,188 | itj_planning | ERROR | [33mRoboticLinearMovement(#A33_M2, Linear Approach 2 of 2 to attach CL3M ('c3') to structure., has_traj False) has both start, end conf specified, but no traj computed. This is BAD!![0m
2022-04-07 10:01:42,188 | itj_planning | ERROR | [33mRoboticLinearMovement(#A33_M2, Linear Approach 2 of 2 to attach CL3M ('c3') to structure., has_traj False) has both start, end conf specified, but no traj computed. This is BAD!![0m
2022-04-07 10:01:46,262 | itj_planning | ERROR | Both start/end confs are pre-specified, problem might be too stiff to be solved.
2022-04-07 10:01:46,428 | itj_planning | ERROR | compute_linear_motion: end conf disagreement.
2022-04-07 10:01:46,428 | itj_planning | INFO | No plan found for A32_M5 | RoboticLinearMovement(#A32_M5, Linear Retract 1 of 2 to storage after picking up CL3M ('c3') from structure., has_traj False)
2022-04-07 10:01:46,445 | itj_planning | INFO | A plan NOT found using nonlinear planning at stage 3 for (seq_n=7) beam b4!
2022-04-07 10:01:46,445 | itj_planning | INFO | Return success: False | runtime of current attempt: 8.6
2022-04-07 10:01:46,445 | itj_planning | ERROR | Planning (with restarts) for beam b4 failed: exceeding max solve iteration 40
2022-04-07 10:01:48,373 | itj_planning | INFO | Beam b7 | nonlinear | Trail #0 | time elapsed 0.02
2022-04-07 10:08:44,084 | itj_planning | INFO | Return success: True | runtime of current attempt: 415.7
2022-04-07 10:08:46,304 | itj_planning | INFO | Beam b30 | nonlinear | Trail #0 | time elapsed 0.02
2022-04-07 10:08:49,461 | itj_planning | INFO | Return success: True | runtime of current attempt: 3.2
2022-04-07 10:08:51,706 | itj_planning | INFO | Beam b29 | nonlinear | Trail #0 | time elapsed 0.02
2022-04-07 10:08:54,861 | itj_planning | INFO | Return success: True | runtime of current attempt: 3.1
2022-04-07 10:08:57,135 | itj_planning | INFO | Beam b31 | nonlinear | Trail #0 | time elapsed 0.02
2022-04-07 10:09:00,318 | itj_planning | INFO | Return success: True | runtime of current attempt: 3.2
2022-04-07 10:09:02,455 | itj_planning | INFO | Beam b8 | nonlinear | Trail #0 | time elapsed 0.02
2022-04-07 10:11:35,593 | itj_planning | INFO | No plan found for A56_M0 | RoboticFreeMovement(#A56_M0, Free Move to reach Pickup Approach Frame of Beam ('b8'), has_traj False)
2022-04-07 10:11:35,593 | itj_planning | INFO | A plan NOT found using nonlinear planning at stage 4 for (seq_n=12) beam b8!
2022-04-07 10:11:35,609 | itj_planning | INFO | Return success: False | runtime of current attempt: 153.2
2022-04-07 10:11:35,624 | itj_planning | INFO | Beam b8 | nonlinear | Trail #1 | time elapsed 153.19
2022-04-07 10:14:52,580 | itj_planning | INFO | No plan found for A57_M0 | RoboticFreeMovement(#A57_M0, Free Move to bring Beam ('b8') to approach clamps on structure., has_traj False)
2022-04-07 10:14:52,580 | itj_planning | INFO | A plan NOT found using nonlinear planning at stage 4 for (seq_n=12) beam b8!
2022-04-07 10:14:52,580 | itj_planning | INFO | Return success: False | runtime of current attempt: 197.0
2022-04-07 10:14:52,611 | itj_planning | INFO | Beam b8 | nonlinear | Trail #2 | time elapsed 350.17
2022-04-07 10:15:00,673 | itj_planning | INFO | No plan found for A53_M6 | RoboticLinearMovement(#A53_M6, Linear Retract 2 of 2 to storage after picking up CL3 ('c1') from structure., has_traj False)
2022-04-07 10:15:00,682 | itj_planning | INFO | A plan NOT found using nonlinear planning at stage 3 for (seq_n=12) beam b8!
2022-04-07 10:15:00,682 | itj_planning | INFO | Return success: False | runtime of current attempt: 8.1
2022-04-07 10:15:00,702 | itj_planning | INFO | Beam b8 | nonlinear | Trail #3 | time elapsed 358.26
2022-04-07 10:18:37,380 | itj_planning | INFO | No plan found for A56_M0 | RoboticFreeMovement(#A56_M0, Free Move to reach Pickup Approach Frame of Beam ('b8'), has_traj False)
2022-04-07 10:18:37,380 | itj_planning | INFO | A plan NOT found using nonlinear planning at stage 4 for (seq_n=12) beam b8!
2022-04-07 10:18:37,380 | itj_planning | INFO | Return success: False | runtime of current attempt: 216.7
2022-04-07 10:18:37,395 | itj_planning | INFO | Beam b8 | nonlinear | Trail #4 | time elapsed 574.96
2022-04-07 10:18:38,920 | itj_planning | INFO | No plan found for A57_M1 | RoboticLinearMovement(#A57_M1, Linear Advance to bring Beam ('b8') into clamp jaws, has_traj False)
2022-04-07 10:18:38,920 | itj_planning | INFO | A plan NOT found using nonlinear planning at stage 2 for (seq_n=12) beam b8!
2022-04-07 10:18:38,920 | itj_planning | INFO | Return success: False | runtime of current attempt: 1.5
2022-04-07 10:18:38,935 | itj_planning | INFO | Beam b8 | nonlinear | Trail #5 | time elapsed 576.50
2022-04-07 10:18:44,260 | itj_planning | INFO | No plan found for A53_M6 | RoboticLinearMovement(#A53_M6, Linear Retract 2 of 2 to storage after picking up CL3 ('c1') from structure., has_traj False)
2022-04-07 10:18:44,260 | itj_planning | INFO | A plan NOT found using nonlinear planning at stage 3 for (seq_n=12) beam b8!
2022-04-07 10:18:44,276 | itj_planning | INFO | Return success: False | runtime of current attempt: 5.3
2022-04-07 10:18:44,292 | itj_planning | INFO | Beam b8 | nonlinear | Trail #6 | time elapsed 581.85
2022-04-07 10:18:45,998 | itj_planning | INFO | No plan found for A57_M1 | RoboticLinearMovement(#A57_M1, Linear Advance to bring Beam ('b8') into clamp jaws, has_traj False)
2022-04-07 10:18:45,998 | itj_planning | INFO | A plan NOT found using nonlinear planning at stage 2 for (seq_n=12) beam b8!
2022-04-07 10:18:45,998 | itj_planning | INFO | Return success: False | runtime of current attempt: 1.7
2022-04-07 10:18:46,030 | itj_planning | INFO | Beam b8 | nonlinear | Trail #7 | time elapsed 583.59
2022-04-07 10:29:35,563 | itj_planning | INFO | Return success: True | runtime of current attempt: 649.5
2022-04-07 10:29:37,983 | itj_planning | INFO | Beam b18 | nonlinear | Trail #0 | time elapsed 0.02
2022-04-07 10:29:44,978 | itj_planning | INFO | No plan found for A63_M5 | RoboticLinearMovement(#A63_M5, Linear Retract 1 of 2 to storage after picking up CL3 ('c2') from structure., has_traj False)
2022-04-07 10:29:44,978 | itj_planning | INFO | A plan NOT found using nonlinear planning at stage 3 for (seq_n=13) beam b18!
2022-04-07 10:29:44,978 | itj_planning | INFO | Return success: False | runtime of current attempt: 7.0
2022-04-07 10:29:45,010 | itj_planning | INFO | Beam b18 | nonlinear | Trail #1 | time elapsed 7.04
2022-04-07 10:29:51,787 | itj_planning | INFO | No plan found for A63_M6 | RoboticLinearMovement(#A63_M6, Linear Retract 2 of 2 to storage after picking up CL3 ('c2') from structure., has_traj False)
2022-04-07 10:29:51,803 | itj_planning | INFO | A plan NOT found using nonlinear planning at stage 3 for (seq_n=13) beam b18!
2022-04-07 10:29:51,803 | itj_planning | INFO | Return success: False | runtime of current attempt: 6.8
2022-04-07 10:29:51,819 | itj_planning | INFO | Beam b18 | nonlinear | Trail #2 | time elapsed 13.85
2022-04-07 10:36:01,925 | itj_planning | INFO | Return success: True | runtime of current attempt: 370.1
2022-04-07 10:36:04,462 | itj_planning | INFO | Beam b19 | nonlinear | Trail #0 | time elapsed 0.02
2022-04-07 10:44:08,595 | itj_planning | INFO | Return success: True | runtime of current attempt: 484.1
2022-04-07 10:44:08,611 | itj_planning | INFO | Planning done.
