2022-05-19 14:49:01,865 | itj_planning | INFO | planning.check_states.py started with args: Namespace(debug=True, design_dir='220407_CantiBoxRight', mesh_split_long_edge_max_length=250.0, movement_id='A97_M2', plan_summary=False, problem='CantiBoxRight_process.json', problem_subdir='results', reinit_tool=True, seq_n=None, skip_state_collision_check=False, traj_collision=False, verify_plan=False, viewer=True)
2022-05-19 14:49:12,428 | itj_planning | INFO | Tool TC4_Camera (tool_changer) URDF generated to c:\users\leungp\documents\github\integral_timber_joints\src\integral_timber_joints\planning\data\TC4_Camera\urdf\TC4_Camera.urdf
2022-05-19 14:49:12,522 | itj_planning | INFO | Tool CL3 (c1) URDF generated to c:\users\leungp\documents\github\integral_timber_joints\src\integral_timber_joints\planning\data\c1\urdf\c1.urdf
2022-05-19 14:49:12,600 | itj_planning | INFO | Tool CL3 (c2) URDF generated to c:\users\leungp\documents\github\integral_timber_joints\src\integral_timber_joints\planning\data\c2\urdf\c2.urdf
2022-05-19 14:49:12,756 | itj_planning | INFO | Tool CL3M (c3) URDF generated to c:\users\leungp\documents\github\integral_timber_joints\src\integral_timber_joints\planning\data\c3\urdf\c3.urdf
2022-05-19 14:49:12,835 | itj_planning | INFO | Tool CL3M (c4) URDF generated to c:\users\leungp\documents\github\integral_timber_joints\src\integral_timber_joints\planning\data\c4\urdf\c4.urdf
2022-05-19 14:49:12,929 | itj_planning | INFO | Tool SL1 (s1) URDF generated to c:\users\leungp\documents\github\integral_timber_joints\src\integral_timber_joints\planning\data\s1\urdf\s1.urdf
2022-05-19 14:49:13,023 | itj_planning | INFO | Tool SL1 (s2) URDF generated to c:\users\leungp\documents\github\integral_timber_joints\src\integral_timber_joints\planning\data\s2\urdf\s2.urdf
2022-05-19 14:49:13,116 | itj_planning | INFO | Tool SL1 (s3) URDF generated to c:\users\leungp\documents\github\integral_timber_joints\src\integral_timber_joints\planning\data\s3\urdf\s3.urdf
2022-05-19 14:49:13,194 | itj_planning | INFO | Tool SL1_G200 (s4) URDF generated to c:\users\leungp\documents\github\integral_timber_joints\src\integral_timber_joints\planning\data\s4\urdf\s4.urdf
2022-05-19 14:49:13,288 | itj_planning | INFO | Tool PG500 (g1) URDF generated to c:\users\leungp\documents\github\integral_timber_joints\src\integral_timber_joints\planning\data\g1\urdf\g1.urdf
2022-05-19 14:49:13,390 | itj_planning | INFO | Tool PG1000 (g2) URDF generated to c:\users\leungp\documents\github\integral_timber_joints\src\integral_timber_joints\planning\data\g2\urdf\g2.urdf
2022-05-19 14:49:13,475 | itj_planning | INFO | Tool PG1500 (g3) URDF generated to c:\users\leungp\documents\github\integral_timber_joints\src\integral_timber_joints\planning\data\g3\urdf\g3.urdf
2022-05-19 14:49:13,678 | itj_planning | INFO | [36mChecking for movement #(377) A97_M2[0m
2022-05-19 14:49:15,388 | compas_fab_pychoreo.utils | DEBUG | check_attachment_collisions:
2022-05-19 14:49:48,687 | compas_fab_pychoreo.utils | INFO | ^^^^^^^^^^
2022-05-19 14:49:48,687 | compas_fab_pychoreo.utils | INFO | PychoreoClient scene summary:
2022-05-19 14:49:48,687 | compas_fab_pychoreo.utils | INFO | Collision Objects:
2022-05-19 14:49:48,687 | compas_fab_pychoreo.utils | INFO | 	['e0: [1]', 'e1: [2]', 'e10: [3]', 'e11: [4]', 'e12: [5]', 'e13: [6]', 'e14: [7]', 'e15: [8]', 'e16: [9]', 'e17: [10]', 'e18: [11]', 'e19: [12]', 'e2: [13]', 'e20: [14]', 'e21: [15]', 'e22: [16]', 'e23: [17]', 'e24: [18]', 'e25: [19]', 'e26: [20]', 'e27: [21]', 'e28: [22]', 'e29: [23]', 'e3: [24]', 'e30: [25]', 'e31: [26]', 'e32: [27]', 'e33: [28]', 'e34: [29]', 'e35: [30]', 'e36: [31]', 'e37: [32]', 'e38: [33]', 'e39: [34]', 'e4: [35]', 'e40: [36]', 'e41: [37]', 'e42: [38]', 'e43: [39]', 'e44: [40]', 'e45: [41]', 'e46: [42]', 'e47: [43]', 'e48: [44]', 'e49: [45]', 'e5: [46]', 'e50: [47]', 'e51: [48]', 'e52: [49]', 'e53: [50]', 'e54: [51]', 'e55: [52]', 'e56: [53]', 'e57: [54]', 'e58: [55]', 'e59: [56]', 'e6: [57]', 'e60: [58]', 'e61: [59]', 'e7: [60]', 'e8: [61]', 'e9: [62]', 'b0: [63]', 'b1: [64]', 'b10: [65]', 'b11: [66]', 'b12: [67]', 'b13: [68]', 'b14: [69]', 'b15: [70]', 'b16: [71]', 'b17: [72]', 'b18: [73]', 'b19: [74]', 'b2: [75]', 'b20: [76]', 'b21: [77]', 'b22: [78]', 'b23: [79]', 'b24: [80]', 'b25: [81]', 'b26: [82]', 'b27: [83]', 'b28: [84]', 'b29: [85]', 'b3: [86]', 'b30: [87]', 'b31: [88]', 'b32: [89]', 'b4: [90]', 'b5: [91]', 'b6: [92]', 'b7: [93]', 'b8: [94]', 'b9: [95]', 'c1: [97]', 'c2: [98]', 'c3: [99]', 'c4: [100]', 's1: [101]', 's2: [102]', 's3: [103]', 's4: [104]', 'g1: [105]', 'g2: [106]']
2022-05-19 14:49:48,687 | compas_fab_pychoreo.utils | INFO | Attachments:
2022-05-19 14:49:48,687 | compas_fab_pychoreo.utils | INFO | 	g3: [107]
2022-05-19 14:49:48,687 | compas_fab_pychoreo.utils | INFO | 	tool_changer: [96]
2022-05-19 14:49:48,687 | compas_fab_pychoreo.utils | INFO | Extra disabled collision links:
2022-05-19 14:49:48,687 | compas_fab_pychoreo.utils | INFO | 	g3:
2022-05-19 14:49:48,687 | compas_fab_pychoreo.utils | INFO | 		(tool_changer-None), (g3-None)
2022-05-19 14:49:48,687 | compas_fab_pychoreo.utils | INFO | 		(rfl-robot11_tool0), (g3-None)
2022-05-19 14:49:48,687 | compas_fab_pychoreo.utils | INFO | 	tool_changer:
2022-05-19 14:49:48,687 | compas_fab_pychoreo.utils | INFO | 		(rfl-robot11_link_6), (tool_changer-None)
2022-05-19 14:49:48,687 | compas_fab_pychoreo.utils | INFO | 		(rfl-robot11_tool0), (tool_changer-None)
2022-05-19 14:49:52,044 | itj_planning | WARNING | A97_M2 | Start State in collision.
2022-05-19 14:49:52,968 | compas_fab_pychoreo.utils | DEBUG | check_attachment_collisions:
2022-05-19 14:49:55,338 | compas_fab_pychoreo.utils | INFO | ^^^^^^^^^^
2022-05-19 14:49:55,338 | compas_fab_pychoreo.utils | INFO | PychoreoClient scene summary:
2022-05-19 14:49:55,338 | compas_fab_pychoreo.utils | INFO | Collision Objects:
2022-05-19 14:49:55,338 | compas_fab_pychoreo.utils | INFO | 	['e0: [1]', 'e1: [2]', 'e10: [3]', 'e11: [4]', 'e12: [5]', 'e13: [6]', 'e14: [7]', 'e15: [8]', 'e16: [9]', 'e17: [10]', 'e18: [11]', 'e19: [12]', 'e2: [13]', 'e20: [14]', 'e21: [15]', 'e22: [16]', 'e23: [17]', 'e24: [18]', 'e25: [19]', 'e26: [20]', 'e27: [21]', 'e28: [22]', 'e29: [23]', 'e3: [24]', 'e30: [25]', 'e31: [26]', 'e32: [27]', 'e33: [28]', 'e34: [29]', 'e35: [30]', 'e36: [31]', 'e37: [32]', 'e38: [33]', 'e39: [34]', 'e4: [35]', 'e40: [36]', 'e41: [37]', 'e42: [38]', 'e43: [39]', 'e44: [40]', 'e45: [41]', 'e46: [42]', 'e47: [43]', 'e48: [44]', 'e49: [45]', 'e5: [46]', 'e50: [47]', 'e51: [48]', 'e52: [49]', 'e53: [50]', 'e54: [51]', 'e55: [52]', 'e56: [53]', 'e57: [54]', 'e58: [55]', 'e59: [56]', 'e6: [57]', 'e60: [58]', 'e61: [59]', 'e7: [60]', 'e8: [61]', 'e9: [62]', 'b0: [63]', 'b1: [64]', 'b10: [65]', 'b11: [66]', 'b12: [67]', 'b13: [68]', 'b14: [69]', 'b15: [70]', 'b16: [71]', 'b17: [72]', 'b18: [73]', 'b19: [74]', 'b2: [75]', 'b20: [76]', 'b21: [77]', 'b22: [78]', 'b23: [79]', 'b24: [80]', 'b25: [81]', 'b26: [82]', 'b27: [83]', 'b28: [84]', 'b29: [85]', 'b3: [86]', 'b30: [87]', 'b31: [88]', 'b32: [89]', 'b4: [90]', 'b5: [91]', 'b6: [92]', 'b7: [93]', 'b8: [94]', 'b9: [95]', 'c1: [97]', 'c2: [98]', 'c3: [99]', 'c4: [100]', 's1: [101]', 's2: [102]', 's3: [103]', 's4: [104]', 'g1: [105]', 'g2: [106]']
2022-05-19 14:49:55,338 | compas_fab_pychoreo.utils | INFO | Attachments:
2022-05-19 14:49:55,338 | compas_fab_pychoreo.utils | INFO | 	g3: [107]
2022-05-19 14:49:55,338 | compas_fab_pychoreo.utils | INFO | 	tool_changer: [96]
2022-05-19 14:49:55,338 | compas_fab_pychoreo.utils | INFO | Extra disabled collision links:
2022-05-19 14:49:55,338 | compas_fab_pychoreo.utils | INFO | 	g3:
2022-05-19 14:49:55,338 | compas_fab_pychoreo.utils | INFO | 		(tool_changer-None), (g3-None)
2022-05-19 14:49:55,338 | compas_fab_pychoreo.utils | INFO | 		(rfl-robot11_tool0), (g3-None)
2022-05-19 14:49:55,338 | compas_fab_pychoreo.utils | INFO | 	tool_changer:
2022-05-19 14:49:55,338 | compas_fab_pychoreo.utils | INFO | 		(rfl-robot11_link_6), (tool_changer-None)
2022-05-19 14:49:55,338 | compas_fab_pychoreo.utils | INFO | 		(rfl-robot11_tool0), (tool_changer-None)
2022-05-19 14:49:56,836 | itj_planning | WARNING | A97_M2 | End State in collision.
2022-05-19 14:49:56,836 | itj_planning | WARNING | Movements that requires care and love:
2022-05-19 14:49:56,836 | itj_planning | INFO | (MovementIndex=377) RoboticLinearMovement(#A97_M2, Linear retract of Gripper from Beam ('b8'), has_traj False): start_state_in_collision, end_state_in_collision
2022-05-19 14:50:05,382 | itj_planning | INFO | planning.check_states.py started with args: Namespace(debug=False, design_dir='220407_CantiBoxRight', mesh_split_long_edge_max_length=250.0, movement_id=None, plan_summary=False, problem='CantiBoxRight_process.json', problem_subdir='results', reinit_tool=True, seq_n=None, skip_state_collision_check=False, traj_collision=False, verify_plan=False, viewer=False)
2022-05-19 14:50:07,602 | itj_planning | INFO | Tool TC4_Camera (tool_changer) URDF generated to c:\users\leungp\documents\github\integral_timber_joints\src\integral_timber_joints\planning\data\TC4_Camera\urdf\TC4_Camera.urdf
2022-05-19 14:50:07,680 | itj_planning | INFO | Tool CL3 (c1) URDF generated to c:\users\leungp\documents\github\integral_timber_joints\src\integral_timber_joints\planning\data\c1\urdf\c1.urdf
2022-05-19 14:50:07,758 | itj_planning | INFO | Tool CL3 (c2) URDF generated to c:\users\leungp\documents\github\integral_timber_joints\src\integral_timber_joints\planning\data\c2\urdf\c2.urdf
2022-05-19 14:50:07,884 | itj_planning | INFO | Tool CL3M (c3) URDF generated to c:\users\leungp\documents\github\integral_timber_joints\src\integral_timber_joints\planning\data\c3\urdf\c3.urdf
2022-05-19 14:50:07,963 | itj_planning | INFO | Tool CL3M (c4) URDF generated to c:\users\leungp\documents\github\integral_timber_joints\src\integral_timber_joints\planning\data\c4\urdf\c4.urdf
2022-05-19 14:50:08,025 | itj_planning | INFO | Tool SL1 (s1) URDF generated to c:\users\leungp\documents\github\integral_timber_joints\src\integral_timber_joints\planning\data\s1\urdf\s1.urdf
2022-05-19 14:50:08,103 | itj_planning | INFO | Tool SL1 (s2) URDF generated to c:\users\leungp\documents\github\integral_timber_joints\src\integral_timber_joints\planning\data\s2\urdf\s2.urdf
2022-05-19 14:50:08,166 | itj_planning | INFO | Tool SL1 (s3) URDF generated to c:\users\leungp\documents\github\integral_timber_joints\src\integral_timber_joints\planning\data\s3\urdf\s3.urdf
2022-05-19 14:50:08,228 | itj_planning | INFO | Tool SL1_G200 (s4) URDF generated to c:\users\leungp\documents\github\integral_timber_joints\src\integral_timber_joints\planning\data\s4\urdf\s4.urdf
2022-05-19 14:50:08,306 | itj_planning | INFO | Tool PG500 (g1) URDF generated to c:\users\leungp\documents\github\integral_timber_joints\src\integral_timber_joints\planning\data\g1\urdf\g1.urdf
2022-05-19 14:50:08,402 | itj_planning | INFO | Tool PG1000 (g2) URDF generated to c:\users\leungp\documents\github\integral_timber_joints\src\integral_timber_joints\planning\data\g2\urdf\g2.urdf
2022-05-19 14:50:08,480 | itj_planning | INFO | Tool PG1500 (g3) URDF generated to c:\users\leungp\documents\github\integral_timber_joints\src\integral_timber_joints\planning\data\g3\urdf\g3.urdf
2022-05-19 14:50:08,652 | itj_planning | INFO | [36mChecking for beam ['b0', 'b1', 'b2', 'b24', 'b25', 'b23', 'b3', 'b21', 'b22', 'b20', 'b4', 'b5', 'b6', 'b29', 'b30', 'b32', 'b31', 'b8', 'b26', 'b28', 'b27', 'b12', 'b13', 'b7', 'b9', 'b10', 'b11', 'b14', 'b15', 'b16', 'b17', 'b18', 'b19'][0m
2022-05-19 14:50:33,086 | compas_fab_pychoreo.utils | DEBUG | check_attachment_collisions:
2022-05-19 14:50:33,086 | itj_planning | WARNING | A97_M2 | Start State in collision.
2022-05-19 14:50:33,117 | compas_fab_pychoreo.utils | DEBUG | check_attachment_collisions:
2022-05-19 14:50:33,117 | itj_planning | WARNING | A97_M2 | End State in collision.
2022-05-19 14:50:33,158 | compas_fab_pychoreo.utils | DEBUG | check_attachment_collisions:
2022-05-19 14:50:33,158 | itj_planning | WARNING | A98_M0 | Start State in collision.
2022-05-19 14:51:06,119 | itj_planning | WARNING | A196_M1 | End State in collision.
2022-05-19 14:51:06,293 | itj_planning | WARNING | A196_M4 | Start State in collision.
2022-05-19 14:51:09,252 | itj_planning | WARNING | A205_M2 | End State in collision.
2022-05-19 14:51:09,408 | itj_planning | WARNING | A205_M5 | Start State in collision.
2022-05-19 14:51:35,783 | itj_planning | WARNING | Movements that requires care and love:
2022-05-19 14:51:35,783 | itj_planning | INFO | (MovementIndex=377) RoboticLinearMovement(#A97_M2, Linear retract of Gripper from Beam ('b8'), has_traj False): start_state_in_collision, end_state_in_collision
2022-05-19 14:51:35,783 | itj_planning | INFO | (MovementIndex=378) RoboticFreeMovement(#A98_M0, Free Move to reach Storage Approach Frame of PG1500 ('g3'), to place tool in storage., has_traj False): start_state_in_collision
2022-05-19 14:51:35,783 | itj_planning | INFO | (MovementIndex=840) RoboticLinearMovement(#A196_M1, Toolchanger Advance to dock with CL3M ('c4')., has_traj False): end_state_in_collision
2022-05-19 14:51:35,783 | itj_planning | INFO | (MovementIndex=843) RoboticLinearMovement(#A196_M4, Linear Retract 1 from Storage Frame of CL3M ('c4')., has_traj False): start_state_in_collision
2022-05-19 14:51:35,783 | itj_planning | INFO | (MovementIndex=882) RoboticLinearMovement(#A205_M2, Linear Advance 2 to Storage Frame of CL3M ('c4')., has_traj False): end_state_in_collision
2022-05-19 14:51:35,783 | itj_planning | INFO | (MovementIndex=885) RoboticLinearMovement(#A205_M5, Linear Retract after placing CL3M ('c4') in storage, has_traj False): start_state_in_collision
2022-05-19 15:07:33,840 | itj_planning | INFO | planning.check_states.py started with args: Namespace(debug=True, design_dir='220407_CantiBoxRight', mesh_split_long_edge_max_length=250.0, movement_id='A196_M1', plan_summary=False, problem='CantiBoxRight_process.json', problem_subdir='results', reinit_tool=True, seq_n=None, skip_state_collision_check=False, traj_collision=False, verify_plan=False, viewer=True)
2022-05-19 15:07:44,548 | itj_planning | INFO | Tool TC4_Camera (tool_changer) URDF generated to c:\users\leungp\documents\github\integral_timber_joints\src\integral_timber_joints\planning\data\TC4_Camera\urdf\TC4_Camera.urdf
2022-05-19 15:07:44,636 | itj_planning | INFO | Tool CL3 (c1) URDF generated to c:\users\leungp\documents\github\integral_timber_joints\src\integral_timber_joints\planning\data\c1\urdf\c1.urdf
2022-05-19 15:07:44,720 | itj_planning | INFO | Tool CL3 (c2) URDF generated to c:\users\leungp\documents\github\integral_timber_joints\src\integral_timber_joints\planning\data\c2\urdf\c2.urdf
2022-05-19 15:07:44,852 | itj_planning | INFO | Tool CL3M (c3) URDF generated to c:\users\leungp\documents\github\integral_timber_joints\src\integral_timber_joints\planning\data\c3\urdf\c3.urdf
2022-05-19 15:07:44,945 | itj_planning | INFO | Tool CL3M (c4) URDF generated to c:\users\leungp\documents\github\integral_timber_joints\src\integral_timber_joints\planning\data\c4\urdf\c4.urdf
2022-05-19 15:07:45,039 | itj_planning | INFO | Tool SL1 (s1) URDF generated to c:\users\leungp\documents\github\integral_timber_joints\src\integral_timber_joints\planning\data\s1\urdf\s1.urdf
2022-05-19 15:07:45,117 | itj_planning | INFO | Tool SL1 (s2) URDF generated to c:\users\leungp\documents\github\integral_timber_joints\src\integral_timber_joints\planning\data\s2\urdf\s2.urdf
2022-05-19 15:07:45,195 | itj_planning | INFO | Tool SL1 (s3) URDF generated to c:\users\leungp\documents\github\integral_timber_joints\src\integral_timber_joints\planning\data\s3\urdf\s3.urdf
2022-05-19 15:07:45,289 | itj_planning | INFO | Tool SL1_G200 (s4) URDF generated to c:\users\leungp\documents\github\integral_timber_joints\src\integral_timber_joints\planning\data\s4\urdf\s4.urdf
2022-05-19 15:07:45,385 | itj_planning | INFO | Tool PG500 (g1) URDF generated to c:\users\leungp\documents\github\integral_timber_joints\src\integral_timber_joints\planning\data\g1\urdf\g1.urdf
2022-05-19 15:07:45,463 | itj_planning | INFO | Tool PG1000 (g2) URDF generated to c:\users\leungp\documents\github\integral_timber_joints\src\integral_timber_joints\planning\data\g2\urdf\g2.urdf
2022-05-19 15:07:45,573 | itj_planning | INFO | Tool PG1500 (g3) URDF generated to c:\users\leungp\documents\github\integral_timber_joints\src\integral_timber_joints\planning\data\g3\urdf\g3.urdf
2022-05-19 15:07:45,778 | itj_planning | INFO | [36mChecking for movement #(840) A196_M1[0m
2022-05-19 15:11:29,619 | itj_planning | INFO | planning.check_states.py started with args: Namespace(debug=True, design_dir='220407_CantiBoxRight', mesh_split_long_edge_max_length=250.0, movement_id='A205_M2', plan_summary=False, problem='CantiBoxRight_process.json', problem_subdir='results', reinit_tool=True, seq_n=None, skip_state_collision_check=False, traj_collision=False, verify_plan=False, viewer=True)
2022-05-19 15:11:40,259 | itj_planning | INFO | Tool TC4_Camera (tool_changer) URDF generated to c:\users\leungp\documents\github\integral_timber_joints\src\integral_timber_joints\planning\data\TC4_Camera\urdf\TC4_Camera.urdf
2022-05-19 15:11:40,368 | itj_planning | INFO | Tool CL3 (c1) URDF generated to c:\users\leungp\documents\github\integral_timber_joints\src\integral_timber_joints\planning\data\c1\urdf\c1.urdf
2022-05-19 15:11:40,462 | itj_planning | INFO | Tool CL3 (c2) URDF generated to c:\users\leungp\documents\github\integral_timber_joints\src\integral_timber_joints\planning\data\c2\urdf\c2.urdf
2022-05-19 15:11:40,587 | itj_planning | INFO | Tool CL3M (c3) URDF generated to c:\users\leungp\documents\github\integral_timber_joints\src\integral_timber_joints\planning\data\c3\urdf\c3.urdf
2022-05-19 15:11:40,681 | itj_planning | INFO | Tool CL3M (c4) URDF generated to c:\users\leungp\documents\github\integral_timber_joints\src\integral_timber_joints\planning\data\c4\urdf\c4.urdf
2022-05-19 15:11:40,762 | itj_planning | INFO | Tool SL1 (s1) URDF generated to c:\users\leungp\documents\github\integral_timber_joints\src\integral_timber_joints\planning\data\s1\urdf\s1.urdf
2022-05-19 15:11:40,841 | itj_planning | INFO | Tool SL1 (s2) URDF generated to c:\users\leungp\documents\github\integral_timber_joints\src\integral_timber_joints\planning\data\s2\urdf\s2.urdf
2022-05-19 15:11:40,919 | itj_planning | INFO | Tool SL1 (s3) URDF generated to c:\users\leungp\documents\github\integral_timber_joints\src\integral_timber_joints\planning\data\s3\urdf\s3.urdf
2022-05-19 15:11:41,013 | itj_planning | INFO | Tool SL1_G200 (s4) URDF generated to c:\users\leungp\documents\github\integral_timber_joints\src\integral_timber_joints\planning\data\s4\urdf\s4.urdf
2022-05-19 15:11:41,106 | itj_planning | INFO | Tool PG500 (g1) URDF generated to c:\users\leungp\documents\github\integral_timber_joints\src\integral_timber_joints\planning\data\g1\urdf\g1.urdf
2022-05-19 15:11:41,200 | itj_planning | INFO | Tool PG1000 (g2) URDF generated to c:\users\leungp\documents\github\integral_timber_joints\src\integral_timber_joints\planning\data\g2\urdf\g2.urdf
2022-05-19 15:11:41,310 | itj_planning | INFO | Tool PG1500 (g3) URDF generated to c:\users\leungp\documents\github\integral_timber_joints\src\integral_timber_joints\planning\data\g3\urdf\g3.urdf
2022-05-19 15:11:41,513 | itj_planning | INFO | [36mChecking for movement #(882) A205_M2[0m
2022-05-19 15:23:39,007 | itj_planning | INFO | planning.check_states.py started with args: Namespace(debug=False, design_dir='220407_CantiBoxRight', mesh_split_long_edge_max_length=250.0, movement_id=None, plan_summary=False, problem='CantiBoxRight_process.json', problem_subdir='results', reinit_tool=True, seq_n=None, skip_state_collision_check=False, traj_collision=False, verify_plan=False, viewer=False)
2022-05-19 15:23:41,483 | itj_planning | INFO | Tool TC4_Camera (tool_changer) URDF generated to c:\users\leungp\documents\github\integral_timber_joints\src\integral_timber_joints\planning\data\TC4_Camera\urdf\TC4_Camera.urdf
2022-05-19 15:23:41,551 | itj_planning | INFO | Tool CL3 (c1) URDF generated to c:\users\leungp\documents\github\integral_timber_joints\src\integral_timber_joints\planning\data\c1\urdf\c1.urdf
2022-05-19 15:23:41,630 | itj_planning | INFO | Tool CL3 (c2) URDF generated to c:\users\leungp\documents\github\integral_timber_joints\src\integral_timber_joints\planning\data\c2\urdf\c2.urdf
2022-05-19 15:23:41,765 | itj_planning | INFO | Tool CL3M (c3) URDF generated to c:\users\leungp\documents\github\integral_timber_joints\src\integral_timber_joints\planning\data\c3\urdf\c3.urdf
2022-05-19 15:23:41,833 | itj_planning | INFO | Tool CL3M (c4) URDF generated to c:\users\leungp\documents\github\integral_timber_joints\src\integral_timber_joints\planning\data\c4\urdf\c4.urdf
2022-05-19 15:23:41,918 | itj_planning | INFO | Tool SL1 (s1) URDF generated to c:\users\leungp\documents\github\integral_timber_joints\src\integral_timber_joints\planning\data\s1\urdf\s1.urdf
2022-05-19 15:23:41,986 | itj_planning | INFO | Tool SL1 (s2) URDF generated to c:\users\leungp\documents\github\integral_timber_joints\src\integral_timber_joints\planning\data\s2\urdf\s2.urdf
2022-05-19 15:23:42,064 | itj_planning | INFO | Tool SL1 (s3) URDF generated to c:\users\leungp\documents\github\integral_timber_joints\src\integral_timber_joints\planning\data\s3\urdf\s3.urdf
2022-05-19 15:23:42,134 | itj_planning | INFO | Tool SL1_G200 (s4) URDF generated to c:\users\leungp\documents\github\integral_timber_joints\src\integral_timber_joints\planning\data\s4\urdf\s4.urdf
2022-05-19 15:23:42,217 | itj_planning | INFO | Tool PG500 (g1) URDF generated to c:\users\leungp\documents\github\integral_timber_joints\src\integral_timber_joints\planning\data\g1\urdf\g1.urdf
2022-05-19 15:23:42,299 | itj_planning | INFO | Tool PG1000 (g2) URDF generated to c:\users\leungp\documents\github\integral_timber_joints\src\integral_timber_joints\planning\data\g2\urdf\g2.urdf
2022-05-19 15:23:42,398 | itj_planning | INFO | Tool PG1500 (g3) URDF generated to c:\users\leungp\documents\github\integral_timber_joints\src\integral_timber_joints\planning\data\g3\urdf\g3.urdf
2022-05-19 15:23:42,601 | itj_planning | INFO | [36mChecking for beam ['b0', 'b1', 'b2', 'b24', 'b25', 'b23', 'b3', 'b21', 'b22', 'b20', 'b4', 'b5', 'b6', 'b29', 'b30', 'b32', 'b31', 'b8', 'b26', 'b28', 'b27', 'b12', 'b13', 'b7', 'b9', 'b10', 'b11', 'b14', 'b15', 'b16', 'b17', 'b18', 'b19'][0m
2022-05-19 15:24:09,440 | compas_fab_pychoreo.utils | DEBUG | check_attachment_collisions:
2022-05-19 15:24:09,440 | itj_planning | WARNING | A97_M2 | Start State in collision.
2022-05-19 15:24:09,459 | compas_fab_pychoreo.utils | DEBUG | check_attachment_collisions:
2022-05-19 15:24:09,459 | itj_planning | WARNING | A97_M2 | End State in collision.
2022-05-19 15:24:09,508 | compas_fab_pychoreo.utils | DEBUG | check_attachment_collisions:
2022-05-19 15:24:09,508 | itj_planning | WARNING | A98_M0 | Start State in collision.
2022-05-19 15:24:44,919 | itj_planning | WARNING | A196_M1 | End State in collision.
2022-05-19 15:24:45,120 | itj_planning | WARNING | A196_M4 | Start State in collision.
2022-05-19 15:24:48,306 | itj_planning | WARNING | A205_M2 | End State in collision.
2022-05-19 15:24:48,477 | itj_planning | WARNING | A205_M5 | Start State in collision.
2022-05-19 15:25:17,130 | itj_planning | WARNING | Movements that requires care and love:
2022-05-19 15:25:17,130 | itj_planning | INFO | (MovementIndex=377) RoboticLinearMovement(#A97_M2, Linear retract of Gripper from Beam ('b8'), has_traj False): start_state_in_collision, end_state_in_collision
2022-05-19 15:25:17,130 | itj_planning | INFO | (MovementIndex=378) RoboticFreeMovement(#A98_M0, Free Move to reach Storage Approach Frame of PG1500 ('g3'), to place tool in storage., has_traj False): start_state_in_collision
2022-05-19 15:25:17,130 | itj_planning | INFO | (MovementIndex=840) RoboticLinearMovement(#A196_M1, Toolchanger Advance to dock with CL3M ('c4')., has_traj False): end_state_in_collision
2022-05-19 15:25:17,130 | itj_planning | INFO | (MovementIndex=843) RoboticLinearMovement(#A196_M4, Linear Retract 1 from Storage Frame of CL3M ('c4')., has_traj False): start_state_in_collision
2022-05-19 15:25:17,146 | itj_planning | INFO | (MovementIndex=882) RoboticLinearMovement(#A205_M2, Linear Advance 2 to Storage Frame of CL3M ('c4')., has_traj False): end_state_in_collision
2022-05-19 15:25:17,146 | itj_planning | INFO | (MovementIndex=885) RoboticLinearMovement(#A205_M5, Linear Retract after placing CL3M ('c4') in storage, has_traj False): start_state_in_collision
2022-05-19 15:27:36,621 | itj_planning | INFO | planning.check_states.py started with args: Namespace(debug=False, design_dir='220407_CantiBoxRight', mesh_split_long_edge_max_length=250.0, movement_id=None, plan_summary=False, problem='CantiBoxRight_process.json', problem_subdir='results', reinit_tool=True, seq_n=None, skip_state_collision_check=False, traj_collision=False, verify_plan=False, viewer=False)
2022-05-19 15:27:39,221 | itj_planning | INFO | Tool TC4_Camera (tool_changer) URDF generated to c:\users\leungp\documents\github\integral_timber_joints\src\integral_timber_joints\planning\data\TC4_Camera\urdf\TC4_Camera.urdf
2022-05-19 15:27:39,296 | itj_planning | INFO | Tool CL3 (c1) URDF generated to c:\users\leungp\documents\github\integral_timber_joints\src\integral_timber_joints\planning\data\c1\urdf\c1.urdf
2022-05-19 15:27:39,380 | itj_planning | INFO | Tool CL3 (c2) URDF generated to c:\users\leungp\documents\github\integral_timber_joints\src\integral_timber_joints\planning\data\c2\urdf\c2.urdf
2022-05-19 15:27:39,513 | itj_planning | INFO | Tool CL3M (c3) URDF generated to c:\users\leungp\documents\github\integral_timber_joints\src\integral_timber_joints\planning\data\c3\urdf\c3.urdf
2022-05-19 15:27:39,601 | itj_planning | INFO | Tool CL3M (c4) URDF generated to c:\users\leungp\documents\github\integral_timber_joints\src\integral_timber_joints\planning\data\c4\urdf\c4.urdf
2022-05-19 15:27:39,679 | itj_planning | INFO | Tool SL1 (s1) URDF generated to c:\users\leungp\documents\github\integral_timber_joints\src\integral_timber_joints\planning\data\s1\urdf\s1.urdf
2022-05-19 15:27:39,755 | itj_planning | INFO | Tool SL1 (s2) URDF generated to c:\users\leungp\documents\github\integral_timber_joints\src\integral_timber_joints\planning\data\s2\urdf\s2.urdf
2022-05-19 15:27:39,828 | itj_planning | INFO | Tool SL1 (s3) URDF generated to c:\users\leungp\documents\github\integral_timber_joints\src\integral_timber_joints\planning\data\s3\urdf\s3.urdf
2022-05-19 15:27:39,901 | itj_planning | INFO | Tool SL1_G200 (s4) URDF generated to c:\users\leungp\documents\github\integral_timber_joints\src\integral_timber_joints\planning\data\s4\urdf\s4.urdf
2022-05-19 15:27:39,981 | itj_planning | INFO | Tool PG500 (g1) URDF generated to c:\users\leungp\documents\github\integral_timber_joints\src\integral_timber_joints\planning\data\g1\urdf\g1.urdf
2022-05-19 15:27:40,069 | itj_planning | INFO | Tool PG1000 (g2) URDF generated to c:\users\leungp\documents\github\integral_timber_joints\src\integral_timber_joints\planning\data\g2\urdf\g2.urdf
2022-05-19 15:27:40,158 | itj_planning | INFO | Tool PG1500 (g3) URDF generated to c:\users\leungp\documents\github\integral_timber_joints\src\integral_timber_joints\planning\data\g3\urdf\g3.urdf
2022-05-19 15:27:40,331 | itj_planning | INFO | [36mChecking for beam ['b0', 'b1', 'b2', 'b24', 'b25', 'b23', 'b3', 'b21', 'b22', 'b20', 'b4', 'b5', 'b6', 'b29', 'b30', 'b32', 'b31', 'b8', 'b26', 'b28', 'b27', 'b12', 'b13', 'b7', 'b9', 'b10', 'b11', 'b14', 'b15', 'b16', 'b17', 'b18', 'b19'][0m
2022-05-19 15:28:06,342 | compas_fab_pychoreo.utils | DEBUG | check_attachment_collisions:
2022-05-19 15:28:06,343 | itj_planning | WARNING | A97_M2 | Start State in collision.
2022-05-19 15:28:06,367 | compas_fab_pychoreo.utils | DEBUG | check_attachment_collisions:
2022-05-19 15:28:06,367 | itj_planning | WARNING | A97_M2 | End State in collision.
2022-05-19 15:28:06,424 | compas_fab_pychoreo.utils | DEBUG | check_attachment_collisions:
2022-05-19 15:28:06,424 | itj_planning | WARNING | A98_M0 | Start State in collision.
2022-05-19 15:28:42,305 | itj_planning | WARNING | A196_M1 | End State in collision.
2022-05-19 15:28:42,477 | itj_planning | WARNING | A196_M4 | Start State in collision.
2022-05-19 15:28:45,640 | itj_planning | WARNING | A205_M2 | End State in collision.
2022-05-19 15:28:45,829 | itj_planning | WARNING | A205_M5 | Start State in collision.
2022-05-19 15:29:14,479 | itj_planning | WARNING | Movements that requires care and love:
2022-05-19 15:29:14,479 | itj_planning | INFO | (MovementIndex=377) RoboticLinearMovement(#A97_M2, Linear retract of Gripper from Beam ('b8'), has_traj False): start_state_in_collision, end_state_in_collision
2022-05-19 15:29:14,479 | itj_planning | INFO | (MovementIndex=378) RoboticFreeMovement(#A98_M0, Free Move to reach Storage Approach Frame of PG1500 ('g3'), to place tool in storage., has_traj False): start_state_in_collision
2022-05-19 15:29:14,479 | itj_planning | INFO | (MovementIndex=840) RoboticLinearMovement(#A196_M1, Toolchanger Advance to dock with CL3M ('c4')., has_traj False): end_state_in_collision
2022-05-19 15:29:14,479 | itj_planning | INFO | (MovementIndex=843) RoboticLinearMovement(#A196_M4, Linear Retract 1 from Storage Frame of CL3M ('c4')., has_traj False): start_state_in_collision
2022-05-19 15:29:14,479 | itj_planning | INFO | (MovementIndex=882) RoboticLinearMovement(#A205_M2, Linear Advance 2 to Storage Frame of CL3M ('c4')., has_traj False): end_state_in_collision
2022-05-19 15:29:14,479 | itj_planning | INFO | (MovementIndex=885) RoboticLinearMovement(#A205_M5, Linear Retract after placing CL3M ('c4') in storage, has_traj False): start_state_in_collision
2022-05-19 15:30:28,208 | itj_planning | INFO | planning.check_states.py started with args: Namespace(debug=False, design_dir='220407_CantiBoxRight', mesh_split_long_edge_max_length=250.0, movement_id=None, plan_summary=False, problem='CantiBoxRight_process.json', problem_subdir='results', reinit_tool=True, seq_n=None, skip_state_collision_check=False, traj_collision=False, verify_plan=False, viewer=False)
2022-05-19 15:30:28,208 | itj_planning | WARNING | No process file found, using the original one.
2022-05-19 15:30:30,741 | itj_planning | INFO | Tool TC4_Camera (tool_changer) URDF generated to c:\users\leungp\documents\github\integral_timber_joints\src\integral_timber_joints\planning\data\TC4_Camera\urdf\TC4_Camera.urdf
2022-05-19 15:30:30,802 | itj_planning | INFO | Tool CL3 (c1) URDF generated to c:\users\leungp\documents\github\integral_timber_joints\src\integral_timber_joints\planning\data\c1\urdf\c1.urdf
2022-05-19 15:30:30,882 | itj_planning | INFO | Tool CL3 (c2) URDF generated to c:\users\leungp\documents\github\integral_timber_joints\src\integral_timber_joints\planning\data\c2\urdf\c2.urdf
2022-05-19 15:30:30,975 | itj_planning | INFO | Tool CL3M (c3) URDF generated to c:\users\leungp\documents\github\integral_timber_joints\src\integral_timber_joints\planning\data\c3\urdf\c3.urdf
2022-05-19 15:30:31,053 | itj_planning | INFO | Tool CL3M (c4) URDF generated to c:\users\leungp\documents\github\integral_timber_joints\src\integral_timber_joints\planning\data\c4\urdf\c4.urdf
2022-05-19 15:30:31,120 | itj_planning | INFO | Tool SL1 (s1) URDF generated to c:\users\leungp\documents\github\integral_timber_joints\src\integral_timber_joints\planning\data\s1\urdf\s1.urdf
2022-05-19 15:30:31,201 | itj_planning | INFO | Tool SL1 (s2) URDF generated to c:\users\leungp\documents\github\integral_timber_joints\src\integral_timber_joints\planning\data\s2\urdf\s2.urdf
2022-05-19 15:30:31,310 | itj_planning | INFO | Tool SL1 (s3) URDF generated to c:\users\leungp\documents\github\integral_timber_joints\src\integral_timber_joints\planning\data\s3\urdf\s3.urdf
2022-05-19 15:30:31,373 | itj_planning | INFO | Tool SL1_G200 (s4) URDF generated to c:\users\leungp\documents\github\integral_timber_joints\src\integral_timber_joints\planning\data\s4\urdf\s4.urdf
2022-05-19 15:30:31,454 | itj_planning | INFO | Tool PG500 (g1) URDF generated to c:\users\leungp\documents\github\integral_timber_joints\src\integral_timber_joints\planning\data\g1\urdf\g1.urdf
2022-05-19 15:30:31,548 | itj_planning | INFO | Tool PG1000 (g2) URDF generated to c:\users\leungp\documents\github\integral_timber_joints\src\integral_timber_joints\planning\data\g2\urdf\g2.urdf
2022-05-19 15:30:31,641 | itj_planning | INFO | Tool PG1500 (g3) URDF generated to c:\users\leungp\documents\github\integral_timber_joints\src\integral_timber_joints\planning\data\g3\urdf\g3.urdf
2022-05-19 15:30:31,845 | itj_planning | INFO | [36mChecking for beam ['b0', 'b1', 'b2', 'b24', 'b25', 'b23', 'b3', 'b21', 'b22', 'b20', 'b4', 'b5', 'b6', 'b29', 'b30', 'b32', 'b31', 'b8', 'b26', 'b28', 'b27', 'b12', 'b13', 'b7', 'b9', 'b10', 'b11', 'b14', 'b15', 'b16', 'b17', 'b18', 'b19'][0m
2022-05-19 15:31:59,795 | itj_planning | INFO | Congrats, check state done!
2022-05-24 00:29:36,377 | itj_planning | INFO | planning.check_states.py started with args: Namespace(debug=False, design_dir='220407_CantiBoxRight', mesh_split_long_edge_max_length=250.0, movement_id=None, plan_summary=False, problem='CantiBoxRight_process.json', problem_subdir='results', reinit_tool=False, seq_n=None, skip_state_collision_check=False, traj_collision=False, verify_plan=False, viewer=False)
2022-05-24 00:29:36,378 | itj_planning | INFO | Process file loaded from main problem folder: d:\code_ws\integral_timber_joints\external\itj_design_study\220407_CantiBoxRight\CantiBoxRight_process.json
2022-05-24 00:29:40,101 | itj_planning | INFO | [36mChecking for beam ['b0', 'b1', 'b2', 'b24', 'b25', 'b23', 'b3', 'b21', 'b22', 'b20', 'b4', 'b5', 'b6', 'b29', 'b30', 'b32', 'b31', 'b8', 'b26', 'b28', 'b27', 'b12', 'b13', 'b7', 'b9', 'b10', 'b11', 'b14', 'b15', 'b16', 'b17', 'b18', 'b19'][0m
2022-05-24 00:30:46,605 | itj_planning | INFO | Congrats, check state done!
