{
    "attributes": [
        {
            "beam_with_screw_counter": {
                "beam_no_screws": 3, 
                "beam_with_screws": 54
            }, 
            "screw_counter": {
                "SL40_40": 30, 
                "SL60_50": 95
            }, 
            "screw_thickness_counter": {
                "SL40_40 ms_thickness 35.0mm": 5, 
                "SL40_40 ms_thickness 40.0mm": 12, 
                "SL40_40 ms_thickness 50.0mm": 5, 
                "SL40_40 ms_thickness 60.0mm": 8, 
                "SL60_50 ms_thickness 65.0mm": 55, 
                "SL60_50 ms_thickness 70.0mm": 25, 
                "SL60_50 ms_thickness 75.0mm": 5, 
                "SL60_50 ms_thickness 80.0mm": 4, 
                "SL60_50 ms_thickness 85.0mm": 6
            }
        }
    ], 
    "beam_ids": [
        [
            "b0", 
            "b1", 
            "b2", 
            "b3", 
            "b4", 
            "b5", 
            "b6", 
            "b7", 
            "b8", 
            "b9", 
            "b10", 
            "b11", 
            "b12", 
            "b13", 
            "b14", 
            "b15", 
            "b16", 
            "b17", 
            "b18", 
            "b19", 
            "b20", 
            "b21", 
            "b22", 
            "b23", 
            "b24", 
            "b25", 
            "b26", 
            "b27", 
            "b28", 
            "b29", 
            "b30", 
            "b31", 
            "b32", 
            "b33", 
            "b34", 
            "b35", 
            "b36", 
            "b37", 
            "b38", 
            "b39", 
            "b40", 
            "b41", 
            "b42", 
            "b43", 
            "b44", 
            "b45", 
            "b46", 
            "b47", 
            "b48", 
            "b49", 
            "b50", 
            "b51", 
            "b52", 
            "b53", 
            "b54", 
            "b55", 
            "b56"
        ]
    ], 
    "error": [
        {}
    ], 
    "info": [
        {
            "b0": [
                "Beam is not assembled by screws."
            ], 
            "b1": [
                "Beam is not assembled by screws."
            ], 
            "b10": [
                "Joint (('b10', 'b2')) uses Screw: SL40_40 MovingSideThickness: 35.0mm", 
                "Joint (('b10', 'b9')) uses Screw: SL40_40 MovingSideThickness: 35.0mm", 
                "Joint (('b10', 'b8')) uses Screw: SL40_40 MovingSideThickness: 50.0mm"
            ], 
            "b11": [
                "Joint (('b11', 'b1')) uses Screw: SL40_40 MovingSideThickness: 60.0mm"
            ], 
            "b12": [
                "Joint (('b12', 'b11')) uses Screw: SL40_40 MovingSideThickness: 40.0mm", 
                "Joint (('b12', 'b9')) uses Screw: SL40_40 MovingSideThickness: 40.0mm"
            ], 
            "b13": [
                "Joint (('b13', 'b1')) uses Screw: SL40_40 MovingSideThickness: 40.0mm", 
                "Joint (('b13', 'b11')) uses Screw: SL40_40 MovingSideThickness: 40.0mm"
            ], 
            "b14": [
                "Joint (('b14', 'b5')) uses Screw: SL40_40 MovingSideThickness: 60.0mm", 
                "Joint (('b14', 'b6')) uses Screw: SL40_40 MovingSideThickness: 60.0mm", 
                "Joint (('b14', 'b4')) uses Screw: SL40_40 MovingSideThickness: 60.0mm"
            ], 
            "b15": [
                "Joint (('b15', 'b9')) uses Screw: SL40_40 MovingSideThickness: 60.0mm", 
                "Joint (('b15', 'b11')) uses Screw: SL40_40 MovingSideThickness: 60.0mm"
            ], 
            "b16": [
                "Joint (('b16', 'b7')) uses Screw: SL40_40 MovingSideThickness: 40.0mm", 
                "Joint (('b16', 'b14')) uses Screw: SL40_40 MovingSideThickness: 40.0mm"
            ], 
            "b17": [
                "Joint (('b17', 'b7')) uses Screw: SL40_40 MovingSideThickness: 40.0mm", 
                "Joint (('b17', 'b14')) uses Screw: SL40_40 MovingSideThickness: 40.0mm"
            ], 
            "b18": [
                "Joint (('b18', 'b7')) uses Screw: SL40_40 MovingSideThickness: 40.0mm", 
                "Joint (('b18', 'b14')) uses Screw: SL40_40 MovingSideThickness: 40.0mm"
            ], 
            "b19": [
                "Joint (('b19', 'b15')) uses Screw: SL60_50 MovingSideThickness: 80.0mm", 
                "Joint (('b19', 'b14')) uses Screw: SL60_50 MovingSideThickness: 85.0mm"
            ], 
            "b2": [
                "Beam is not assembled by screws."
            ], 
            "b20": [
                "Joint (('b20', 'b15')) uses Screw: SL60_50 MovingSideThickness: 80.0mm", 
                "Joint (('b20', 'b14')) uses Screw: SL60_50 MovingSideThickness: 85.0mm"
            ], 
            "b21": [
                "Joint (('b21', 'b15')) uses Screw: SL60_50 MovingSideThickness: 70.0mm", 
                "Joint (('b21', 'b14')) uses Screw: SL60_50 MovingSideThickness: 75.0mm"
            ], 
            "b22": [
                "Joint (('b22', 'b14')) uses Screw: SL60_50 MovingSideThickness: 70.0mm", 
                "Joint (('b22', 'b15')) uses Screw: SL60_50 MovingSideThickness: 70.0mm"
            ], 
            "b23": [
                "Joint (('b23', 'b14')) uses Screw: SL60_50 MovingSideThickness: 70.0mm", 
                "Joint (('b23', 'b15')) uses Screw: SL60_50 MovingSideThickness: 65.0mm"
            ], 
            "b24": [
                "Joint (('b24', 'b15')) uses Screw: SL60_50 MovingSideThickness: 70.0mm", 
                "Joint (('b24', 'b14')) uses Screw: SL60_50 MovingSideThickness: 75.0mm"
            ], 
            "b25": [
                "Joint (('b25', 'b15')) uses Screw: SL60_50 MovingSideThickness: 80.0mm", 
                "Joint (('b25', 'b14')) uses Screw: SL60_50 MovingSideThickness: 85.0mm"
            ], 
            "b26": [
                "Joint (('b26', 'b15')) uses Screw: SL60_50 MovingSideThickness: 85.0mm", 
                "Joint (('b26', 'b14')) uses Screw: SL60_50 MovingSideThickness: 85.0mm"
            ], 
            "b27": [
                "Joint (('b27', 'b19')) uses Screw: SL60_50 MovingSideThickness: 65.0mm", 
                "Joint (('b27', 'b21')) uses Screw: SL60_50 MovingSideThickness: 65.0mm", 
                "Joint (('b27', 'b20')) uses Screw: SL60_50 MovingSideThickness: 65.0mm"
            ], 
            "b28": [
                "Joint (('b28', 'b23')) uses Screw: SL60_50 MovingSideThickness: 65.0mm", 
                "Joint (('b28', 'b22')) uses Screw: SL60_50 MovingSideThickness: 65.0mm"
            ], 
            "b29": [
                "Joint (('b29', 'b25')) uses Screw: SL60_50 MovingSideThickness: 65.0mm", 
                "Joint (('b29', 'b24')) uses Screw: SL60_50 MovingSideThickness: 65.0mm", 
                "Joint (('b29', 'b26')) uses Screw: SL60_50 MovingSideThickness: 65.0mm"
            ], 
            "b3": [
                "Joint (('b3', 'b0')) uses Screw: SL40_40 MovingSideThickness: 60.0mm"
            ], 
            "b30": [
                "Joint (('b30', 'b19')) uses Screw: SL60_50 MovingSideThickness: 65.0mm", 
                "Joint (('b30', 'b20')) uses Screw: SL60_50 MovingSideThickness: 65.0mm"
            ], 
            "b31": [
                "Joint (('b31', 'b24')) uses Screw: SL60_50 MovingSideThickness: 65.0mm", 
                "Joint (('b31', 'b23')) uses Screw: SL60_50 MovingSideThickness: 65.0mm", 
                "Joint (('b31', 'b22')) uses Screw: SL60_50 MovingSideThickness: 65.0mm", 
                "Joint (('b31', 'b21')) uses Screw: SL60_50 MovingSideThickness: 65.0mm"
            ], 
            "b32": [
                "Joint (('b32', 'b25')) uses Screw: SL60_50 MovingSideThickness: 65.0mm", 
                "Joint (('b32', 'b26')) uses Screw: SL60_50 MovingSideThickness: 65.0mm"
            ], 
            "b33": [
                "Joint (('b33', 'b19')) uses Screw: SL60_50 MovingSideThickness: 65.0mm", 
                "Joint (('b33', 'b21')) uses Screw: SL60_50 MovingSideThickness: 65.0mm", 
                "Joint (('b33', 'b20')) uses Screw: SL60_50 MovingSideThickness: 65.0mm"
            ], 
            "b34": [
                "Joint (('b34', 'b23')) uses Screw: SL60_50 MovingSideThickness: 65.0mm", 
                "Joint (('b34', 'b22')) uses Screw: SL60_50 MovingSideThickness: 65.0mm"
            ], 
            "b35": [
                "Joint (('b35', 'b25')) uses Screw: SL60_50 MovingSideThickness: 65.0mm", 
                "Joint (('b35', 'b24')) uses Screw: SL60_50 MovingSideThickness: 65.0mm", 
                "Joint (('b35', 'b26')) uses Screw: SL60_50 MovingSideThickness: 65.0mm"
            ], 
            "b36": [
                "Joint (('b36', 'b19')) uses Screw: SL60_50 MovingSideThickness: 65.0mm", 
                "Joint (('b36', 'b20')) uses Screw: SL60_50 MovingSideThickness: 65.0mm"
            ], 
            "b37": [
                "Joint (('b37', 'b24')) uses Screw: SL60_50 MovingSideThickness: 65.0mm", 
                "Joint (('b37', 'b23')) uses Screw: SL60_50 MovingSideThickness: 65.0mm", 
                "Joint (('b37', 'b22')) uses Screw: SL60_50 MovingSideThickness: 65.0mm", 
                "Joint (('b37', 'b21')) uses Screw: SL60_50 MovingSideThickness: 65.0mm"
            ], 
            "b38": [
                "Joint (('b38', 'b25')) uses Screw: SL60_50 MovingSideThickness: 65.0mm", 
                "Joint (('b38', 'b26')) uses Screw: SL60_50 MovingSideThickness: 65.0mm"
            ], 
            "b39": [
                "Joint (('b39', 'b19')) uses Screw: SL60_50 MovingSideThickness: 65.0mm", 
                "Joint (('b39', 'b21')) uses Screw: SL60_50 MovingSideThickness: 65.0mm", 
                "Joint (('b39', 'b20')) uses Screw: SL60_50 MovingSideThickness: 65.0mm"
            ], 
            "b4": [
                "Joint (('b4', 'b0')) uses Screw: SL40_40 MovingSideThickness: 50.0mm"
            ], 
            "b40": [
                "Joint (('b40', 'b23')) uses Screw: SL60_50 MovingSideThickness: 65.0mm", 
                "Joint (('b40', 'b22')) uses Screw: SL60_50 MovingSideThickness: 65.0mm"
            ], 
            "b41": [
                "Joint (('b41', 'b25')) uses Screw: SL60_50 MovingSideThickness: 65.0mm", 
                "Joint (('b41', 'b24')) uses Screw: SL60_50 MovingSideThickness: 65.0mm", 
                "Joint (('b41', 'b26')) uses Screw: SL60_50 MovingSideThickness: 65.0mm"
            ], 
            "b42": [
                "Joint (('b42', 'b19')) uses Screw: SL60_50 MovingSideThickness: 70.0mm", 
                "Joint (('b42', 'b20')) uses Screw: SL60_50 MovingSideThickness: 70.0mm"
            ], 
            "b43": [
                "Joint (('b43', 'b24')) uses Screw: SL60_50 MovingSideThickness: 75.0mm", 
                "Joint (('b43', 'b23')) uses Screw: SL60_50 MovingSideThickness: 70.0mm", 
                "Joint (('b43', 'b22')) uses Screw: SL60_50 MovingSideThickness: 65.0mm", 
                "Joint (('b43', 'b21')) uses Screw: SL60_50 MovingSideThickness: 70.0mm"
            ], 
            "b44": [
                "Joint (('b44', 'b25')) uses Screw: SL60_50 MovingSideThickness: 65.0mm", 
                "Joint (('b44', 'b26')) uses Screw: SL40_40 MovingSideThickness: 60.0mm"
            ], 
            "b45": [
                "Joint (('b45', 'b19')) uses Screw: SL60_50 MovingSideThickness: 70.0mm", 
                "Joint (('b45', 'b21')) uses Screw: SL60_50 MovingSideThickness: 85.0mm", 
                "Joint (('b45', 'b20')) uses Screw: SL60_50 MovingSideThickness: 70.0mm"
            ], 
            "b46": [
                "Joint (('b46', 'b23')) uses Screw: SL60_50 MovingSideThickness: 80.0mm", 
                "Joint (('b46', 'b22')) uses Screw: SL60_50 MovingSideThickness: 65.0mm"
            ], 
            "b47": [
                "Joint (('b47', 'b25')) uses Screw: SL60_50 MovingSideThickness: 65.0mm", 
                "Joint (('b47', 'b24')) uses Screw: SL60_50 MovingSideThickness: 70.0mm", 
                "Joint (('b47', 'b26')) uses Screw: SL60_50 MovingSideThickness: 65.0mm"
            ], 
            "b48": [
                "Joint (('b48', 'b19')) uses Screw: SL60_50 MovingSideThickness: 70.0mm", 
                "Joint (('b48', 'b20')) uses Screw: SL60_50 MovingSideThickness: 70.0mm"
            ], 
            "b49": [
                "Joint (('b49', 'b24')) uses Screw: SL60_50 MovingSideThickness: 70.0mm", 
                "Joint (('b49', 'b23')) uses Screw: SL60_50 MovingSideThickness: 70.0mm", 
                "Joint (('b49', 'b22')) uses Screw: SL60_50 MovingSideThickness: 70.0mm", 
                "Joint (('b49', 'b21')) uses Screw: SL60_50 MovingSideThickness: 65.0mm"
            ], 
            "b5": [
                "Joint (('b5', 'b1')) uses Screw: SL40_40 MovingSideThickness: 50.0mm"
            ], 
            "b50": [
                "Joint (('b50', 'b25')) uses Screw: SL60_50 MovingSideThickness: 70.0mm", 
                "Joint (('b50', 'b26')) uses Screw: SL60_50 MovingSideThickness: 65.0mm"
            ], 
            "b51": [
                "Joint (('b51', 'b19')) uses Screw: SL60_50 MovingSideThickness: 70.0mm", 
                "Joint (('b51', 'b21')) uses Screw: SL60_50 MovingSideThickness: 70.0mm", 
                "Joint (('b51', 'b20')) uses Screw: SL60_50 MovingSideThickness: 65.0mm"
            ], 
            "b52": [
                "Joint (('b52', 'b23')) uses Screw: SL60_50 MovingSideThickness: 70.0mm", 
                "Joint (('b52', 'b22')) uses Screw: SL60_50 MovingSideThickness: 70.0mm"
            ], 
            "b53": [
                "Joint (('b53', 'b25')) uses Screw: SL60_50 MovingSideThickness: 65.0mm", 
                "Joint (('b53', 'b24')) uses Screw: SL60_50 MovingSideThickness: 65.0mm", 
                "Joint (('b53', 'b26')) uses Screw: SL60_50 MovingSideThickness: 65.0mm"
            ], 
            "b54": [
                "Joint (('b54', 'b19')) uses Screw: SL60_50 MovingSideThickness: 70.0mm", 
                "Joint (('b54', 'b20')) uses Screw: SL60_50 MovingSideThickness: 65.0mm"
            ], 
            "b55": [
                "Joint (('b55', 'b24')) uses Screw: SL60_50 MovingSideThickness: 70.0mm", 
                "Joint (('b55', 'b23')) uses Screw: SL60_50 MovingSideThickness: 75.0mm", 
                "Joint (('b55', 'b22')) uses Screw: SL60_50 MovingSideThickness: 70.0mm", 
                "Joint (('b55', 'b21')) uses Screw: SL60_50 MovingSideThickness: 75.0mm"
            ], 
            "b56": [
                "Joint (('b56', 'b25')) uses Screw: SL60_50 MovingSideThickness: 65.0mm", 
                "Joint (('b56', 'b26')) uses Screw: SL60_50 MovingSideThickness: 65.0mm"
            ], 
            "b6": [
                "Joint (('b6', 'b2')) uses Screw: SL40_40 MovingSideThickness: 50.0mm"
            ], 
            "b7": [
                "Joint (('b7', 'b5')) uses Screw: SL40_40 MovingSideThickness: 40.0mm", 
                "Joint (('b7', 'b6')) uses Screw: SL40_40 MovingSideThickness: 40.0mm", 
                "Joint (('b7', 'b4')) uses Screw: SL40_40 MovingSideThickness: 35.0mm"
            ], 
            "b8": [
                "Joint (('b8', 'b6')) uses Screw: SL40_40 MovingSideThickness: 35.0mm", 
                "Joint (('b8', 'b2')) uses Screw: SL40_40 MovingSideThickness: 35.0mm"
            ], 
            "b9": [
                "Joint (('b9', 'b2')) uses Screw: SL40_40 MovingSideThickness: 50.0mm"
            ]
        }
    ], 
    "warn": [
        {}
    ]
}